<?xml version="1.0" encoding="UTF-8"?>
<testsuite xmlns:xsi="http://www.w3.org/2001/XMLSchema-instance" xsi:noNamespaceSchemaLocation="https://maven.apache.org/surefire/maven-surefire-plugin/xsd/surefire-test-report.xsd" name="TestSuite" time="62.772" tests="5" errors="0" skipped="0" failures="0">
  <properties>
    <property name="sun.desktop" value="windows"/>
    <property name="awt.toolkit" value="sun.awt.windows.WToolkit"/>
    <property name="java.specification.version" value="11"/>
    <property name="sun.cpu.isalist" value="amd64"/>
    <property name="sun.jnu.encoding" value="Cp1252"/>
    <property name="java.class.path" value="C:\Users\khuang\eclipse-workspace\Gen7_v2\target\test-classes;C:\Users\khuang\eclipse-workspace\Gen7_v2\target\classes;C:\Users\khuang\eclipse-workspace\Maven\repositary\org\seleniumhq\selenium\selenium-java\3.141.59\selenium-java-3.141.59.jar;C:\Users\khuang\eclipse-workspace\Maven\repositary\org\seleniumhq\selenium\selenium-api\3.141.59\selenium-api-3.141.59.jar;C:\Users\khuang\eclipse-workspace\Maven\repositary\org\seleniumhq\selenium\selenium-chrome-driver\3.141.59\selenium-chrome-driver-3.141.59.jar;C:\Users\khuang\eclipse-workspace\Maven\repositary\org\seleniumhq\selenium\selenium-edge-driver\3.141.59\selenium-edge-driver-3.141.59.jar;C:\Users\khuang\eclipse-workspace\Maven\repositary\org\seleniumhq\selenium\selenium-firefox-driver\3.141.59\selenium-firefox-driver-3.141.59.jar;C:\Users\khuang\eclipse-workspace\Maven\repositary\org\seleniumhq\selenium\selenium-ie-driver\3.141.59\selenium-ie-driver-3.141.59.jar;C:\Users\khuang\eclipse-workspace\Maven\repositary\org\seleniumhq\selenium\selenium-opera-driver\3.141.59\selenium-opera-driver-3.141.59.jar;C:\Users\khuang\eclipse-workspace\Maven\repositary\org\seleniumhq\selenium\selenium-remote-driver\3.141.59\selenium-remote-driver-3.141.59.jar;C:\Users\khuang\eclipse-workspace\Maven\repositary\org\seleniumhq\selenium\selenium-safari-driver\3.141.59\selenium-safari-driver-3.141.59.jar;C:\Users\khuang\eclipse-workspace\Maven\repositary\org\seleniumhq\selenium\selenium-support\3.141.59\selenium-support-3.141.59.jar;C:\Users\khuang\eclipse-workspace\Maven\repositary\net\bytebuddy\byte-buddy\1.8.15\byte-buddy-1.8.15.jar;C:\Users\khuang\eclipse-workspace\Maven\repositary\org\apache\commons\commons-exec\1.3\commons-exec-1.3.jar;C:\Users\khuang\eclipse-workspace\Maven\repositary\com\google\guava\guava\25.0-jre\guava-25.0-jre.jar;C:\Users\khuang\eclipse-workspace\Maven\repositary\com\google\code\findbugs\jsr305\1.3.9\jsr305-1.3.9.jar;C:\Users\khuang\eclipse-workspace\Maven\repositary\org\checkerframework\checker-compat-qual\2.0.0\checker-compat-qual-2.0.0.jar;C:\Users\khuang\eclipse-workspace\Maven\repositary\com\google\errorprone\error_prone_annotations\2.1.3\error_prone_annotations-2.1.3.jar;C:\Users\khuang\eclipse-workspace\Maven\repositary\com\google\j2objc\j2objc-annotations\1.1\j2objc-annotations-1.1.jar;C:\Users\khuang\eclipse-workspace\Maven\repositary\org\codehaus\mojo\animal-sniffer-annotations\1.14\animal-sniffer-annotations-1.14.jar;C:\Users\khuang\eclipse-workspace\Maven\repositary\com\squareup\okhttp3\okhttp\3.11.0\okhttp-3.11.0.jar;C:\Users\khuang\eclipse-workspace\Maven\repositary\com\squareup\okio\okio\1.14.0\okio-1.14.0.jar;C:\Users\khuang\eclipse-workspace\Maven\repositary\org\testng\testng\7.4.0\testng-7.4.0.jar;C:\Users\khuang\eclipse-workspace\Maven\repositary\org\webjars\jquery\3.5.1\jquery-3.5.1.jar;C:\Users\khuang\eclipse-workspace\Maven\repositary\com\beust\jcommander\1.81\jcommander-1.81.jar;C:\Users\khuang\eclipse-workspace\Maven\repositary\net\sf\saxon\saxon\8.7\saxon-8.7.jar;C:\Users\khuang\eclipse-workspace\Maven\repositary\org\webjars\bower\jquery\3.5.1\jquery-3.5.1.jar;C:\Users\khuang\eclipse-workspace\Maven\repositary\com\relevantcodes\extentreports\2.41.2\extentreports-2.41.2.jar;C:\Users\khuang\eclipse-workspace\Maven\repositary\org\mongodb\mongodb-driver\3.0.4\mongodb-driver-3.0.4.jar;C:\Users\khuang\eclipse-workspace\Maven\repositary\org\mongodb\bson\3.0.4\bson-3.0.4.jar;C:\Users\khuang\eclipse-workspace\Maven\repositary\org\mongodb\mongodb-driver-core\3.0.4\mongodb-driver-core-3.0.4.jar;C:\Users\khuang\eclipse-workspace\Maven\repositary\org\freemarker\freemarker\2.3.31\freemarker-2.3.31.jar;C:\Users\khuang\eclipse-workspace\Maven\repositary\org\jsoup\jsoup\1.14.1\jsoup-1.14.1.jar;C:\Users\khuang\eclipse-workspace\Maven\repositary\org\xerial\sqlite-jdbc\3.36.0.1\sqlite-jdbc-3.36.0.1.jar;C:\Users\khuang\eclipse-workspace\Maven\repositary\org\apache\commons\commons-collections4\4.4\commons-collections4-4.4.jar;C:\Users\khuang\eclipse-workspace\Maven\repositary\org\apache\commons\commons-math3\3.6.1\commons-math3-3.6.1.jar;C:\Users\khuang\eclipse-workspace\Maven\repositary\mysql\mysql-connector-java\8.0.25\mysql-connector-java-8.0.25.jar;C:\Users\khuang\eclipse-workspace\Maven\repositary\com\google\protobuf\protobuf-java\3.11.4\protobuf-java-3.11.4.jar;C:\Users\khuang\eclipse-workspace\Maven\repositary\org\apache\poi\poi\5.0.0\poi-5.0.0.jar;C:\Users\khuang\eclipse-workspace\Maven\repositary\org\slf4j\slf4j-api\1.7.30\slf4j-api-1.7.30.jar;C:\Users\khuang\eclipse-workspace\Maven\repositary\org\slf4j\jcl-over-slf4j\1.7.30\jcl-over-slf4j-1.7.30.jar;C:\Users\khuang\eclipse-workspace\Maven\repositary\commons-codec\commons-codec\1.15\commons-codec-1.15.jar;C:\Users\khuang\eclipse-workspace\Maven\repositary\com\zaxxer\SparseBitSet\1.2\SparseBitSet-1.2.jar;C:\Users\khuang\eclipse-workspace\Maven\repositary\org\apache\poi\poi-examples\4.1.2\poi-examples-4.1.2.jar;C:\Users\khuang\eclipse-workspace\Maven\repositary\org\apache\poi\poi-excelant\4.1.2\poi-excelant-4.1.2.jar;C:\Users\khuang\eclipse-workspace\Maven\repositary\org\apache\ant\ant\1.8.2\ant-1.8.2.jar;C:\Users\khuang\eclipse-workspace\Maven\repositary\org\apache\ant\ant-launcher\1.8.2\ant-launcher-1.8.2.jar;C:\Users\khuang\eclipse-workspace\Maven\repositary\org\apache\poi\poi-ooxml\4.1.2\poi-ooxml-4.1.2.jar;C:\Users\khuang\eclipse-workspace\Maven\repositary\org\apache\commons\commons-compress\1.19\commons-compress-1.19.jar;C:\Users\khuang\eclipse-workspace\Maven\repositary\com\github\virtuald\curvesapi\1.06\curvesapi-1.06.jar;C:\Users\khuang\eclipse-workspace\Maven\repositary\org\apache\poi\poi-ooxml-schemas\4.1.2\poi-ooxml-schemas-4.1.2.jar;C:\Users\khuang\eclipse-workspace\Maven\repositary\org\apache\poi\poi-scratchpad\4.1.2\poi-scratchpad-4.1.2.jar;C:\Users\khuang\eclipse-workspace\Maven\repositary\org\apache\xmlbeans\xmlbeans\3.1.0\xmlbeans-3.1.0.jar;C:\Users\khuang\eclipse-workspace\Maven\repositary\commons-io\commons-io\2.11.0\commons-io-2.11.0.jar;C:\Users\khuang\eclipse-workspace\Maven\repositary\org\apache\logging\log4j\log4j-api\2.14.1\log4j-api-2.14.1.jar;C:\Users\khuang\eclipse-workspace\Maven\repositary\org\apache\logging\log4j\log4j-core\2.14.1\log4j-core-2.14.1.jar;"/>
    <property name="java.vm.vendor" value="Oracle Corporation"/>
    <property name="sun.arch.data.model" value="64"/>
    <property name="user.variant" value=""/>
    <property name="java.vendor.url" value="https://openjdk.java.net/"/>
    <property name="user.timezone" value="Asia/Shanghai"/>
    <property name="java.vm.specification.version" value="11"/>
    <property name="os.name" value="Windows 10"/>
    <property name="sun.java.launcher" value="SUN_STANDARD"/>
    <property name="user.country" value="US"/>
    <property name="sun.boot.library.path" value="C:\Program Files\Java\jdk-11.0.16\bin"/>
    <property name="sun.java.command" value="C:\Users\khuang\AppData\Local\Temp\surefire7719407768386922593\surefirebooter15817642363964282936.jar C:\Users\khuang\AppData\Local\Temp\surefire7719407768386922593 2022-10-14T14-57-55_085-jvmRun1 surefire11868883855546404290tmp surefire_02345749898611865099tmp"/>
    <property name="jdk.debug" value="release"/>
    <property name="surefire.test.class.path" value="C:\Users\khuang\eclipse-workspace\Gen7_v2\target\test-classes;C:\Users\khuang\eclipse-workspace\Gen7_v2\target\classes;C:\Users\khuang\eclipse-workspace\Maven\repositary\org\seleniumhq\selenium\selenium-java\3.141.59\selenium-java-3.141.59.jar;C:\Users\khuang\eclipse-workspace\Maven\repositary\org\seleniumhq\selenium\selenium-api\3.141.59\selenium-api-3.141.59.jar;C:\Users\khuang\eclipse-workspace\Maven\repositary\org\seleniumhq\selenium\selenium-chrome-driver\3.141.59\selenium-chrome-driver-3.141.59.jar;C:\Users\khuang\eclipse-workspace\Maven\repositary\org\seleniumhq\selenium\selenium-edge-driver\3.141.59\selenium-edge-driver-3.141.59.jar;C:\Users\khuang\eclipse-workspace\Maven\repositary\org\seleniumhq\selenium\selenium-firefox-driver\3.141.59\selenium-firefox-driver-3.141.59.jar;C:\Users\khuang\eclipse-workspace\Maven\repositary\org\seleniumhq\selenium\selenium-ie-driver\3.141.59\selenium-ie-driver-3.141.59.jar;C:\Users\khuang\eclipse-workspace\Maven\repositary\org\seleniumhq\selenium\selenium-opera-driver\3.141.59\selenium-opera-driver-3.141.59.jar;C:\Users\khuang\eclipse-workspace\Maven\repositary\org\seleniumhq\selenium\selenium-remote-driver\3.141.59\selenium-remote-driver-3.141.59.jar;C:\Users\khuang\eclipse-workspace\Maven\repositary\org\seleniumhq\selenium\selenium-safari-driver\3.141.59\selenium-safari-driver-3.141.59.jar;C:\Users\khuang\eclipse-workspace\Maven\repositary\org\seleniumhq\selenium\selenium-support\3.141.59\selenium-support-3.141.59.jar;C:\Users\khuang\eclipse-workspace\Maven\repositary\net\bytebuddy\byte-buddy\1.8.15\byte-buddy-1.8.15.jar;C:\Users\khuang\eclipse-workspace\Maven\repositary\org\apache\commons\commons-exec\1.3\commons-exec-1.3.jar;C:\Users\khuang\eclipse-workspace\Maven\repositary\com\google\guava\guava\25.0-jre\guava-25.0-jre.jar;C:\Users\khuang\eclipse-workspace\Maven\repositary\com\google\code\findbugs\jsr305\1.3.9\jsr305-1.3.9.jar;C:\Users\khuang\eclipse-workspace\Maven\repositary\org\checkerframework\checker-compat-qual\2.0.0\checker-compat-qual-2.0.0.jar;C:\Users\khuang\eclipse-workspace\Maven\repositary\com\google\errorprone\error_prone_annotations\2.1.3\error_prone_annotations-2.1.3.jar;C:\Users\khuang\eclipse-workspace\Maven\repositary\com\google\j2objc\j2objc-annotations\1.1\j2objc-annotations-1.1.jar;C:\Users\khuang\eclipse-workspace\Maven\repositary\org\codehaus\mojo\animal-sniffer-annotations\1.14\animal-sniffer-annotations-1.14.jar;C:\Users\khuang\eclipse-workspace\Maven\repositary\com\squareup\okhttp3\okhttp\3.11.0\okhttp-3.11.0.jar;C:\Users\khuang\eclipse-workspace\Maven\repositary\com\squareup\okio\okio\1.14.0\okio-1.14.0.jar;C:\Users\khuang\eclipse-workspace\Maven\repositary\org\testng\testng\7.4.0\testng-7.4.0.jar;C:\Users\khuang\eclipse-workspace\Maven\repositary\org\webjars\jquery\3.5.1\jquery-3.5.1.jar;C:\Users\khuang\eclipse-workspace\Maven\repositary\com\beust\jcommander\1.81\jcommander-1.81.jar;C:\Users\khuang\eclipse-workspace\Maven\repositary\net\sf\saxon\saxon\8.7\saxon-8.7.jar;C:\Users\khuang\eclipse-workspace\Maven\repositary\org\webjars\bower\jquery\3.5.1\jquery-3.5.1.jar;C:\Users\khuang\eclipse-workspace\Maven\repositary\com\relevantcodes\extentreports\2.41.2\extentreports-2.41.2.jar;C:\Users\khuang\eclipse-workspace\Maven\repositary\org\mongodb\mongodb-driver\3.0.4\mongodb-driver-3.0.4.jar;C:\Users\khuang\eclipse-workspace\Maven\repositary\org\mongodb\bson\3.0.4\bson-3.0.4.jar;C:\Users\khuang\eclipse-workspace\Maven\repositary\org\mongodb\mongodb-driver-core\3.0.4\mongodb-driver-core-3.0.4.jar;C:\Users\khuang\eclipse-workspace\Maven\repositary\org\freemarker\freemarker\2.3.31\freemarker-2.3.31.jar;C:\Users\khuang\eclipse-workspace\Maven\repositary\org\jsoup\jsoup\1.14.1\jsoup-1.14.1.jar;C:\Users\khuang\eclipse-workspace\Maven\repositary\org\xerial\sqlite-jdbc\3.36.0.1\sqlite-jdbc-3.36.0.1.jar;C:\Users\khuang\eclipse-workspace\Maven\repositary\org\apache\commons\commons-collections4\4.4\commons-collections4-4.4.jar;C:\Users\khuang\eclipse-workspace\Maven\repositary\org\apache\commons\commons-math3\3.6.1\commons-math3-3.6.1.jar;C:\Users\khuang\eclipse-workspace\Maven\repositary\mysql\mysql-connector-java\8.0.25\mysql-connector-java-8.0.25.jar;C:\Users\khuang\eclipse-workspace\Maven\repositary\com\google\protobuf\protobuf-java\3.11.4\protobuf-java-3.11.4.jar;C:\Users\khuang\eclipse-workspace\Maven\repositary\org\apache\poi\poi\5.0.0\poi-5.0.0.jar;C:\Users\khuang\eclipse-workspace\Maven\repositary\org\slf4j\slf4j-api\1.7.30\slf4j-api-1.7.30.jar;C:\Users\khuang\eclipse-workspace\Maven\repositary\org\slf4j\jcl-over-slf4j\1.7.30\jcl-over-slf4j-1.7.30.jar;C:\Users\khuang\eclipse-workspace\Maven\repositary\commons-codec\commons-codec\1.15\commons-codec-1.15.jar;C:\Users\khuang\eclipse-workspace\Maven\repositary\com\zaxxer\SparseBitSet\1.2\SparseBitSet-1.2.jar;C:\Users\khuang\eclipse-workspace\Maven\repositary\org\apache\poi\poi-examples\4.1.2\poi-examples-4.1.2.jar;C:\Users\khuang\eclipse-workspace\Maven\repositary\org\apache\poi\poi-excelant\4.1.2\poi-excelant-4.1.2.jar;C:\Users\khuang\eclipse-workspace\Maven\repositary\org\apache\ant\ant\1.8.2\ant-1.8.2.jar;C:\Users\khuang\eclipse-workspace\Maven\repositary\org\apache\ant\ant-launcher\1.8.2\ant-launcher-1.8.2.jar;C:\Users\khuang\eclipse-workspace\Maven\repositary\org\apache\poi\poi-ooxml\4.1.2\poi-ooxml-4.1.2.jar;C:\Users\khuang\eclipse-workspace\Maven\repositary\org\apache\commons\commons-compress\1.19\commons-compress-1.19.jar;C:\Users\khuang\eclipse-workspace\Maven\repositary\com\github\virtuald\curvesapi\1.06\curvesapi-1.06.jar;C:\Users\khuang\eclipse-workspace\Maven\repositary\org\apache\poi\poi-ooxml-schemas\4.1.2\poi-ooxml-schemas-4.1.2.jar;C:\Users\khuang\eclipse-workspace\Maven\repositary\org\apache\poi\poi-scratchpad\4.1.2\poi-scratchpad-4.1.2.jar;C:\Users\khuang\eclipse-workspace\Maven\repositary\org\apache\xmlbeans\xmlbeans\3.1.0\xmlbeans-3.1.0.jar;C:\Users\khuang\eclipse-workspace\Maven\repositary\commons-io\commons-io\2.11.0\commons-io-2.11.0.jar;C:\Users\khuang\eclipse-workspace\Maven\repositary\org\apache\logging\log4j\log4j-api\2.14.1\log4j-api-2.14.1.jar;C:\Users\khuang\eclipse-workspace\Maven\repositary\org\apache\logging\log4j\log4j-core\2.14.1\log4j-core-2.14.1.jar;"/>
    <property name="sun.cpu.endian" value="little"/>
    <property name="user.home" value="C:\Users\khuang"/>
    <property name="user.language" value="en"/>
    <property name="java.specification.vendor" value="Oracle Corporation"/>
    <property name="java.version.date" value="2022-07-19"/>
    <property name="java.home" value="C:\Program Files\Java\jdk-11.0.16"/>
    <property name="file.separator" value="\"/>
    <property name="basedir" value="C:\Users\khuang\eclipse-workspace\Gen7_v2"/>
    <property name="java.vm.compressedOopsMode" value="Zero based"/>
    <property name="line.separator" value="&#10;"/>
    <property name="java.specification.name" value="Java Platform API Specification"/>
    <property name="java.vm.specification.vendor" value="Oracle Corporation"/>
    <property name="java.awt.graphicsenv" value="sun.awt.Win32GraphicsEnvironment"/>
    <property name="surefire.real.class.path" value="C:\Users\khuang\AppData\Local\Temp\surefire7719407768386922593\surefirebooter15817642363964282936.jar"/>
    <property name="user.script" value=""/>
    <property name="sun.management.compiler" value="HotSpot 64-Bit Tiered Compilers"/>
    <property name="java.runtime.version" value="11.0.16+11-LTS-199"/>
    <property name="user.name" value="khuang"/>
    <property name="path.separator" value=";"/>
    <property name="os.version" value="10.0"/>
    <property name="java.runtime.name" value="Java(TM) SE Runtime Environment"/>
    <property name="file.encoding" value="UTF-8"/>
    <property name="java.vm.name" value="Java HotSpot(TM) 64-Bit Server VM"/>
    <property name="java.vendor.version" value="18.9"/>
    <property name="localRepository" value="C:\Users\khuang\eclipse-workspace\Maven\repositary"/>
    <property name="java.vendor.url.bug" value="https://bugreport.java.com/bugreport/"/>
    <property name="java.io.tmpdir" value="C:\Users\khuang\AppData\Local\Temp\"/>
    <property name="java.version" value="11.0.16"/>
    <property name="user.dir" value="C:\Users\khuang\eclipse-workspace\Gen7_v2"/>
    <property name="os.arch" value="amd64"/>
    <property name="java.vm.specification.name" value="Java Virtual Machine Specification"/>
    <property name="java.awt.printerjob" value="sun.awt.windows.WPrinterJob"/>
    <property name="sun.os.patch.level" value=""/>
    <property name="java.library.path" value="C:\Program Files\Java\jdk-11.0.16\bin;C:\Windows\Sun\Java\bin;C:\Windows\system32;C:\Windows;C:\Program Files\Apache\apache-maven-3.8.6/bin;C:\Program Files\Common Files\Oracle\Java\javapath;C:\Windows\system32;C:\Windows;C:\Windows\System32\Wbem;C:\Windows\System32\WindowsPowerShell\v1.0\;C:\Windows\System32\OpenSSH\;C:\Program Files\dotnet\;C:\Program Files\PuTTY\;C:\Program Files\Java\jdk-11.0.16\bin;C:\Program Files\Apache\apache-maven-3.8.6\bin;C:\Program Files\Git\cmd;C:\Program Files\SonicWallES;C:\Program Files\SonicWallES\lib;C:\Program Files\SonicWallES\lib\perceptive;C:\Users\khuang\AppData\Local\Microsoft\WindowsApps;."/>
    <property name="java.vendor" value="Oracle Corporation"/>
    <property name="java.vm.info" value="mixed mode"/>
    <property name="java.vm.version" value="11.0.16+11-LTS-199"/>
    <property name="sun.io.unicode.encoding" value="UnicodeLittle"/>
    <property name="java.class.version" value="55.0"/>
  </properties>
  <testcase name="test_Step01_Login_JPN" classname="test.Test_NavData_JPN" time="15.402"/>
  <testcase name="test_Step01_Login_ENG" classname="test.Test_NavData_ENG" time="15.523"/>
  <testcase name="test_Step02_MenuTop_ENG" classname="test.Test_NavData_ENG" time="33.424"/>
  <testcase name="test_Step02_MenuTop_JPN" classname="test.Test_NavData_JPN" time="39.483"/>
  <testcase name="test_dataCompare" classname="test.Test_vsDATA_JE" time="0.086"/>
</testsuite>