<?xml version="1.0" encoding="UTF-8"?>
<!-- Generated by org.testng.reporters.JUnitReportReporter -->
<testsuite hostname="g3771j3-khuang" failures="0" tests="2" name="test.Test_NavData_JPN" time="22.401" errors="1" timestamp="2022-08-24T17:51:09 CST" skipped="0">
  <testcase classname="test.Test_NavData_JPN" name="test_Step01_Login_JPN" time="15.560"/>
  <system-out>
    <![CDATA[[S]ReportLog >> test.Test_NavData_JPN > Login to main page...]]>
  </system-out>
  <testcase classname="test.Test_NavData_JPN" name="test_Step02_MenuTop_JPN" time="6.841">
    <error type="java.lang.NullPointerException">
      <![CDATA[java.lang.NullPointerException
at main.Func_JPN.expand_menu(Func_JPN.java:227)
at test.Test_NavData_JPN.actual_data(Test_NavData_JPN.java:82)
at test.Test_NavData_JPN.test_Step02_MenuTop_JPN(Test_NavData_JPN.java:120)
at java.base/jdk.internal.reflect.NativeMethodAccessorImpl.invoke0(Native Method)
at java.base/jdk.internal.reflect.NativeMethodAccessorImpl.invoke(NativeMethodAccessorImpl.java:62)
at java.base/jdk.internal.reflect.DelegatingMethodAccessorImpl.invoke(DelegatingMethodAccessorImpl.java:43)
at java.base/java.lang.reflect.Method.invoke(Method.java:566)
at org.testng.internal.MethodInvocationHelper.invokeMethod(MethodInvocationHelper.java:133)
at org.testng.internal.TestInvoker.invokeMethod(TestInvoker.java:598)
at org.testng.internal.TestInvoker.invokeTestMethod(TestInvoker.java:173)
at org.testng.internal.MethodRunner.runInSequence(MethodRunner.java:46)
at org.testng.internal.TestInvoker$MethodInvocationAgent.invoke(TestInvoker.java:824)
at org.testng.internal.TestInvoker.invokeTestMethods(TestInvoker.java:146)
at org.testng.internal.TestMethodWorker.invokeTestMethods(TestMethodWorker.java:146)
at org.testng.internal.TestMethodWorker.run(TestMethodWorker.java:128)
at java.base/java.util.ArrayList.forEach(ArrayList.java:1541)
at org.testng.TestRunner.privateRun(TestRunner.java:794)
at org.testng.TestRunner.run(TestRunner.java:596)
at org.testng.SuiteRunner.runTest(SuiteRunner.java:377)
at org.testng.SuiteRunner.runSequentially(SuiteRunner.java:371)
at org.testng.SuiteRunner.privateRun(SuiteRunner.java:332)
at org.testng.SuiteRunner.run(SuiteRunner.java:276)
at org.testng.SuiteRunnerWorker.runSuite(SuiteRunnerWorker.java:53)
at org.testng.SuiteRunnerWorker.run(SuiteRunnerWorker.java:96)
at org.testng.TestNG.runSuitesSequentially(TestNG.java:1212)
at org.testng.TestNG.runSuitesLocally(TestNG.java:1134)
at org.testng.TestNG.runSuites(TestNG.java:1063)
at org.testng.TestNG.run(TestNG.java:1031)
at org.testng.remote.AbstractRemoteTestNG.run(AbstractRemoteTestNG.java:115)
at org.testng.remote.RemoteTestNG.initAndRun(RemoteTestNG.java:251)
at org.testng.remote.RemoteTestNG.main(RemoteTestNG.java:77)
]]>
    </error>
  </testcase> <!-- test_Step02_MenuTop_JPN -->
  <system-out>
    <![CDATA[[S]ReportLog >> test.Test_NavData_JPN > Switch to 'Non-Config' mode...
[S]ReportLog >> test.Test_NavData_JPN > Data created for [JPN]!
[S]ReportLog >> test.Test_NavData_JPN > 'HOME' Menu: ダッシュボード >> Dashboard
[S]ReportLog >> test.Test_NavData_JPN > 'HOME' Menu: システム >> System
[S]ReportLog >> test.Test_NavData_JPN > 'HOME' Menu: アクセス ポイント >> Access Points
[S]ReportLog >> test.Test_NavData_JPN > 'HOME' Menu: キャプチャ ATP >> Capture ATP
[S]ReportLog >> test.Test_NavData_JPN > 'HOME' Menu: トポロジ >> Topology
[S]ReportLog >> test.Test_NavData_JPN > 'HOME' Menu: 法的情報 >> Legal Information
[S]ReportLog >> test.Test_NavData_JPN > 'HOME' Menu: API >> API
[S]ReportLog >> test.Test_NavData_JPN > ========================================================================
[S]ReportLog >> test.Test_NavData_JPN > ========================================================================
[S]ReportLog >> test.Test_NavData_JPN > ALL MENU: 7
[S]ReportLog >> test.Test_NavData_JPN > Data updated for [JPN]!
[S]ReportLog >> test.Test_NavData_JPN > Top menu 'HOME' is done!
[S]ReportLog >> test.Test_NavData_JPN > 'MONITOR' Menu: リアルタイム グラフ >> Real-Time Charts
[S]ReportLog >> test.Test_NavData_JPN > 'MONITOR' Menu: システム監視 >> System Monitor
[S]ReportLog >> test.Test_NavData_JPN > 'MONITOR' Menu: プロトコル監視 >> Protocol Monitor
[S]ReportLog >> test.Test_NavData_JPN > 'MONITOR' Menu: ユーザ監視 >> User Monitor
[S]ReportLog >> test.Test_NavData_JPN > 'MONITOR' Menu: 帯域幅管理監視 >> BWM Monitor
[S]ReportLog >> test.Test_NavData_JPN > 'MONITOR' Menu: AppFlow >> AppFlow
[S]ReportLog >> test.Test_NavData_JPN > 'MONITOR' Menu: AppFlow 報告 >> AppFlow Report
[S]ReportLog >> test.Test_NavData_JPN > 'MONITOR' Menu: AppFlow 監視 >> AppFlow Monitor
[S]ReportLog >> test.Test_NavData_JPN > 'MONITOR' Menu: CTA レポート >> CTA Report
[S]ReportLog >> test.Test_NavData_JPN > 'MONITOR' Menu: SDWAN >> SDWAN
[S]ReportLog >> test.Test_NavData_JPN > 'MONITOR' Menu: SDWAN 監視 >> SDWAN Monitor
[S]ReportLog >> test.Test_NavData_JPN > 'MONITOR' Menu: SD-WAN 接続 >> SD-WAN Connections
[S]ReportLog >> test.Test_NavData_JPN > 'MONITOR' Menu: ログ >> Logs
[S]ReportLog >> test.Test_NavData_JPN > 'MONITOR' Menu: システム ログ >> System Logs
[S]ReportLog >> test.Test_NavData_JPN > 'MONITOR' Menu: 監査ログ >> Auditing Logs
[S]ReportLog >> test.Test_NavData_JPN > 'MONITOR' Menu: ツールと監視 >> Tools & Monitors
[S]ReportLog >> test.Test_NavData_JPN > 'MONITOR' Menu: パケット監視 >> Packet Monitor
[S]ReportLog >> test.Test_NavData_JPN > 'MONITOR' Menu: 接続 >> Connections
[S]ReportLog >> test.Test_NavData_JPN > 'MONITOR' Menu: コア 0 プロセス >> Core 0 Processes
[S]ReportLog >> test.Test_NavData_JPN > 'MONITOR' Menu: パケット再生 >> Packet Replay
[S]ReportLog >> test.Test_NavData_JPN > ========================================================================
[S]ReportLog >> test.Test_NavData_JPN > ========================================================================
[S]ReportLog >> test.Test_NavData_JPN > ALL MENU: 20
[S]ReportLog >> test.Test_NavData_JPN > Data updated for [JPN]!
[S]ReportLog >> test.Test_NavData_JPN > Top menu 'MONITOR' is done!
[S]ReportLog >> test.Test_NavData_JPN > 'DEVICE' Menu: 設定 >> Settings
[S]ReportLog >> test.Test_NavData_JPN > 'DEVICE' Menu: ライセンス >> Licenses
[S]ReportLog >> test.Test_NavData_JPN > 'DEVICE' Menu: 管理 >> Administration
[S]ReportLog >> test.Test_NavData_JPN > 'DEVICE' Menu: 時間 >> Time
[S]ReportLog >> test.Test_NavData_JPN > 'DEVICE' Menu: 証明書 >> Certificates
[S]ReportLog >> test.Test_NavData_JPN > 'DEVICE' Menu: SNMP >> SNMP
[S]ReportLog >> test.Test_NavData_JPN > 'DEVICE' Menu: ファームウェアと設定 >> Firmware and Settings
[S]ReportLog >> test.Test_NavData_JPN > 'DEVICE' Menu: 記憶装置 >> Storage
[S]ReportLog >> test.Test_NavData_JPN > 'DEVICE' Menu: 再起動 >> Restart
[S]ReportLog >> test.Test_NavData_JPN > 'DEVICE' Menu: 高可用性 >> High Availability
[S]ReportLog >> test.Test_NavData_JPN > 'DEVICE' Menu: 状況 >> Status
[S]ReportLog >> test.Test_NavData_JPN > 'DEVICE' Menu: 設定 >> Settings
[S]ReportLog >> test.Test_NavData_JPN > 'DEVICE' Menu: 詳細 >> Advanced
[S]ReportLog >> test.Test_NavData_JPN > 'DEVICE' Menu: 監視 >> Monitoring
[S]ReportLog >> test.Test_NavData_JPN > 'DEVICE' Menu: ユーザ >> Users
[S]ReportLog >> test.Test_NavData_JPN > 'DEVICE' Menu: 状況 >> Status
[S]ReportLog >> test.Test_NavData_JPN > 'DEVICE' Menu: 設定 >> Settings
[S]ReportLog >> test.Test_NavData_JPN > 'DEVICE' Menu: ローカル ユーザとグループ >> Local Users & Groups
[S]ReportLog >> test.Test_NavData_JPN > 'DEVICE' Menu: ゲスト サービス >> Guest Services
[S]ReportLog >> test.Test_NavData_JPN > 'DEVICE' Menu: ゲスト アカウント >> Guest Accounts
[S]ReportLog >> test.Test_NavData_JPN > 'DEVICE' Menu: ゲスト状況 >> Guest Status
[S]ReportLog >> test.Test_NavData_JPN > 'DEVICE' Menu: AppFlow >> AppFlow
[S]ReportLog >> test.Test_NavData_JPN > 'DEVICE' Menu: フロー報告 >> Flow Reporting
[S]ReportLog >> test.Test_NavData_JPN > 'DEVICE' Menu: AppFlow エージェント >> AppFlow Agent
[S]ReportLog >> test.Test_NavData_JPN > 'DEVICE' Menu: ログ >> Log
[S]ReportLog >> test.Test_NavData_JPN > 'DEVICE' Menu: 設定 >> Settings
[S]ReportLog >> test.Test_NavData_JPN > 'DEVICE' Menu: Syslog >> Syslog
[S]ReportLog >> test.Test_NavData_JPN > 'DEVICE' Menu: 自動化 >> Automation
[S]ReportLog >> test.Test_NavData_JPN > 'DEVICE' Menu: 名前解決 >> Name Resolution
[S]ReportLog >> test.Test_NavData_JPN > 'DEVICE' Menu: レポート >> Reports
[S]ReportLog >> test.Test_NavData_JPN > 'DEVICE' Menu: AWS >> AWS
[S]ReportLog >> test.Test_NavData_JPN > 'DEVICE' Menu: 診断 >> Diagnostics
[S]ReportLog >> test.Test_NavData_JPN > 'DEVICE' Menu: テクニカル サポート レポート >> Tech Support Report
[S]ReportLog >> test.Test_NavData_JPN > 'DEVICE' Menu: ネットワーク設定の確認 >> Check Network Settings
[S]ReportLog >> test.Test_NavData_JPN > 'DEVICE' Menu: DNS 名の調査 >> DNS Name Lookup
[S]ReportLog >> test.Test_NavData_JPN > 'DEVICE' Menu: ネットワーク パス >> Network Path
[S]ReportLog >> test.Test_NavData_JPN > 'DEVICE' Menu: Ping >> Ping
[S]ReportLog >> test.Test_NavData_JPN > 'DEVICE' Menu: ルート追跡 >> Trace Route
[S]ReportLog >> test.Test_NavData_JPN > 'DEVICE' Menu: リアルタイム ブラックリスト >> Real-Time Blacklist
[S]ReportLog >> test.Test_NavData_JPN > 'DEVICE' Menu: 逆引き名前調査 >> Reverse Name Lookup
[S]ReportLog >> test.Test_NavData_JPN > 'DEVICE' Menu: 上位接続 >> Connection TopX
[S]ReportLog >> test.Test_NavData_JPN > 'DEVICE' Menu: 地域とボットネット >> Geo and Botnet
[S]ReportLog >> test.Test_NavData_JPN > 'DEVICE' Menu: MX とバナー >> MX and Banner
[S]ReportLog >> test.Test_NavData_JPN > 'DEVICE' Menu: グリッド確認 >> GRID Check
[S]ReportLog >> test.Test_NavData_JPN > 'DEVICE' Menu: URL 格付け要求 >> URL Rating Request
[S]ReportLog >> test.Test_NavData_JPN > 'DEVICE' Menu: PMTU 検出 >> PMTU Discovery
[S]ReportLog >> test.Test_NavData_JPN > 'DEVICE' Menu: スイッチ診断 >> Switch Diagnostics
[S]ReportLog >> test.Test_NavData_JPN > 'DEVICE' Menu: スイッチ ネットワーク >> Switch Network
[S]ReportLog >> test.Test_NavData_JPN > 'DEVICE' Menu: 概要 >> Overview
[S]ReportLog >> test.Test_NavData_JPN > 'DEVICE' Menu: スイッチ >> Switches
[S]ReportLog >> test.Test_NavData_JPN > 'DEVICE' Menu: アクセス ポイント >> Access Points
[S]ReportLog >> test.Test_NavData_JPN > 'DEVICE' Menu:  >> null
[S]ReportLog >> test.Test_NavData_JPN > 'DEVICE' Menu: ファームウェア管理 >> Firmware Management
[S]ReportLog >> test.Test_NavData_JPN > 'DEVICE' Menu: フロア プランの表示 >> Floor Plan View
[S]ReportLog >> test.Test_NavData_JPN > 'DEVICE' Menu: ステーション状況 >> Station Status
[S]ReportLog >> test.Test_NavData_JPN > 'DEVICE' Menu: IDS >> IDS
[S]ReportLog >> test.Test_NavData_JPN > 'DEVICE' Menu: 高度な IDP >> Advanced IDP
[S]ReportLog >> test.Test_NavData_JPN > 'DEVICE' Menu: パケット キャプチャ >> Packet Capture
[S]ReportLog >> test.Test_NavData_JPN > 'DEVICE' Menu: 仮想アクセス ポイント >> Virtual Access Point
[S]ReportLog >> test.Test_NavData_JPN > 'DEVICE' Menu: RF 監視 >> RF Monitoring
[S]ReportLog >> test.Test_NavData_JPN > 'DEVICE' Menu: RF 解析 >> RF Analysis
[S]ReportLog >> test.Test_NavData_JPN > 'DEVICE' Menu: RF スペクトラム >> RF Spectrum
[S]ReportLog >> test.Test_NavData_JPN > 'DEVICE' Menu: FairNet >> FairNet
[S]ReportLog >> test.Test_NavData_JPN > 'DEVICE' Menu: Wi-Fi マルチメディア >> Wi-Fi Multimedia
[S]ReportLog >> test.Test_NavData_JPN > 'DEVICE' Menu: 3G/4G/LTE WWAN >> 3G/4G/LTE WWAN
[S]ReportLog >> test.Test_NavData_JPN > 'DEVICE' Menu: Bluetooth LE >> Bluetooth LE
[S]ReportLog >> test.Test_NavData_JPN > 'DEVICE' Menu: 無線管理 >> Radio Management
[S]ReportLog >> test.Test_NavData_JPN > 'DEVICE' Menu: WWAN >> WWAN
[S]ReportLog >> test.Test_NavData_JPN > ========================================================================
[S]ReportLog >> test.Test_NavData_JPN > 'DEVICE' Menu: Settings >> Settings (TOP)]]>
  </system-out>
</testsuite> <!-- test.Test_NavData_JPN -->
