<?xml version="1.0" encoding="UTF-8"?>
<!-- Generated by org.testng.reporters.JUnitReportReporter -->
<testsuite hostname="g3771j3-khuang" failures="0" tests="1" name="main.Func_Delete" time="0.031" errors="0" timestamp="2022-08-31T15:35:42 CST" skipped="0">
  <testcase classname="main.Func_Delete" name="test_delete_file" time="0.031"/>
  <system-out/>
</testsuite> <!-- main.Func_Delete -->
