<?xml version="1.0" encoding="UTF-8"?>
<!-- Generated by org.testng.reporters.JUnitReportReporter -->
<testsuite hostname="g3771j3-khuang" failures="0" tests="2" name="test.Test_NavData_JPN" time="17.294" errors="0" timestamp="2022-07-25T16:10:10 CST" skipped="0">
  <testcase classname="test.Test_NavData_JPN" name="test_Step02_MenuTop_JPN" time="6.695"/>
  <system-out>
    <![CDATA[[S]ReportLog >> test_Step02_MenuTop_JPN > Switch to 'Non-Config' mode...
[S]ReportLog >> システム
[S]ReportLog >> アクセス ポイント
[S]ReportLog >> キャプチャ ATP
[S]ReportLog >> トポロジ
[S]ReportLog >> システム ログ
[S]ReportLog >> 監査ログ
[S]ReportLog >> パケット監視
[S]ReportLog >> 接続
[S]ReportLog >> コア 0 プロセス
[S]ReportLog >> パケット再生]]>
  </system-out>
  <testcase classname="test.Test_NavData_JPN" name="test_Step01_Login_JPN" time="10.599"/>
  <system-out>
    <![CDATA[[S]ReportLog >> test_Step01_Login_JPN > Login to main page...]]>
  </system-out>
</testsuite> <!-- test.Test_NavData_JPN -->
