<?xml version="1.0" encoding="UTF-8"?>
<!-- Generated by org.testng.reporters.JUnitReportReporter -->
<testsuite hostname="g3771j3-khuang" failures="0" tests="1" name="test.Test_vsDATA_JE" time="0.591" errors="0" timestamp="2022-09-21T12:21:59 CST" skipped="0">
  <testcase classname="test.Test_vsDATA_JE" name="test_dataCompare" time="0.591"/>
  <system-out>
    <![CDATA[[S]ReportLog >> box_JPN > Got data!
[S]ReportLog >> box_ENG > Got data!
[S]ReportLog >> test_dataCompare > Ready to start...
[S]ReportLog >> test_dataCompare > --------------------------------------------------------------------
[S]ReportLog >> test_dataCompare > [JPN] info: Device Name -----> TZ 570P
[S]ReportLog >> test_dataCompare > [JPN] info: Serial Number ---> 2CB8ED694D58
[S]ReportLog >> test_dataCompare > [JPN] info: Firmware Version > SonicOS 7.0.1-5080-P3248-j3408
[S]ReportLog >> test_dataCompare > --------------------------------------------------------------------
[S]ReportLog >> test_dataCompare > [ENG] info: Device Name -----> NSA 2700
[S]ReportLog >> test_dataCompare > [ENG] info: Serial Number ---> 2CB8ED8279E0
[S]ReportLog >> test_dataCompare > [ENG] info: Firmware Version > SonicOS 7.0.1-5080-P3250
[S]ReportLog >> test_dataCompare > --------------------------------------------------------------------
[S]ReportLog >> missing_page > JJJJJJJJJJJJJJJJJJJJJJJJJJJJJJJJJJJJJ
[S]ReportLog >> missing_page > System
[S]ReportLog >> missing_page > JJJJJJJJJJJJJJJJJJJJJJJJJJJJJJJJJJJJJ
[S]ReportLog >> missing_page > System > Interfaces
[S]ReportLog >> missing_page > JJJJJJJJJJJJJJJJJJJJJJJJJJJJJJJJJJJJJ
[S]ReportLog >> missing_page > System > Failover & LB
[S]ReportLog >> missing_page > JJJJJJJJJJJJJJJJJJJJJJJJJJJJJJJJJJJJJ
[S]ReportLog >> missing_page > System > Neighbor Discovery
[S]ReportLog >> missing_page > JJJJJJJJJJJJJJJJJJJJJJJJJJJJJJJJJJJJJ
[S]ReportLog >> missing_page > System > ARP
[S]ReportLog >> missing_page > JJJJJJJJJJJJJJJJJJJJJJJJJJJJJJJJJJJJJ
[S]ReportLog >> missing_page > System > MAC IP Anti-Spoof
[S]ReportLog >> missing_page > JJJJJJJJJJJJJJJJJJJJJJJJJJJJJJJJJJJJJ
[S]ReportLog >> missing_page > System > Web Proxy
[S]ReportLog >> missing_page > JJJJJJJJJJJJJJJJJJJJJJJJJJJJJJJJJJJJJ
[S]ReportLog >> missing_page > System > PortShield Groups
[S]ReportLog >> missing_page > JJJJJJJJJJJJJJJJJJJJJJJJJJJJJJJJJJJJJ
[S]ReportLog >> missing_page > System > PoE Settings
[S]ReportLog >> missing_page > JJJJJJJJJJJJJJJJJJJJJJJJJJJJJJJJJJJJJ
[S]ReportLog >> missing_page > System > VLAN Translation
[S]ReportLog >> missing_page > JJJJJJJJJJJJJJJJJJJJJJJJJJJJJJJJJJJJJ
[S]ReportLog >> missing_page > System > IP Helper
[S]ReportLog >> missing_page > JJJJJJJJJJJJJJJJJJJJJJJJJJJJJJJJJJJJJ
[S]ReportLog >> missing_page > System > Dynamic Routing
[S]ReportLog >> missing_page > JJJJJJJJJJJJJJJJJJJJJJJJJJJJJJJJJJJJJ
[S]ReportLog >> missing_page > System > DHCP Server
[S]ReportLog >> missing_page > JJJJJJJJJJJJJJJJJJJJJJJJJJJJJJJJJJJJJ
[S]ReportLog >> missing_page > System > Multicast
[S]ReportLog >> missing_page > JJJJJJJJJJJJJJJJJJJJJJJJJJJJJJJJJJJJJ
[S]ReportLog >> missing_page > System > Network Monitor
[S]ReportLog >> missing_page > JJJJJJJJJJJJJJJJJJJJJJJJJJJJJJJJJJJJJ
[S]ReportLog >> missing_page > System > AWS Configuration
[S]ReportLog >> missing_page > JJJJJJJJJJJJJJJJJJJJJJJJJJJJJJJJJJJJJ
[S]ReportLog >> missing_page > Firewall
[S]ReportLog >> missing_page > JJJJJJJJJJJJJJJJJJJJJJJJJJJJJJJJJJJJJ
[S]ReportLog >> missing_page > Firewall > Advanced
[S]ReportLog >> missing_page > JJJJJJJJJJJJJJJJJJJJJJJJJJJJJJJJJJJJJ
[S]ReportLog >> missing_page > Firewall > Flood Protection
[S]ReportLog >> missing_page > JJJJJJJJJJJJJJJJJJJJJJJJJJJJJJJJJJJJJ
[S]ReportLog >> missing_page > Firewall > SSL Control
[S]ReportLog >> missing_page > JJJJJJJJJJJJJJJJJJJJJJJJJJJJJJJJJJJJJ
[S]ReportLog >> missing_page > Firewall > Cipher Control
[S]ReportLog >> missing_page > JJJJJJJJJJJJJJJJJJJJJJJJJJJJJJJJJJJJJ
[S]ReportLog >> missing_page > Firewall > RBL Filter
[S]ReportLog >> missing_page > JJJJJJJJJJJJJJJJJJJJJJJJJJJJJJJJJJJJJ
[S]ReportLog >> missing_page > VoIP
[S]ReportLog >> missing_page > JJJJJJJJJJJJJJJJJJJJJJJJJJJJJJJJJJJJJ
[S]ReportLog >> missing_page > VoIP > Settings
[S]ReportLog >> missing_page > JJJJJJJJJJJJJJJJJJJJJJJJJJJJJJJJJJJJJ
[S]ReportLog >> missing_page > VoIP > Call Status
[S]ReportLog >> missing_page > JJJJJJJJJJJJJJJJJJJJJJJJJJJJJJJJJJJJJ
[S]ReportLog >> missing_page > DNS
[S]ReportLog >> missing_page > JJJJJJJJJJJJJJJJJJJJJJJJJJJJJJJJJJJJJ
[S]ReportLog >> missing_page > DNS > Settings
[S]ReportLog >> missing_page > JJJJJJJJJJJJJJJJJJJJJJJJJJJJJJJJJJJJJ
[S]ReportLog >> missing_page > DNS > Dynamic DNS
[S]ReportLog >> missing_page > JJJJJJJJJJJJJJJJJJJJJJJJJJJJJJJJJJJJJ
[S]ReportLog >> missing_page > DNS > DNS Proxy
[S]ReportLog >> missing_page > JJJJJJJJJJJJJJJJJJJJJJJJJJJJJJJJJJJJJ
[S]ReportLog >> missing_page > DNS > DNS Security
[S]ReportLog >> missing_page > JJJJJJJJJJJJJJJJJJJJJJJJJJJJJJJJJJJJJ
[S]ReportLog >> missing_page > SDWAN
[S]ReportLog >> missing_page > JJJJJJJJJJJJJJJJJJJJJJJJJJJJJJJJJJJJJ
[S]ReportLog >> missing_page > SDWAN > Groups
[S]ReportLog >> missing_page > JJJJJJJJJJJJJJJJJJJJJJJJJJJJJJJJJJJJJ
[S]ReportLog >> missing_page > SDWAN > SLA Probes
[S]ReportLog >> missing_page > JJJJJJJJJJJJJJJJJJJJJJJJJJJJJJJJJJJJJ
[S]ReportLog >> missing_page > SDWAN > SLA Class Objects
[S]ReportLog >> missing_page > JJJJJJJJJJJJJJJJJJJJJJJJJJJJJJJJJJJJJ
[S]ReportLog >> missing_page > SDWAN > Path Selection Profiles
[S]ReportLog >> missing_page > JJJJJJJJJJJJJJJJJJJJJJJJJJJJJJJJJJJJJ
[S]ReportLog >> missing_page > SDWAN > Rules
[S]ReportLog >> missing_page > JJJJJJJJJJJJJJJJJJJJJJJJJJJJJJJJJJJJJ
[S]ReportLog >> missing_page > IPSec VPN
[S]ReportLog >> missing_page > JJJJJJJJJJJJJJJJJJJJJJJJJJJJJJJJJJJJJ
[S]ReportLog >> missing_page > IPSec VPN > Rules and Settings
[S]ReportLog >> missing_page > JJJJJJJJJJJJJJJJJJJJJJJJJJJJJJJJJJJJJ
[S]ReportLog >> missing_page > IPSec VPN > Advanced
[S]ReportLog >> missing_page > JJJJJJJJJJJJJJJJJJJJJJJJJJJJJJJJJJJJJ
[S]ReportLog >> missing_page > IPSec VPN > DHCP over VPN
[S]ReportLog >> missing_page > JJJJJJJJJJJJJJJJJJJJJJJJJJJJJJJJJJJJJ
[S]ReportLog >> missing_page > IPSec VPN > L2TP Server
[S]ReportLog >> missing_page > JJJJJJJJJJJJJJJJJJJJJJJJJJJJJJJJJJJJJ
[S]ReportLog >> missing_page > IPSec VPN > AWS VPN
[S]ReportLog >> missing_page > JJJJJJJJJJJJJJJJJJJJJJJJJJJJJJJJJJJJJ
[S]ReportLog >> missing_page > SSL VPN
[S]ReportLog >> missing_page > JJJJJJJJJJJJJJJJJJJJJJJJJJJJJJJJJJJJJ
[S]ReportLog >> missing_page > SSL VPN > Status
[S]ReportLog >> missing_page > JJJJJJJJJJJJJJJJJJJJJJJJJJJJJJJJJJJJJ
[S]ReportLog >> missing_page > SSL VPN > Server Settings
[S]ReportLog >> missing_page > JJJJJJJJJJJJJJJJJJJJJJJJJJJJJJJJJJJJJ
[S]ReportLog >> missing_page > SSL VPN > Client Settings
[S]ReportLog >> missing_page > JJJJJJJJJJJJJJJJJJJJJJJJJJJJJJJJJJJJJ
[S]ReportLog >> missing_page > SSL VPN > Portal Settings
[S]ReportLog >> missing_page > JJJJJJJJJJJJJJJJJJJJJJJJJJJJJJJJJJJJJ
[S]ReportLog >> missing_page > SSL VPN > Virtual Office
[S]ReportLog >> missing_page > EEEEEEEEEEEEEEEEEEEEEEEEEEEEEEEEEEEE
[S]ReportLog >> missing_page > System
[S]ReportLog >> missing_page > EEEEEEEEEEEEEEEEEEEEEEEEEEEEEEEEEEEE
[S]ReportLog >> missing_page > System > Interfaces
[S]ReportLog >> missing_page > EEEEEEEEEEEEEEEEEEEEEEEEEEEEEEEEEEEE
[S]ReportLog >> missing_page > System > Failover & LB
[S]ReportLog >> missing_page > EEEEEEEEEEEEEEEEEEEEEEEEEEEEEEEEEEEE
[S]ReportLog >> missing_page > System > Neighbor Discovery
[S]ReportLog >> missing_page > EEEEEEEEEEEEEEEEEEEEEEEEEEEEEEEEEEEE
[S]ReportLog >> missing_page > System > ARP
[S]ReportLog >> missing_page > EEEEEEEEEEEEEEEEEEEEEEEEEEEEEEEEEEEE
[S]ReportLog >> missing_page > System > MAC IP Anti-Spoof
[S]ReportLog >> missing_page > EEEEEEEEEEEEEEEEEEEEEEEEEEEEEEEEEEEE
[S]ReportLog >> missing_page > System > Web Proxy
[S]ReportLog >> missing_page > EEEEEEEEEEEEEEEEEEEEEEEEEEEEEEEEEEEE
[S]ReportLog >> missing_page > System > PortShield Groups
[S]ReportLog >> missing_page > EEEEEEEEEEEEEEEEEEEEEEEEEEEEEEEEEEEE
[S]ReportLog >> missing_page > System > VLAN Translation
[S]ReportLog >> missing_page > EEEEEEEEEEEEEEEEEEEEEEEEEEEEEEEEEEEE
[S]ReportLog >> missing_page > System > IP Helper
[S]ReportLog >> missing_page > EEEEEEEEEEEEEEEEEEEEEEEEEEEEEEEEEEEE
[S]ReportLog >> missing_page > System > Dynamic Routing
[S]ReportLog >> missing_page > EEEEEEEEEEEEEEEEEEEEEEEEEEEEEEEEEEEE
[S]ReportLog >> missing_page > System > DHCP Server
[S]ReportLog >> missing_page > EEEEEEEEEEEEEEEEEEEEEEEEEEEEEEEEEEEE
[S]ReportLog >> missing_page > System > Multicast
[S]ReportLog >> missing_page > EEEEEEEEEEEEEEEEEEEEEEEEEEEEEEEEEEEE
[S]ReportLog >> missing_page > System > Network Monitor
[S]ReportLog >> missing_page > EEEEEEEEEEEEEEEEEEEEEEEEEEEEEEEEEEEE
[S]ReportLog >> missing_page > System > AWS Configuration
[S]ReportLog >> missing_page > EEEEEEEEEEEEEEEEEEEEEEEEEEEEEEEEEEEE
[S]ReportLog >> missing_page > Firewall
[S]ReportLog >> missing_page > EEEEEEEEEEEEEEEEEEEEEEEEEEEEEEEEEEEE
[S]ReportLog >> missing_page > Firewall > Advanced
[S]ReportLog >> missing_page > EEEEEEEEEEEEEEEEEEEEEEEEEEEEEEEEEEEE
[S]ReportLog >> missing_page > Firewall > Flood Protection
[S]ReportLog >> missing_page > EEEEEEEEEEEEEEEEEEEEEEEEEEEEEEEEEEEE
[S]ReportLog >> missing_page > Firewall > SSL Control
[S]ReportLog >> missing_page > EEEEEEEEEEEEEEEEEEEEEEEEEEEEEEEEEEEE
[S]ReportLog >> missing_page > Firewall > Cipher Control
[S]ReportLog >> missing_page > EEEEEEEEEEEEEEEEEEEEEEEEEEEEEEEEEEEE
[S]ReportLog >> missing_page > Firewall > RBL Filter
[S]ReportLog >> missing_page > EEEEEEEEEEEEEEEEEEEEEEEEEEEEEEEEEEEE
[S]ReportLog >> missing_page > VoIP
[S]ReportLog >> missing_page > EEEEEEEEEEEEEEEEEEEEEEEEEEEEEEEEEEEE
[S]ReportLog >> missing_page > VoIP > Settings
[S]ReportLog >> missing_page > EEEEEEEEEEEEEEEEEEEEEEEEEEEEEEEEEEEE
[S]ReportLog >> missing_page > VoIP > Call Status
[S]ReportLog >> missing_page > EEEEEEEEEEEEEEEEEEEEEEEEEEEEEEEEEEEE
[S]ReportLog >> missing_page > DNS
[S]ReportLog >> missing_page > EEEEEEEEEEEEEEEEEEEEEEEEEEEEEEEEEEEE
[S]ReportLog >> missing_page > DNS > Settings
[S]ReportLog >> missing_page > EEEEEEEEEEEEEEEEEEEEEEEEEEEEEEEEEEEE
[S]ReportLog >> missing_page > DNS > Dynamic DNS
[S]ReportLog >> missing_page > EEEEEEEEEEEEEEEEEEEEEEEEEEEEEEEEEEEE
[S]ReportLog >> missing_page > DNS > DNS Proxy
[S]ReportLog >> missing_page > EEEEEEEEEEEEEEEEEEEEEEEEEEEEEEEEEEEE
[S]ReportLog >> missing_page > DNS > DNS Security
[S]ReportLog >> missing_page > EEEEEEEEEEEEEEEEEEEEEEEEEEEEEEEEEEEE
[S]ReportLog >> missing_page > Switching
[S]ReportLog >> missing_page > EEEEEEEEEEEEEEEEEEEEEEEEEEEEEEEEEEEE
[S]ReportLog >> missing_page > Switching > VLAN Trunking
[S]ReportLog >> missing_page > EEEEEEEEEEEEEEEEEEEEEEEEEEEEEEEEEEEE
[S]ReportLog >> missing_page > Switching > L2 Discovery
[S]ReportLog >> missing_page > EEEEEEEEEEEEEEEEEEEEEEEEEEEEEEEEEEEE
[S]ReportLog >> missing_page > Switching > Link Aggregation
[S]ReportLog >> missing_page > EEEEEEEEEEEEEEEEEEEEEEEEEEEEEEEEEEEE
[S]ReportLog >> missing_page > Switching > Port Mirroring
[S]ReportLog >> missing_page > EEEEEEEEEEEEEEEEEEEEEEEEEEEEEEEEEEEE
[S]ReportLog >> missing_page > SDWAN
[S]ReportLog >> missing_page > EEEEEEEEEEEEEEEEEEEEEEEEEEEEEEEEEEEE
[S]ReportLog >> missing_page > SDWAN > Groups
[S]ReportLog >> missing_page > EEEEEEEEEEEEEEEEEEEEEEEEEEEEEEEEEEEE
[S]ReportLog >> missing_page > SDWAN > SLA Probes
[S]ReportLog >> missing_page > EEEEEEEEEEEEEEEEEEEEEEEEEEEEEEEEEEEE
[S]ReportLog >> missing_page > SDWAN > SLA Class Objects
[S]ReportLog >> missing_page > EEEEEEEEEEEEEEEEEEEEEEEEEEEEEEEEEEEE
[S]ReportLog >> missing_page > SDWAN > Path Selection Profiles
[S]ReportLog >> missing_page > EEEEEEEEEEEEEEEEEEEEEEEEEEEEEEEEEEEE
[S]ReportLog >> missing_page > SDWAN > Rules
[S]ReportLog >> missing_page > EEEEEEEEEEEEEEEEEEEEEEEEEEEEEEEEEEEE
[S]ReportLog >> missing_page > IPSec VPN
[S]ReportLog >> missing_page > EEEEEEEEEEEEEEEEEEEEEEEEEEEEEEEEEEEE
[S]ReportLog >> missing_page > IPSec VPN > Rules and Settings
[S]ReportLog >> missing_page > EEEEEEEEEEEEEEEEEEEEEEEEEEEEEEEEEEEE
[S]ReportLog >> missing_page > IPSec VPN > Advanced
[S]ReportLog >> missing_page > EEEEEEEEEEEEEEEEEEEEEEEEEEEEEEEEEEEE
[S]ReportLog >> missing_page > IPSec VPN > DHCP over VPN
[S]ReportLog >> missing_page > EEEEEEEEEEEEEEEEEEEEEEEEEEEEEEEEEEEE
[S]ReportLog >> missing_page > IPSec VPN > L2TP Server
[S]ReportLog >> missing_page > EEEEEEEEEEEEEEEEEEEEEEEEEEEEEEEEEEEE
[S]ReportLog >> missing_page > IPSec VPN > AWS VPN
[S]ReportLog >> missing_page > EEEEEEEEEEEEEEEEEEEEEEEEEEEEEEEEEEEE
[S]ReportLog >> missing_page > SSL VPN
[S]ReportLog >> missing_page > EEEEEEEEEEEEEEEEEEEEEEEEEEEEEEEEEEEE
[S]ReportLog >> missing_page > SSL VPN > Status
[S]ReportLog >> missing_page > EEEEEEEEEEEEEEEEEEEEEEEEEEEEEEEEEEEE
[S]ReportLog >> missing_page > SSL VPN > Server Settings
[S]ReportLog >> missing_page > EEEEEEEEEEEEEEEEEEEEEEEEEEEEEEEEEEEE
[S]ReportLog >> missing_page > SSL VPN > Client Settings
[S]ReportLog >> missing_page > EEEEEEEEEEEEEEEEEEEEEEEEEEEEEEEEEEEE
[S]ReportLog >> missing_page > SSL VPN > Portal Settings
[S]ReportLog >> missing_page > EEEEEEEEEEEEEEEEEEEEEEEEEEEEEEEEEEEE
[S]ReportLog >> missing_page > SSL VPN > Virtual Office
[S]ReportLog >> test_dataCompare > ^^^^^^^^^^^^^^^^^^^^^^^^^^^^^^^^^^
[S]ReportLog >> test_dataCompare > ^          All Matched!          ^
[S]ReportLog >> test_dataCompare > ^^^^^^^^^^^^^^^^^^^^^^^^^^^^^^^^^^]]>
  </system-out>
</testsuite> <!-- test.Test_vsDATA_JE -->
