<?xml version="1.0" encoding="UTF-8"?>
<!-- Generated by org.testng.reporters.JUnitReportReporter -->
<testsuite hostname="g3771j3-khuang" failures="0" tests="1" name="test.Test_NavData_JPN" time="11.183" errors="0" timestamp="2022-08-01T16:39:16 CST" skipped="0">
  <testcase classname="test.Test_NavData_JPN" name="test_Step01_Login_JPN" time="11.183"/>
  <system-out>
    <![CDATA[[S]ReportLog >> test_Step01_Login_JPN > Login to main page...]]>
  </system-out>
</testsuite> <!-- test.Test_NavData_JPN -->
