<?xml version="1.0" encoding="UTF-8"?>
<!-- Generated by org.testng.reporters.JUnitReportReporter -->
<testsuite hostname="g3771j3-khuang" failures="0" tests="1" name="test.Test_vsDATA_ZE" time="0.024" errors="0" timestamp="2023-02-07T15:07:51 CST" skipped="0">
  <testcase classname="test.Test_vsDATA_ZE" name="test_dataCompare" time="0.024"/>
  <system-out>
    <![CDATA[[S]ReportLog >> Box_ZHT > Got data!
[S]ReportLog >> box_ENG > Got data!
[S]ReportLog >> test_dataCompare > Ready to start...
[S]ReportLog >> test_dataCompare > --------------------------------------------------------------------
[S]ReportLog >> test_dataCompare > [ZHT] info: Device Name -----> NSa 5700
[S]ReportLog >> test_dataCompare > [ZHT] info: Serial Number ---> 2CB8EDA2B70F
[S]ReportLog >> test_dataCompare > [ZHT] info: Firmware Version > SonicOS 7.0.1-5108-D4064-t6057
[S]ReportLog >> test_dataCompare > --------------------------------------------------------------------
[S]ReportLog >> test_dataCompare > [ENG] info: Device Name -----> TZ 570P
[S]ReportLog >> test_dataCompare > [ENG] info: Serial Number ---> 2CB8ED694D58
[S]ReportLog >> test_dataCompare > [ENG] info: Firmware Version > SonicOS 7.0.1-5108-P4066
[S]ReportLog >> test_dataCompare > --------------------------------------------------------------------
[S]ReportLog >> missing_page > [ENG] version missing: DEVICE > Users > Partitions
[S]ReportLog >> missing_page > [ZHT] version missing: NETWORK > System > PoE Settings
[S]ReportLog >> missing_page > [ENG] version missing: NETWORK > Switching
[S]ReportLog >> missing_page > [ENG] version missing: NETWORK > Switching > VLAN Trunking
[S]ReportLog >> missing_page > [ENG] version missing: NETWORK > Switching > L2 Discovery
[S]ReportLog >> missing_page > [ENG] version missing: NETWORK > Switching > Link Aggregation
[S]ReportLog >> missing_page > [ENG] version missing: NETWORK > Switching > Port Mirroring]]>
  </system-out>
</testsuite> <!-- test.Test_vsDATA_ZE -->
