<?xml version="1.0" encoding="UTF-8"?>
<!-- Generated by org.testng.reporters.JUnitReportReporter -->
<testsuite hostname="g3771j3-khuang" failures="0" tests="2" name="test.Test_NavData_JPN" time="60.248" errors="0" timestamp="2023-02-07T15:10:48 CST" skipped="0">
  <testcase classname="test.Test_NavData_JPN" name="test_Step01_Login_JPN" time="31.000"/>
  <system-out>
    <![CDATA[[S]ReportLog >> test.Test_NavData_JPN > Login to main page...
[S]ReportLog >> test.Test_NavData_JPN > Element Not Found! >> preempt]]>
  </system-out>
  <testcase classname="test.Test_NavData_JPN" name="test_Step02_MenuTop_JPN" time="29.248"/>
  <system-out>
    <![CDATA[[S]ReportLog >> test.Test_NavData_JPN > Switch to 'Non-Config' mode...
[S]ReportLog >> test.Test_NavData_JPN > Data created for [JPN]!
[S]ReportLog >> test.Test_NavData_JPN > 'HOME' Menu: ダッシュボード >> Dashboard
[S]ReportLog >> test.Test_NavData_JPN > 'HOME' Menu: システム >> System
[S]ReportLog >> test.Test_NavData_JPN > 'HOME' Menu: アクセス ポイント >> Access Points
[S]ReportLog >> test.Test_NavData_JPN > 'HOME' Menu: キャプチャ ATP >> Capture ATP
[S]ReportLog >> test.Test_NavData_JPN > 'HOME' Menu: トポロジ >> Topology
[S]ReportLog >> test.Test_NavData_JPN > 'HOME' Menu: 法的情報 >> Legal Information
[S]ReportLog >> test.Test_NavData_JPN > 'HOME' Menu: API >> API
[S]ReportLog >> test.Test_NavData_JPN > ========================================================================
[S]ReportLog >> test.Test_NavData_JPN > 'HOME' Menu: No duplicated data to the TOP
[S]ReportLog >> test.Test_NavData_JPN > ========================================================================
[S]ReportLog >> test.Test_NavData_JPN > ALL MENU: 7
[S]ReportLog >> test.Test_NavData_JPN > Data updated for [JPN]!
[S]ReportLog >> test.Test_NavData_JPN > Top menu 'HOME' is done!
[S]ReportLog >> test.Test_NavData_JPN > 'MONITOR' Menu: リアルタイム グラフ >> Real-Time Charts
[S]ReportLog >> test.Test_NavData_JPN > 'MONITOR' Menu: システム監視 >> System Monitor
[S]ReportLog >> test.Test_NavData_JPN > 'MONITOR' Menu: プロトコル監視 >> Protocol Monitor
[S]ReportLog >> test.Test_NavData_JPN > 'MONITOR' Menu: ユーザ監視 >> User Monitor
[S]ReportLog >> test.Test_NavData_JPN > 'MONITOR' Menu: 帯域幅管理監視 >> BWM Monitor
[S]ReportLog >> test.Test_NavData_JPN > 'MONITOR' Menu: AppFlow >> AppFlow
[S]ReportLog >> test.Test_NavData_JPN > 'MONITOR' Menu: AppFlow 報告 >> AppFlow Report
[S]ReportLog >> test.Test_NavData_JPN > 'MONITOR' Menu: AppFlow 監視 >> AppFlow Monitor
[S]ReportLog >> test.Test_NavData_JPN > 'MONITOR' Menu: CTA レポート >> CTA Report
[S]ReportLog >> test.Test_NavData_JPN > 'MONITOR' Menu: SDWAN >> SDWAN
[S]ReportLog >> test.Test_NavData_JPN > 'MONITOR' Menu: SDWAN 監視 >> SDWAN Monitor
[S]ReportLog >> test.Test_NavData_JPN > 'MONITOR' Menu: SD-WAN 接続 >> SD-WAN Connections
[S]ReportLog >> test.Test_NavData_JPN > 'MONITOR' Menu: ログ >> Logs
[S]ReportLog >> test.Test_NavData_JPN > 'MONITOR' Menu: システム ログ >> System Logs
[S]ReportLog >> test.Test_NavData_JPN > 'MONITOR' Menu: 監査ログ >> Auditing Logs
[S]ReportLog >> test.Test_NavData_JPN > 'MONITOR' Menu: ツールと監視 >> Tools & Monitors
[S]ReportLog >> test.Test_NavData_JPN > 'MONITOR' Menu: パケット監視 >> Packet Monitor
[S]ReportLog >> test.Test_NavData_JPN > 'MONITOR' Menu: 接続 >> Connections
[S]ReportLog >> test.Test_NavData_JPN > 'MONITOR' Menu: コア 0 プロセス >> Core 0 Processes
[S]ReportLog >> test.Test_NavData_JPN > 'MONITOR' Menu: パケット再生 >> Packet Replay
[S]ReportLog >> test.Test_NavData_JPN > ========================================================================
[S]ReportLog >> test.Test_NavData_JPN > 'MONITOR' Menu: No duplicated data to the TOP
[S]ReportLog >> test.Test_NavData_JPN > ========================================================================
[S]ReportLog >> test.Test_NavData_JPN > ALL MENU: 20
[S]ReportLog >> test.Test_NavData_JPN > Data updated for [JPN]!
[S]ReportLog >> test.Test_NavData_JPN > Top menu 'MONITOR' is done!
[S]ReportLog >> test.Test_NavData_JPN > 'DEVICE' Menu: 設定 >> Settings
[S]ReportLog >> test.Test_NavData_JPN > 'DEVICE' Menu: ライセンス >> Licenses
[S]ReportLog >> test.Test_NavData_JPN > 'DEVICE' Menu: 管理 >> Administration
[S]ReportLog >> test.Test_NavData_JPN > 'DEVICE' Menu: 時間 >> Time
[S]ReportLog >> test.Test_NavData_JPN > 'DEVICE' Menu: 証明書 >> Certificates
[S]ReportLog >> test.Test_NavData_JPN > 'DEVICE' Menu: SNMP >> SNMP
[S]ReportLog >> test.Test_NavData_JPN > 'DEVICE' Menu: ファームウェアと設定 >> Firmware and Settings
[S]ReportLog >> test.Test_NavData_JPN > 'DEVICE' Menu: 記憶装置 >> Storage
[S]ReportLog >> test.Test_NavData_JPN > 'DEVICE' Menu: 再起動 >> Restart
[S]ReportLog >> test.Test_NavData_JPN > 'DEVICE' Menu: 高可用性 >> High Availability
[S]ReportLog >> test.Test_NavData_JPN > 'DEVICE' Menu: 状況 >> Status
[S]ReportLog >> test.Test_NavData_JPN > 'DEVICE' Menu: 設定 >> Settings
[S]ReportLog >> test.Test_NavData_JPN > 'DEVICE' Menu: 詳細 >> Advanced
[S]ReportLog >> test.Test_NavData_JPN > 'DEVICE' Menu: 監視 >> Monitoring
[S]ReportLog >> test.Test_NavData_JPN > 'DEVICE' Menu: ユーザ >> Users
[S]ReportLog >> test.Test_NavData_JPN > 'DEVICE' Menu: 状況 >> Status
[S]ReportLog >> test.Test_NavData_JPN > 'DEVICE' Menu: 設定 >> Settings
[S]ReportLog >> test.Test_NavData_JPN > 'DEVICE' Menu: パーティション >> Partitions
[S]ReportLog >> test.Test_NavData_JPN > 'DEVICE' Menu: ローカル ユーザとグループ >> Local Users & Groups
[S]ReportLog >> test.Test_NavData_JPN > 'DEVICE' Menu: ゲスト サービス >> Guest Services
[S]ReportLog >> test.Test_NavData_JPN > 'DEVICE' Menu: ゲスト アカウント >> Guest Accounts
[S]ReportLog >> test.Test_NavData_JPN > 'DEVICE' Menu: ゲスト状況 >> Guest Status
[S]ReportLog >> test.Test_NavData_JPN > 'DEVICE' Menu: AppFlow >> AppFlow
[S]ReportLog >> test.Test_NavData_JPN > 'DEVICE' Menu: フロー報告 >> Flow Reporting
[S]ReportLog >> test.Test_NavData_JPN > 'DEVICE' Menu: AppFlow エージェント >> AppFlow Agent
[S]ReportLog >> test.Test_NavData_JPN > 'DEVICE' Menu: ログ >> Log
[S]ReportLog >> test.Test_NavData_JPN > 'DEVICE' Menu: 設定 >> Settings
[S]ReportLog >> test.Test_NavData_JPN > 'DEVICE' Menu: Syslog >> Syslog
[S]ReportLog >> test.Test_NavData_JPN > 'DEVICE' Menu: 自動化 >> Automation
[S]ReportLog >> test.Test_NavData_JPN > 'DEVICE' Menu: 名前解決 >> Name Resolution
[S]ReportLog >> test.Test_NavData_JPN > 'DEVICE' Menu: レポート >> Reports
[S]ReportLog >> test.Test_NavData_JPN > 'DEVICE' Menu: AWS >> AWS
[S]ReportLog >> test.Test_NavData_JPN > 'DEVICE' Menu: 診断 >> Diagnostics
[S]ReportLog >> test.Test_NavData_JPN > 'DEVICE' Menu: テクニカル サポート レポート >> Tech Support Report
[S]ReportLog >> test.Test_NavData_JPN > 'DEVICE' Menu: ネットワーク設定の確認 >> Check Network Settings
[S]ReportLog >> test.Test_NavData_JPN > 'DEVICE' Menu: DNS 名の調査 >> DNS Name Lookup
[S]ReportLog >> test.Test_NavData_JPN > 'DEVICE' Menu: ネットワーク パス >> Network Path
[S]ReportLog >> test.Test_NavData_JPN > 'DEVICE' Menu: Ping >> Ping
[S]ReportLog >> test.Test_NavData_JPN > 'DEVICE' Menu: ルート追跡 >> Trace Route
[S]ReportLog >> test.Test_NavData_JPN > 'DEVICE' Menu: リアルタイム ブラックリスト >> Real-Time Blacklist
[S]ReportLog >> test.Test_NavData_JPN > 'DEVICE' Menu: 逆引き名前調査 >> Reverse Name Lookup
[S]ReportLog >> test.Test_NavData_JPN > 'DEVICE' Menu: 上位接続 >> Connection TopX
[S]ReportLog >> test.Test_NavData_JPN > 'DEVICE' Menu: 地域とボットネット >> Geo and Botnet
[S]ReportLog >> test.Test_NavData_JPN > 'DEVICE' Menu: MX とバナー >> MX and Banner
[S]ReportLog >> test.Test_NavData_JPN > 'DEVICE' Menu: グリッド確認 >> GRID Check
[S]ReportLog >> test.Test_NavData_JPN > 'DEVICE' Menu: URL 格付け要求 >> URL Rating Request
[S]ReportLog >> test.Test_NavData_JPN > 'DEVICE' Menu: PMTU 検出 >> PMTU Discovery
[S]ReportLog >> test.Test_NavData_JPN > 'DEVICE' Menu: スイッチ診断 >> Switch Diagnostics
[S]ReportLog >> test.Test_NavData_JPN > 'DEVICE' Menu: スイッチ ネットワーク >> Switch Network
[S]ReportLog >> test.Test_NavData_JPN > 'DEVICE' Menu: 概要 >> Overview
[S]ReportLog >> test.Test_NavData_JPN > 'DEVICE' Menu: スイッチ >> Switches
[S]ReportLog >> test.Test_NavData_JPN > 'DEVICE' Menu: アクセス ポイント >> Access Points
[S]ReportLog >> test.Test_NavData_JPN > 'DEVICE' Menu: 設定 >> Settings
[S]ReportLog >> test.Test_NavData_JPN > 'DEVICE' Menu: ファームウェア管理 >> Firmware Management
[S]ReportLog >> test.Test_NavData_JPN > 'DEVICE' Menu: フロア プランの表示 >> Floor Plan View
[S]ReportLog >> test.Test_NavData_JPN > 'DEVICE' Menu: ステーション状況 >> Station Status
[S]ReportLog >> test.Test_NavData_JPN > 'DEVICE' Menu: IDS >> IDS
[S]ReportLog >> test.Test_NavData_JPN > 'DEVICE' Menu: 高度な IDP >> Advanced IDP
[S]ReportLog >> test.Test_NavData_JPN > 'DEVICE' Menu: パケット キャプチャ >> Packet Capture
[S]ReportLog >> test.Test_NavData_JPN > 'DEVICE' Menu: 仮想アクセス ポイント >> Virtual Access Point
[S]ReportLog >> test.Test_NavData_JPN > 'DEVICE' Menu: RF 監視 >> RF Monitoring
[S]ReportLog >> test.Test_NavData_JPN > 'DEVICE' Menu: RF 解析 >> RF Analysis
[S]ReportLog >> test.Test_NavData_JPN > 'DEVICE' Menu: RF スペクトラム >> RF Spectrum
[S]ReportLog >> test.Test_NavData_JPN > 'DEVICE' Menu: FairNet >> FairNet
[S]ReportLog >> test.Test_NavData_JPN > 'DEVICE' Menu: Wi-Fi マルチメディア >> Wi-Fi Multimedia
[S]ReportLog >> test.Test_NavData_JPN > 'DEVICE' Menu: 3G/4G/LTE WWAN >> 3G/4G/LTE WWAN
[S]ReportLog >> test.Test_NavData_JPN > 'DEVICE' Menu: Bluetooth LE >> Bluetooth LE
[S]ReportLog >> test.Test_NavData_JPN > 'DEVICE' Menu: 無線管理 >> Radio Management
[S]ReportLog >> test.Test_NavData_JPN > 'DEVICE' Menu: WWAN >> WWAN
[S]ReportLog >> test.Test_NavData_JPN > ========================================================================
[S]ReportLog >> test.Test_NavData_JPN > 'DEVICE' Menu: Settings >> Settings (TOP)
[S]ReportLog >> test.Test_NavData_JPN > ========================================================================
[S]ReportLog >> test.Test_NavData_JPN > ALL MENU: 69
[S]ReportLog >> test.Test_NavData_JPN > Data updated for [JPN]!
[S]ReportLog >> test.Test_NavData_JPN > Top menu 'DEVICE' is done!
[S]ReportLog >> test.Test_NavData_JPN > 'NETWORK' Menu: システム >> System
[S]ReportLog >> test.Test_NavData_JPN > 'NETWORK' Menu: インターフェース >> Interfaces
[S]ReportLog >> test.Test_NavData_JPN > 'NETWORK' Menu: フェイルオーバーと負荷分散 >> Failover & LB
[S]ReportLog >> test.Test_NavData_JPN > 'NETWORK' Menu: 近隣者検出 >> Neighbor Discovery
[S]ReportLog >> test.Test_NavData_JPN > 'NETWORK' Menu: ARP >> ARP
[S]ReportLog >> test.Test_NavData_JPN > 'NETWORK' Menu: MAC IP アンチスプーフ >> MAC IP Anti-Spoof
[S]ReportLog >> test.Test_NavData_JPN > 'NETWORK' Menu: ウェブ プロキシ >> Web Proxy
[S]ReportLog >> test.Test_NavData_JPN > 'NETWORK' Menu: PortShield グループ >> PortShield Groups
[S]ReportLog >> test.Test_NavData_JPN > 'NETWORK' Menu: VLAN 変換 >> VLAN Translation
[S]ReportLog >> test.Test_NavData_JPN > 'NETWORK' Menu: IP ヘルパー >> IP Helper
[S]ReportLog >> test.Test_NavData_JPN > 'NETWORK' Menu: 動的ルーティング >> Dynamic Routing
[S]ReportLog >> test.Test_NavData_JPN > 'NETWORK' Menu: DHCP サーバ >> DHCP Server
[S]ReportLog >> test.Test_NavData_JPN > 'NETWORK' Menu: マルチキャスト >> Multicast
[S]ReportLog >> test.Test_NavData_JPN > 'NETWORK' Menu: ネットワーク監視 >> Network Monitor
[S]ReportLog >> test.Test_NavData_JPN > 'NETWORK' Menu: AWS 設定 >> AWS Configuration
[S]ReportLog >> test.Test_NavData_JPN > 'NETWORK' Menu: ファイアウォール >> Firewall
[S]ReportLog >> test.Test_NavData_JPN > 'NETWORK' Menu: 詳細 >> Advanced
[S]ReportLog >> test.Test_NavData_JPN > 'NETWORK' Menu: フラッド防御 >> Flood Protection
[S]ReportLog >> test.Test_NavData_JPN > 'NETWORK' Menu: SSL 制御 >> SSL Control
[S]ReportLog >> test.Test_NavData_JPN > 'NETWORK' Menu: 暗号化制御 >> Cipher Control
[S]ReportLog >> test.Test_NavData_JPN > 'NETWORK' Menu: RBL フィルタ >> RBL Filter
[S]ReportLog >> test.Test_NavData_JPN > 'NETWORK' Menu: VoIP >> VoIP
[S]ReportLog >> test.Test_NavData_JPN > 'NETWORK' Menu: 設定 >> Settings
[S]ReportLog >> test.Test_NavData_JPN > 'NETWORK' Menu: 通話状況 >> Call Status
[S]ReportLog >> test.Test_NavData_JPN > 'NETWORK' Menu: DNS >> DNS
[S]ReportLog >> test.Test_NavData_JPN > 'NETWORK' Menu: 設定 >> Settings
[S]ReportLog >> test.Test_NavData_JPN > 'NETWORK' Menu: 動的 DNS >> Dynamic DNS
[S]ReportLog >> test.Test_NavData_JPN > 'NETWORK' Menu: DNS プロキシ >> DNS Proxy
[S]ReportLog >> test.Test_NavData_JPN > 'NETWORK' Menu: DNS セキュリティ >> DNS Security
[S]ReportLog >> test.Test_NavData_JPN > 'NETWORK' Menu: スイッチング >> Switching
[S]ReportLog >> test.Test_NavData_JPN > 'NETWORK' Menu: VLAN トランク >> VLAN Trunking
[S]ReportLog >> test.Test_NavData_JPN > 'NETWORK' Menu: L2 発見 >> L2 Discovery
[S]ReportLog >> test.Test_NavData_JPN > 'NETWORK' Menu: リンク統合 >> Link Aggregation
[S]ReportLog >> test.Test_NavData_JPN > 'NETWORK' Menu: ポート ミラーリング >> Port Mirroring
[S]ReportLog >> test.Test_NavData_JPN > 'NETWORK' Menu: SDWAN >> SDWAN
[S]ReportLog >> test.Test_NavData_JPN > 'NETWORK' Menu: グループ >> Groups
[S]ReportLog >> test.Test_NavData_JPN > 'NETWORK' Menu: SLA プローブ >> SLA Probes
[S]ReportLog >> test.Test_NavData_JPN > 'NETWORK' Menu: SLA クラス オブジェクト >> SLA Class Objects
[S]ReportLog >> test.Test_NavData_JPN > 'NETWORK' Menu: パス選択プロファイル >> Path Selection Profiles
[S]ReportLog >> test.Test_NavData_JPN > 'NETWORK' Menu: ルール >> Rules
[S]ReportLog >> test.Test_NavData_JPN > 'NETWORK' Menu: IPSec VPN >> IPSec VPN
[S]ReportLog >> test.Test_NavData_JPN > 'NETWORK' Menu: ルールと設定 >> Rules and Settings
[S]ReportLog >> test.Test_NavData_JPN > 'NETWORK' Menu: 詳細 >> Advanced
[S]ReportLog >> test.Test_NavData_JPN > 'NETWORK' Menu: VPN を越えた DHCP >> DHCP over VPN
[S]ReportLog >> test.Test_NavData_JPN > 'NETWORK' Menu: L2TP サーバ >> L2TP Server
[S]ReportLog >> test.Test_NavData_JPN > 'NETWORK' Menu: AWS VPN >> AWS VPN
[S]ReportLog >> test.Test_NavData_JPN > 'NETWORK' Menu: SSL VPN >> SSL VPN
[S]ReportLog >> test.Test_NavData_JPN > 'NETWORK' Menu: 状況 >> Status
[S]ReportLog >> test.Test_NavData_JPN > 'NETWORK' Menu: サーバ設定 >> Server Settings
[S]ReportLog >> test.Test_NavData_JPN > 'NETWORK' Menu: クライアント設定 >> Client Settings
[S]ReportLog >> test.Test_NavData_JPN > 'NETWORK' Menu: ポータル設定 >> Portal Settings
[S]ReportLog >> test.Test_NavData_JPN > 'NETWORK' Menu: 仮想オフィス >> Virtual Office
[S]ReportLog >> test.Test_NavData_JPN > ========================================================================
[S]ReportLog >> test.Test_NavData_JPN > 'NETWORK' Menu: No duplicated data to the TOP
[S]ReportLog >> test.Test_NavData_JPN > ========================================================================
[S]ReportLog >> test.Test_NavData_JPN > ALL MENU: 52
[S]ReportLog >> test.Test_NavData_JPN > Data updated for [JPN]!
[S]ReportLog >> test.Test_NavData_JPN > Top menu 'NETWORK' is done!
[S]ReportLog >> test.Test_NavData_JPN > 'OBJECT' Menu: 一致オブジェクト >> Match Objects
[S]ReportLog >> test.Test_NavData_JPN > 'OBJECT' Menu: ゾーン >> Zones
[S]ReportLog >> test.Test_NavData_JPN > 'OBJECT' Menu: アドレス >> Addresses
[S]ReportLog >> test.Test_NavData_JPN > 'OBJECT' Menu: サービス >> Services
[S]ReportLog >> test.Test_NavData_JPN > 'OBJECT' Menu: URI リスト >> URI Lists
[S]ReportLog >> test.Test_NavData_JPN > 'OBJECT' Menu: 一致オブジェクト >> Match Objects
[S]ReportLog >> test.Test_NavData_JPN > 'OBJECT' Menu: スケジュール >> Schedules
[S]ReportLog >> test.Test_NavData_JPN > 'OBJECT' Menu: 動的グループ >> Dynamic Group
[S]ReportLog >> test.Test_NavData_JPN > 'OBJECT' Menu: 電子メール アドレス >> Email Addresses
[S]ReportLog >> test.Test_NavData_JPN > 'OBJECT' Menu: プロファイル オブジェクト >> Profile Objects
[S]ReportLog >> test.Test_NavData_JPN > 'OBJECT' Menu: エンドポイント セキュリティ >> Endpoint Security
[S]ReportLog >> test.Test_NavData_JPN > 'OBJECT' Menu: 帯域幅 >> Bandwidth
[S]ReportLog >> test.Test_NavData_JPN > 'OBJECT' Menu: QoS 級割 >> QoS Marking
[S]ReportLog >> test.Test_NavData_JPN > 'OBJECT' Menu: コンテンツ フィルタ >> Content Filter
[S]ReportLog >> test.Test_NavData_JPN > 'OBJECT' Menu: DHCP オプション >> DHCP Option
[S]ReportLog >> test.Test_NavData_JPN > 'OBJECT' Menu: AWS >> AWS
[S]ReportLog >> test.Test_NavData_JPN > 'OBJECT' Menu: 動作オブジェクト >> Action Objects
[S]ReportLog >> test.Test_NavData_JPN > 'OBJECT' Menu: アプリケーション ルールの動作 >> App Rule Actions
[S]ReportLog >> test.Test_NavData_JPN > 'OBJECT' Menu: コンテンツ フィルタの動作 >> Content Filter Actions
[S]ReportLog >> test.Test_NavData_JPN > ========================================================================
[S]ReportLog >> test.Test_NavData_JPN > 'OBJECT' Menu: Match Objects >> Match Objects (TOP)
[S]ReportLog >> test.Test_NavData_JPN > ========================================================================
[S]ReportLog >> test.Test_NavData_JPN > ALL MENU: 19
[S]ReportLog >> test.Test_NavData_JPN > Data updated for [JPN]!
[S]ReportLog >> test.Test_NavData_JPN > Top menu 'OBJECT' is done!
[S]ReportLog >> test.Test_NavData_JPN > 'POLICY' Menu: ルールとポリシー >> Rules and Policies
[S]ReportLog >> test.Test_NavData_JPN > 'POLICY' Menu: アクセス ルール >> Access Rules
[S]ReportLog >> test.Test_NavData_JPN > 'POLICY' Menu: NAT ルール >> NAT Rules
[S]ReportLog >> test.Test_NavData_JPN > 'POLICY' Menu: ルーティング ルール >> Routing Rules
[S]ReportLog >> test.Test_NavData_JPN > 'POLICY' Menu: コンテンツ フィルタ ルール >> Content Filter Rules
[S]ReportLog >> test.Test_NavData_JPN > 'POLICY' Menu: アプリケーション ルール >> App Rules
[S]ReportLog >> test.Test_NavData_JPN > 'POLICY' Menu: エンドポイント ルール >> Endpoint Rules
[S]ReportLog >> test.Test_NavData_JPN > 'POLICY' Menu: DPI-SSL >> DPI-SSL
[S]ReportLog >> test.Test_NavData_JPN > 'POLICY' Menu: クライアント SSL >> Client SSL
[S]ReportLog >> test.Test_NavData_JPN > 'POLICY' Menu: サーバ SSL >> Server SSL
[S]ReportLog >> test.Test_NavData_JPN > 'POLICY' Menu: DPI-SSH >> DPI-SSH
[S]ReportLog >> test.Test_NavData_JPN > 'POLICY' Menu: 設定 >> Settings
[S]ReportLog >> test.Test_NavData_JPN > 'POLICY' Menu: セキュリティ サービス >> Security Services
[S]ReportLog >> test.Test_NavData_JPN > 'POLICY' Menu: サマリ >> Summary
[S]ReportLog >> test.Test_NavData_JPN > 'POLICY' Menu: ゲートウェイ アンチウイルス >> Gateway Anti-Virus
[S]ReportLog >> test.Test_NavData_JPN > 'POLICY' Menu: アンチスパイウェア >> Anti-Spyware
[S]ReportLog >> test.Test_NavData_JPN > 'POLICY' Menu: 侵入防御 >> Intrusion Prevention
[S]ReportLog >> test.Test_NavData_JPN > 'POLICY' Menu: 地域 IP フィルタ >> Geo-IP Filter
[S]ReportLog >> test.Test_NavData_JPN > 'POLICY' Menu: ボットネット フィルタ >> Botnet Filter
[S]ReportLog >> test.Test_NavData_JPN > 'POLICY' Menu: アプリケーション制御 >> App Control
[S]ReportLog >> test.Test_NavData_JPN > 'POLICY' Menu: コンテンツ フィルタ >> Content Filter
[S]ReportLog >> test.Test_NavData_JPN > 'POLICY' Menu: アンチスパム >> Anti-Spam
[S]ReportLog >> test.Test_NavData_JPN > 'POLICY' Menu: 状況 >> Status
[S]ReportLog >> test.Test_NavData_JPN > 'POLICY' Menu: 設定 >> Settings
[S]ReportLog >> test.Test_NavData_JPN > 'POLICY' Menu: キャプチャ ATP >> Capture ATP
[S]ReportLog >> test.Test_NavData_JPN > 'POLICY' Menu: 設定 >> Settings
[S]ReportLog >> test.Test_NavData_JPN > 'POLICY' Menu: スキャン履歴 >> Scanning History
[S]ReportLog >> test.Test_NavData_JPN > 'POLICY' Menu: エンドポイント セキュリティ >> Endpoint Security
[S]ReportLog >> test.Test_NavData_JPN > ========================================================================
[S]ReportLog >> test.Test_NavData_JPN > 'POLICY' Menu: No duplicated data to the TOP
[S]ReportLog >> test.Test_NavData_JPN > ========================================================================
[S]ReportLog >> test.Test_NavData_JPN > ALL MENU: 28
[S]ReportLog >> test.Test_NavData_JPN > Data updated for [JPN]!
[S]ReportLog >> test.Test_NavData_JPN > Top menu 'POLICY' is done!
[S]ReportLog >> test.Test_NavData_JPN > Info created for [JPN]!
[S]ReportLog >> test.Test_NavData_JPN > Info updated for [JPN]!]]>
  </system-out>
</testsuite> <!-- test.Test_NavData_JPN -->
