<?xml version="1.0" encoding="UTF-8"?>
<!-- Generated by org.testng.reporters.JUnitReportReporter -->
<testsuite hostname="g3771j3-khuang" failures="0" tests="2" name="test.Test_NavData_JPN" time="52.127" errors="0" timestamp="2022-07-28T17:28:21 CST" skipped="0">
  <testcase classname="test.Test_NavData_JPN" name="test_Step02_MenuTop_JPN" time="41.173"/>
  <system-out>
    <![CDATA[[S]ReportLog >> test_Step02_MenuTop_JPN > Switch to 'Non-Config' mode...
[S]ReportLog >> test_Step02_MenuTop_JPN > Data created!
[S]ReportLog >> test.Test_NavData_JPN > =================================================
[S]ReportLog >> test.Test_NavData_JPN > Dashboard
[S]ReportLog >> test.Test_NavData_JPN > System
[S]ReportLog >> test.Test_NavData_JPN > Access Points
[S]ReportLog >> test.Test_NavData_JPN > Capture ATP
[S]ReportLog >> test.Test_NavData_JPN > Topology
[S]ReportLog >> test.Test_NavData_JPN > ALL MENU: 5
[S]ReportLog >> test.Test_NavData_JPN > =================================================
[S]ReportLog >> test.Test_NavData_JPN > Legal Information
[S]ReportLog >> test.Test_NavData_JPN > ALL MENU: 1
[S]ReportLog >> test.Test_NavData_JPN > =================================================
[S]ReportLog >> test.Test_NavData_JPN > API
[S]ReportLog >> test.Test_NavData_JPN > ALL MENU: 1
[S]ReportLog >> test_Step02_MenuTop_JPN > Data updated!
[S]ReportLog >> test_Step02_MenuTop_JPN > Top menu 'HOME' is done!
[S]ReportLog >> test.Test_NavData_JPN > =================================================
[S]ReportLog >> test.Test_NavData_JPN > Real-Time Charts
[S]ReportLog >> test.Test_NavData_JPN > System Monitor
[S]ReportLog >> test.Test_NavData_JPN > Protocol Monitor
[S]ReportLog >> test.Test_NavData_JPN > User Monitor
[S]ReportLog >> test.Test_NavData_JPN > BWM Monitor
[S]ReportLog >> test.Test_NavData_JPN > ALL MENU: 5
[S]ReportLog >> test.Test_NavData_JPN > =================================================
[S]ReportLog >> test.Test_NavData_JPN > AppFlow
[S]ReportLog >> test.Test_NavData_JPN > AppFlow Report
[S]ReportLog >> test.Test_NavData_JPN > AppFlow Monitor
[S]ReportLog >> test.Test_NavData_JPN > CTA Report
[S]ReportLog >> test.Test_NavData_JPN > ALL MENU: 4
[S]ReportLog >> test.Test_NavData_JPN > =================================================
[S]ReportLog >> test.Test_NavData_JPN > SDWAN
[S]ReportLog >> test.Test_NavData_JPN > SDWAN Monitor
[S]ReportLog >> test.Test_NavData_JPN > SD-WAN Connections
[S]ReportLog >> test.Test_NavData_JPN > ALL MENU: 3
[S]ReportLog >> test.Test_NavData_JPN > =================================================
[S]ReportLog >> test.Test_NavData_JPN > Logs
[S]ReportLog >> test.Test_NavData_JPN > System Logs
[S]ReportLog >> test.Test_NavData_JPN > Auditing Logs
[S]ReportLog >> test.Test_NavData_JPN > ALL MENU: 3
[S]ReportLog >> test.Test_NavData_JPN > =================================================
[S]ReportLog >> test.Test_NavData_JPN > Tools & Monitors
[S]ReportLog >> test.Test_NavData_JPN > Packet Monitor
[S]ReportLog >> test.Test_NavData_JPN > Connections
[S]ReportLog >> test.Test_NavData_JPN > Core 0 Processes
[S]ReportLog >> test.Test_NavData_JPN > Packet Replay
[S]ReportLog >> test.Test_NavData_JPN > ALL MENU: 5
[S]ReportLog >> test_Step02_MenuTop_JPN > Data updated!
[S]ReportLog >> test_Step02_MenuTop_JPN > Top menu 'MONITOR' is done!
[S]ReportLog >> test.Test_NavData_JPN > =================================================
[S]ReportLog >> test.Test_NavData_JPN > Settings (TOP)
[S]ReportLog >> test.Test_NavData_JPN > Licenses
[S]ReportLog >> test.Test_NavData_JPN > Administration
[S]ReportLog >> test.Test_NavData_JPN > Time
[S]ReportLog >> test.Test_NavData_JPN > Certificates
[S]ReportLog >> test.Test_NavData_JPN > SNMP
[S]ReportLog >> test.Test_NavData_JPN > Firmware and Settings
[S]ReportLog >> test.Test_NavData_JPN > Storage
[S]ReportLog >> test.Test_NavData_JPN > Restart
[S]ReportLog >> test.Test_NavData_JPN > ALL MENU: 9
[S]ReportLog >> test.Test_NavData_JPN > =================================================
[S]ReportLog >> test.Test_NavData_JPN > High Availability
[S]ReportLog >> test.Test_NavData_JPN > Status
[S]ReportLog >> test.Test_NavData_JPN > Settings
[S]ReportLog >> test.Test_NavData_JPN > Advanced
[S]ReportLog >> test.Test_NavData_JPN > Monitoring
[S]ReportLog >> test.Test_NavData_JPN > ALL MENU: 5
[S]ReportLog >> test.Test_NavData_JPN > =================================================
[S]ReportLog >> test.Test_NavData_JPN > Users
[S]ReportLog >> test.Test_NavData_JPN > Status
[S]ReportLog >> test.Test_NavData_JPN > Settings
[S]ReportLog >> test.Test_NavData_JPN > Partitions
[S]ReportLog >> test.Test_NavData_JPN > Local Users & Groups
[S]ReportLog >> test.Test_NavData_JPN > Guest Services
[S]ReportLog >> test.Test_NavData_JPN > Guest Accounts
[S]ReportLog >> test.Test_NavData_JPN > Guest Status
[S]ReportLog >> test.Test_NavData_JPN > ALL MENU: 8
[S]ReportLog >> test.Test_NavData_JPN > =================================================
[S]ReportLog >> test.Test_NavData_JPN > AppFlow
[S]ReportLog >> test.Test_NavData_JPN > Flow Reporting
[S]ReportLog >> test.Test_NavData_JPN > AppFlow Agent
[S]ReportLog >> test.Test_NavData_JPN > ALL MENU: 3
[S]ReportLog >> test.Test_NavData_JPN > =================================================
[S]ReportLog >> test.Test_NavData_JPN > Log
[S]ReportLog >> test.Test_NavData_JPN > Settings
[S]ReportLog >> test.Test_NavData_JPN > Syslog
[S]ReportLog >> test.Test_NavData_JPN > Automation
[S]ReportLog >> test.Test_NavData_JPN > Name Resolution
[S]ReportLog >> test.Test_NavData_JPN > Reports
[S]ReportLog >> test.Test_NavData_JPN > AWS
[S]ReportLog >> test.Test_NavData_JPN > ALL MENU: 7
[S]ReportLog >> test.Test_NavData_JPN > =================================================
[S]ReportLog >> test.Test_NavData_JPN > Diagnostics
[S]ReportLog >> test.Test_NavData_JPN > Tech Support Report
[S]ReportLog >> test.Test_NavData_JPN > Check Network Settings
[S]ReportLog >> test.Test_NavData_JPN > DNS Name Lookup
[S]ReportLog >> test.Test_NavData_JPN > Network Path
[S]ReportLog >> test.Test_NavData_JPN > Ping
[S]ReportLog >> test.Test_NavData_JPN > Trace Route
[S]ReportLog >> test.Test_NavData_JPN > Real-Time Blacklist
[S]ReportLog >> test.Test_NavData_JPN > Reverse Name Lookup
[S]ReportLog >> test.Test_NavData_JPN > Connection TopX
[S]ReportLog >> test.Test_NavData_JPN > Geo and Botnet
[S]ReportLog >> test.Test_NavData_JPN > MX and Banner
[S]ReportLog >> test.Test_NavData_JPN > GRID Check
[S]ReportLog >> test.Test_NavData_JPN > URL Rating Request
[S]ReportLog >> test.Test_NavData_JPN > PMTU Discovery
[S]ReportLog >> test.Test_NavData_JPN > Switch Diagnostics
[S]ReportLog >> test.Test_NavData_JPN > ALL MENU: 16
[S]ReportLog >> test.Test_NavData_JPN > =================================================
[S]ReportLog >> test.Test_NavData_JPN > Switch Network
[S]ReportLog >> test.Test_NavData_JPN > Overview
[S]ReportLog >> test.Test_NavData_JPN > Switches
[S]ReportLog >> test.Test_NavData_JPN > ALL MENU: 3
[S]ReportLog >> test.Test_NavData_JPN > =================================================
[S]ReportLog >> test.Test_NavData_JPN > Access Points
[S]ReportLog >> test.Test_NavData_JPN > Settings
[S]ReportLog >> test.Test_NavData_JPN > Firmware Management
[S]ReportLog >> test.Test_NavData_JPN > Floor Plan View
[S]ReportLog >> test.Test_NavData_JPN > Station Status
[S]ReportLog >> test.Test_NavData_JPN > IDS
[S]ReportLog >> test.Test_NavData_JPN > Advanced IDP
[S]ReportLog >> test.Test_NavData_JPN > Packet Capture
[S]ReportLog >> test.Test_NavData_JPN > Virtual Access Point
[S]ReportLog >> test.Test_NavData_JPN > RF Monitoring
[S]ReportLog >> test.Test_NavData_JPN > RF Analysis
[S]ReportLog >> test.Test_NavData_JPN > RF Spectrum
[S]ReportLog >> test.Test_NavData_JPN > FairNet
[S]ReportLog >> test.Test_NavData_JPN > Wi-Fi Multimedia
[S]ReportLog >> test.Test_NavData_JPN > 3G/4G/LTE WWAN
[S]ReportLog >> test.Test_NavData_JPN > Bluetooth LE
[S]ReportLog >> test.Test_NavData_JPN > Radio Management
[S]ReportLog >> test.Test_NavData_JPN > ALL MENU: 17
[S]ReportLog >> test.Test_NavData_JPN > =================================================
[S]ReportLog >> test.Test_NavData_JPN > WWAN
[S]ReportLog >> test.Test_NavData_JPN > ALL MENU: 1
[S]ReportLog >> test_Step02_MenuTop_JPN > Data updated!
[S]ReportLog >> test_Step02_MenuTop_JPN > Top menu 'DEVICE' is done!]]>
  </system-out>
  <testcase classname="test.Test_NavData_JPN" name="test_Step01_Login_JPN" time="10.954"/>
  <system-out>
    <![CDATA[[S]ReportLog >> test_Step01_Login_JPN > Login to main page...]]>
  </system-out>
</testsuite> <!-- test.Test_NavData_JPN -->
