<?xml version="1.0" encoding="UTF-8"?>
<!-- Generated by org.testng.reporters.JUnitReportReporter -->
<testsuite hostname="g3771j3-khuang" failures="0" tests="2" name="test.Test_NavData_ZHT" time="50.244" errors="0" timestamp="2023-02-07T15:07:51 CST" skipped="0">
  <testcase classname="test.Test_NavData_ZHT" name="test_Step02_MenuTop_ZHT" time="19.192"/>
  <system-out>
    <![CDATA[[S]ReportLog >> test.Test_NavData_ZHT > Switch to 'Non-Config' mode...
[S]ReportLog >> test.Test_NavData_ZHT > Data created for [ZHT]!
[S]ReportLog >> test.Test_NavData_ZHT > 'HOME' Menu: 儀表板 >> Dashboard
[S]ReportLog >> test.Test_NavData_ZHT > 'HOME' Menu: 系統 >> System
[S]ReportLog >> test.Test_NavData_ZHT > 'HOME' Menu: 存取點 >> Access Points
[S]ReportLog >> test.Test_NavData_ZHT > 'HOME' Menu: 擷取 ATP >> Capture ATP
[S]ReportLog >> test.Test_NavData_ZHT > 'HOME' Menu: 拓撲 >> Topology
[S]ReportLog >> test.Test_NavData_ZHT > 'HOME' Menu: 法律資訊 >> Legal Information
[S]ReportLog >> test.Test_NavData_ZHT > 'HOME' Menu: API >> API
[S]ReportLog >> test.Test_NavData_ZHT > ========================================================================
[S]ReportLog >> test.Test_NavData_ZHT > 'HOME' Menu: No duplicated data to the TOP
[S]ReportLog >> test.Test_NavData_ZHT > ========================================================================
[S]ReportLog >> test.Test_NavData_ZHT > ALL MENU: 7
[S]ReportLog >> test.Test_NavData_ZHT > Data updated for [ZHT]!
[S]ReportLog >> test.Test_NavData_ZHT > Top menu 'HOME' is done!
[S]ReportLog >> test.Test_NavData_ZHT > 'MONITOR' Menu: 即時圖表 >> Real-Time Charts
[S]ReportLog >> test.Test_NavData_ZHT > 'MONITOR' Menu: 系統監視器 >> System Monitor
[S]ReportLog >> test.Test_NavData_ZHT > 'MONITOR' Menu: 通訊協定監視 >> Protocol Monitor
[S]ReportLog >> test.Test_NavData_ZHT > 'MONITOR' Menu: 使用者監視器 >> User Monitor
[S]ReportLog >> test.Test_NavData_ZHT > 'MONITOR' Menu: BWM 監視器 >> BWM Monitor
[S]ReportLog >> test.Test_NavData_ZHT > 'MONITOR' Menu: AppFlow >> AppFlow
[S]ReportLog >> test.Test_NavData_ZHT > 'MONITOR' Menu: AppFlow 報告 >> AppFlow Report
[S]ReportLog >> test.Test_NavData_ZHT > 'MONITOR' Menu: AppFlow 監視器 >> AppFlow Monitor
[S]ReportLog >> test.Test_NavData_ZHT > 'MONITOR' Menu: CTA 報告 >> CTA Report
[S]ReportLog >> test.Test_NavData_ZHT > 'MONITOR' Menu: SDWAN >> SDWAN
[S]ReportLog >> test.Test_NavData_ZHT > 'MONITOR' Menu: SDWAN 監視器 >> SDWAN Monitor
[S]ReportLog >> test.Test_NavData_ZHT > 'MONITOR' Menu: SD-WAN 連線 >> SD-WAN Connections
[S]ReportLog >> test.Test_NavData_ZHT > 'MONITOR' Menu: 記錄 >> Logs
[S]ReportLog >> test.Test_NavData_ZHT > 'MONITOR' Menu: 系統記錄 >> System Logs
[S]ReportLog >> test.Test_NavData_ZHT > 'MONITOR' Menu: 稽核記錄 >> Auditing Logs
[S]ReportLog >> test.Test_NavData_ZHT > 'MONITOR' Menu: 工具與監視器 >> Tools & Monitors
[S]ReportLog >> test.Test_NavData_ZHT > 'MONITOR' Menu: 封包監視 >> Packet Monitor
[S]ReportLog >> test.Test_NavData_ZHT > 'MONITOR' Menu: 連線 >> Connections
[S]ReportLog >> test.Test_NavData_ZHT > 'MONITOR' Menu: 核心 0 處理序 >> Core 0 Processes
[S]ReportLog >> test.Test_NavData_ZHT > 'MONITOR' Menu: 封包重放 >> Packet Replay
[S]ReportLog >> test.Test_NavData_ZHT > ========================================================================
[S]ReportLog >> test.Test_NavData_ZHT > 'MONITOR' Menu: No duplicated data to the TOP
[S]ReportLog >> test.Test_NavData_ZHT > ========================================================================
[S]ReportLog >> test.Test_NavData_ZHT > ALL MENU: 20
[S]ReportLog >> test.Test_NavData_ZHT > Data updated for [ZHT]!
[S]ReportLog >> test.Test_NavData_ZHT > Top menu 'MONITOR' is done!
[S]ReportLog >> test.Test_NavData_ZHT > 'DEVICE' Menu: 設定 >> Settings
[S]ReportLog >> test.Test_NavData_ZHT > 'DEVICE' Menu: 授權 >> Licenses
[S]ReportLog >> test.Test_NavData_ZHT > 'DEVICE' Menu: 管理 >> Administration
[S]ReportLog >> test.Test_NavData_ZHT > 'DEVICE' Menu: 時間 >> Time
[S]ReportLog >> test.Test_NavData_ZHT > 'DEVICE' Menu: 憑證 >> Certificates
[S]ReportLog >> test.Test_NavData_ZHT > 'DEVICE' Menu: SNMP >> SNMP
[S]ReportLog >> test.Test_NavData_ZHT > 'DEVICE' Menu: 韌體與設定 >> Firmware and Settings
[S]ReportLog >> test.Test_NavData_ZHT > 'DEVICE' Menu: 儲存空間 >> Storage
[S]ReportLog >> test.Test_NavData_ZHT > 'DEVICE' Menu: 重新啟動 >> Restart
[S]ReportLog >> test.Test_NavData_ZHT > 'DEVICE' Menu: 高可用性 >> High Availability
[S]ReportLog >> test.Test_NavData_ZHT > 'DEVICE' Menu: 狀態 >> Status
[S]ReportLog >> test.Test_NavData_ZHT > 'DEVICE' Menu: 設定 >> Settings
[S]ReportLog >> test.Test_NavData_ZHT > 'DEVICE' Menu: 進階 >> Advanced
[S]ReportLog >> test.Test_NavData_ZHT > 'DEVICE' Menu: 監視 >> Monitoring
[S]ReportLog >> test.Test_NavData_ZHT > 'DEVICE' Menu: 使用者 >> Users
[S]ReportLog >> test.Test_NavData_ZHT > 'DEVICE' Menu: 狀態 >> Status
[S]ReportLog >> test.Test_NavData_ZHT > 'DEVICE' Menu: 設定 >> Settings
[S]ReportLog >> test.Test_NavData_ZHT > 'DEVICE' Menu: 分割區 >> Partitions
[S]ReportLog >> test.Test_NavData_ZHT > 'DEVICE' Menu: 本機使用者與群組 >> Local Users & Groups
[S]ReportLog >> test.Test_NavData_ZHT > 'DEVICE' Menu: 來賓服務 >> Guest Services
[S]ReportLog >> test.Test_NavData_ZHT > 'DEVICE' Menu: 來賓帳戶 >> Guest Accounts
[S]ReportLog >> test.Test_NavData_ZHT > 'DEVICE' Menu: 來賓狀態 >> Guest Status
[S]ReportLog >> test.Test_NavData_ZHT > 'DEVICE' Menu: AppFlow >> AppFlow
[S]ReportLog >> test.Test_NavData_ZHT > 'DEVICE' Menu: 流量報告 >> Flow Reporting
[S]ReportLog >> test.Test_NavData_ZHT > 'DEVICE' Menu: AppFlow 代理程式 >> AppFlow Agent
[S]ReportLog >> test.Test_NavData_ZHT > 'DEVICE' Menu: 記錄 >> Log
[S]ReportLog >> test.Test_NavData_ZHT > 'DEVICE' Menu: 設定 >> Settings
[S]ReportLog >> test.Test_NavData_ZHT > 'DEVICE' Menu: Syslog >> Syslog
[S]ReportLog >> test.Test_NavData_ZHT > 'DEVICE' Menu: 自動化 >> Automation
[S]ReportLog >> test.Test_NavData_ZHT > 'DEVICE' Menu: 名稱解析 >> Name Resolution
[S]ReportLog >> test.Test_NavData_ZHT > 'DEVICE' Menu: 報告 >> Reports
[S]ReportLog >> test.Test_NavData_ZHT > 'DEVICE' Menu: AWS >> AWS
[S]ReportLog >> test.Test_NavData_ZHT > 'DEVICE' Menu: 診斷 >> Diagnostics
[S]ReportLog >> test.Test_NavData_ZHT > 'DEVICE' Menu: 技術支援報告 >> Tech Support Report
[S]ReportLog >> test.Test_NavData_ZHT > 'DEVICE' Menu: 檢查網路設定 >> Check Network Settings
[S]ReportLog >> test.Test_NavData_ZHT > 'DEVICE' Menu: DNS 名稱查詢 >> DNS Name Lookup
[S]ReportLog >> test.Test_NavData_ZHT > 'DEVICE' Menu: 網路路徑 >> Network Path
[S]ReportLog >> test.Test_NavData_ZHT > 'DEVICE' Menu: 偵測 >> Ping
[S]ReportLog >> test.Test_NavData_ZHT > 'DEVICE' Menu: 追蹤路由 >> Trace Route
[S]ReportLog >> test.Test_NavData_ZHT > 'DEVICE' Menu: 即時封鎖清單 >> Real-Time Blacklist
[S]ReportLog >> test.Test_NavData_ZHT > 'DEVICE' Menu: 反向名稱查詢 >> Reverse Name Lookup
[S]ReportLog >> test.Test_NavData_ZHT > 'DEVICE' Menu: 連線 TopX >> Connection TopX
[S]ReportLog >> test.Test_NavData_ZHT > 'DEVICE' Menu: Geo 和 Botnet >> Geo and Botnet
[S]ReportLog >> test.Test_NavData_ZHT > 'DEVICE' Menu: MX 和橫幅 >> MX and Banner
[S]ReportLog >> test.Test_NavData_ZHT > 'DEVICE' Menu: GRID 檢查 >> GRID Check
[S]ReportLog >> test.Test_NavData_ZHT > 'DEVICE' Menu: URL 評等要求 >> URL Rating Request
[S]ReportLog >> test.Test_NavData_ZHT > 'DEVICE' Menu: PMTU 探索 >> PMTU Discovery
[S]ReportLog >> test.Test_NavData_ZHT > 'DEVICE' Menu: 交換器診斷 >> Switch Diagnostics
[S]ReportLog >> test.Test_NavData_ZHT > 'DEVICE' Menu: 交換器網路 >> Switch Network
[S]ReportLog >> test.Test_NavData_ZHT > 'DEVICE' Menu: 概觀 >> Overview
[S]ReportLog >> test.Test_NavData_ZHT > 'DEVICE' Menu: 交換器 >> Switches
[S]ReportLog >> test.Test_NavData_ZHT > 'DEVICE' Menu: 存取點 >> Access Points
[S]ReportLog >> test.Test_NavData_ZHT > 'DEVICE' Menu: 設定 >> Settings
[S]ReportLog >> test.Test_NavData_ZHT > 'DEVICE' Menu: 韌體管理 >> Firmware Management
[S]ReportLog >> test.Test_NavData_ZHT > 'DEVICE' Menu: 平面設計圖檢視 >> Floor Plan View
[S]ReportLog >> test.Test_NavData_ZHT > 'DEVICE' Menu: 站台狀態 >> Station Status
[S]ReportLog >> test.Test_NavData_ZHT > 'DEVICE' Menu: IDS >> IDS
[S]ReportLog >> test.Test_NavData_ZHT > 'DEVICE' Menu: 進階 IDP >> Advanced IDP
[S]ReportLog >> test.Test_NavData_ZHT > 'DEVICE' Menu: 封包擷取 >> Packet Capture
[S]ReportLog >> test.Test_NavData_ZHT > 'DEVICE' Menu: 虛擬存取點 >> Virtual Access Point
[S]ReportLog >> test.Test_NavData_ZHT > 'DEVICE' Menu: RF 監視 >> RF Monitoring
[S]ReportLog >> test.Test_NavData_ZHT > 'DEVICE' Menu: RF 分析 >> RF Analysis
[S]ReportLog >> test.Test_NavData_ZHT > 'DEVICE' Menu: RF 頻譜 >> RF Spectrum
[S]ReportLog >> test.Test_NavData_ZHT > 'DEVICE' Menu: FairNet >> FairNet
[S]ReportLog >> test.Test_NavData_ZHT > 'DEVICE' Menu: Wi-Fi 多媒體 >> Wi-Fi Multimedia
[S]ReportLog >> test.Test_NavData_ZHT > 'DEVICE' Menu: 3G/4G/LTE WWAN >> 3G/4G/LTE WWAN
[S]ReportLog >> test.Test_NavData_ZHT > 'DEVICE' Menu: 藍牙 LE >> Bluetooth LE
[S]ReportLog >> test.Test_NavData_ZHT > 'DEVICE' Menu: 無線電管理 >> Radio Management
[S]ReportLog >> test.Test_NavData_ZHT > 'DEVICE' Menu: WWAN >> WWAN
[S]ReportLog >> test.Test_NavData_ZHT > ========================================================================
[S]ReportLog >> test.Test_NavData_ZHT > 'DEVICE' Menu: Settings >> Settings (TOP)
[S]ReportLog >> test.Test_NavData_ZHT > ========================================================================
[S]ReportLog >> test.Test_NavData_ZHT > ALL MENU: 69
[S]ReportLog >> test.Test_NavData_ZHT > Data updated for [ZHT]!
[S]ReportLog >> test.Test_NavData_ZHT > Top menu 'DEVICE' is done!
[S]ReportLog >> test.Test_NavData_ZHT > 'NETWORK' Menu: 系統 >> System
[S]ReportLog >> test.Test_NavData_ZHT > 'NETWORK' Menu: 介面 >> Interfaces
[S]ReportLog >> test.Test_NavData_ZHT > 'NETWORK' Menu: 容錯移轉和負載平衡 >> Failover & LB
[S]ReportLog >> test.Test_NavData_ZHT > 'NETWORK' Menu: 探索芳鄰 >> Neighbor Discovery
[S]ReportLog >> test.Test_NavData_ZHT > 'NETWORK' Menu: ARP >> ARP
[S]ReportLog >> test.Test_NavData_ZHT > 'NETWORK' Menu: MAC-IP 反詐騙 >> MAC IP Anti-Spoof
[S]ReportLog >> test.Test_NavData_ZHT > 'NETWORK' Menu: Web 代理 >> Web Proxy
[S]ReportLog >> test.Test_NavData_ZHT > 'NETWORK' Menu: PortShield 群組 >> PortShield Groups
[S]ReportLog >> test.Test_NavData_ZHT > 'NETWORK' Menu: VLAN 轉譯 >> VLAN Translation
[S]ReportLog >> test.Test_NavData_ZHT > 'NETWORK' Menu: IP 協助程式 >> IP Helper
[S]ReportLog >> test.Test_NavData_ZHT > 'NETWORK' Menu: 動態路由 >> Dynamic Routing
[S]ReportLog >> test.Test_NavData_ZHT > 'NETWORK' Menu: DHCP 伺服器 >> DHCP Server
[S]ReportLog >> test.Test_NavData_ZHT > 'NETWORK' Menu: 多點傳送 >> Multicast
[S]ReportLog >> test.Test_NavData_ZHT > 'NETWORK' Menu: 網路監視器 >> Network Monitor
[S]ReportLog >> test.Test_NavData_ZHT > 'NETWORK' Menu: AWS 設定 >> AWS Configuration
[S]ReportLog >> test.Test_NavData_ZHT > 'NETWORK' Menu: 防火牆 >> Firewall
[S]ReportLog >> test.Test_NavData_ZHT > 'NETWORK' Menu: 進階 >> Advanced
[S]ReportLog >> test.Test_NavData_ZHT > 'NETWORK' Menu: 洪水攻擊防護 >> Flood Protection
[S]ReportLog >> test.Test_NavData_ZHT > 'NETWORK' Menu: SSL 控制 >> SSL Control
[S]ReportLog >> test.Test_NavData_ZHT > 'NETWORK' Menu: 加密控制 >> Cipher Control
[S]ReportLog >> test.Test_NavData_ZHT > 'NETWORK' Menu: RBL 篩選條件 >> RBL Filter
[S]ReportLog >> test.Test_NavData_ZHT > 'NETWORK' Menu: VoIP >> VoIP
[S]ReportLog >> test.Test_NavData_ZHT > 'NETWORK' Menu: 設定 >> Settings
[S]ReportLog >> test.Test_NavData_ZHT > 'NETWORK' Menu: 呼叫狀態 >> Call Status
[S]ReportLog >> test.Test_NavData_ZHT > 'NETWORK' Menu: DNS >> DNS
[S]ReportLog >> test.Test_NavData_ZHT > 'NETWORK' Menu: 設定 >> Settings
[S]ReportLog >> test.Test_NavData_ZHT > 'NETWORK' Menu: 動態 DNS >> Dynamic DNS
[S]ReportLog >> test.Test_NavData_ZHT > 'NETWORK' Menu: DNS 代理 >> DNS Proxy
[S]ReportLog >> test.Test_NavData_ZHT > 'NETWORK' Menu: DNS 安全性 >> DNS Security
[S]ReportLog >> test.Test_NavData_ZHT > 'NETWORK' Menu: 交換器 >> Switching
[S]ReportLog >> test.Test_NavData_ZHT > 'NETWORK' Menu: VLAN 主幹 >> VLAN Trunking
[S]ReportLog >> test.Test_NavData_ZHT > 'NETWORK' Menu: L2 探索 >> L2 Discovery
[S]ReportLog >> test.Test_NavData_ZHT > 'NETWORK' Menu: 連結彙總 >> Link Aggregation
[S]ReportLog >> test.Test_NavData_ZHT > 'NETWORK' Menu: 連接埠鏡像 >> Port Mirroring
[S]ReportLog >> test.Test_NavData_ZHT > 'NETWORK' Menu: SDWAN >> SDWAN
[S]ReportLog >> test.Test_NavData_ZHT > 'NETWORK' Menu: 群組 >> Groups
[S]ReportLog >> test.Test_NavData_ZHT > 'NETWORK' Menu: SLA 探查 >> SLA Probes
[S]ReportLog >> test.Test_NavData_ZHT > 'NETWORK' Menu: SLA 類別物件 >> SLA Class Objects
[S]ReportLog >> test.Test_NavData_ZHT > 'NETWORK' Menu: 路徑選取設定檔 >> Path Selection Profiles
[S]ReportLog >> test.Test_NavData_ZHT > 'NETWORK' Menu: 規則 >> Rules
[S]ReportLog >> test.Test_NavData_ZHT > 'NETWORK' Menu: IPsec VPN >> IPSec VPN
[S]ReportLog >> test.Test_NavData_ZHT > 'NETWORK' Menu: 規則與設定 >> Rules and Settings
[S]ReportLog >> test.Test_NavData_ZHT > 'NETWORK' Menu: 進階 >> Advanced
[S]ReportLog >> test.Test_NavData_ZHT > 'NETWORK' Menu: 透過 VPN 的 DHCP >> DHCP over VPN
[S]ReportLog >> test.Test_NavData_ZHT > 'NETWORK' Menu: L2TP 伺服器 >> L2TP Server
[S]ReportLog >> test.Test_NavData_ZHT > 'NETWORK' Menu: AWS VPN >> AWS VPN
[S]ReportLog >> test.Test_NavData_ZHT > 'NETWORK' Menu: SSL VPN >> SSL VPN
[S]ReportLog >> test.Test_NavData_ZHT > 'NETWORK' Menu: 狀態 >> Status
[S]ReportLog >> test.Test_NavData_ZHT > 'NETWORK' Menu: 伺服器設定 >> Server Settings
[S]ReportLog >> test.Test_NavData_ZHT > 'NETWORK' Menu: 用戶端設定 >> Client Settings
[S]ReportLog >> test.Test_NavData_ZHT > 'NETWORK' Menu: 入口網站設定 >> Portal Settings
[S]ReportLog >> test.Test_NavData_ZHT > 'NETWORK' Menu: 虛擬辦公室 >> Virtual Office
[S]ReportLog >> test.Test_NavData_ZHT > ========================================================================
[S]ReportLog >> test.Test_NavData_ZHT > 'NETWORK' Menu: No duplicated data to the TOP
[S]ReportLog >> test.Test_NavData_ZHT > ========================================================================
[S]ReportLog >> test.Test_NavData_ZHT > ALL MENU: 52
[S]ReportLog >> test.Test_NavData_ZHT > Data updated for [ZHT]!
[S]ReportLog >> test.Test_NavData_ZHT > Top menu 'NETWORK' is done!
[S]ReportLog >> test.Test_NavData_ZHT > 'OBJECT' Menu: 比對物件 >> Match Objects
[S]ReportLog >> test.Test_NavData_ZHT > 'OBJECT' Menu: 區域 >> Zones
[S]ReportLog >> test.Test_NavData_ZHT > 'OBJECT' Menu: 位址 >> Addresses
[S]ReportLog >> test.Test_NavData_ZHT > 'OBJECT' Menu: 服務 >> Services
[S]ReportLog >> test.Test_NavData_ZHT > 'OBJECT' Menu: URI 清單 >> URI Lists
[S]ReportLog >> test.Test_NavData_ZHT > 'OBJECT' Menu: 比對物件 >> Match Objects
[S]ReportLog >> test.Test_NavData_ZHT > 'OBJECT' Menu: 排程 >> Schedules
[S]ReportLog >> test.Test_NavData_ZHT > 'OBJECT' Menu: 動態群組 >> Dynamic Group
[S]ReportLog >> test.Test_NavData_ZHT > 'OBJECT' Menu: 電子郵件地址 >> Email Addresses
[S]ReportLog >> test.Test_NavData_ZHT > 'OBJECT' Menu: 設定檔物件 >> Profile Objects
[S]ReportLog >> test.Test_NavData_ZHT > 'OBJECT' Menu: 端點安全性 >> Endpoint Security
[S]ReportLog >> test.Test_NavData_ZHT > 'OBJECT' Menu: 頻寬 >> Bandwidth
[S]ReportLog >> test.Test_NavData_ZHT > 'OBJECT' Menu: QoS 標記 >> QoS Marking
[S]ReportLog >> test.Test_NavData_ZHT > 'OBJECT' Menu: 內容篩選 >> Content Filter
[S]ReportLog >> test.Test_NavData_ZHT > 'OBJECT' Menu: DHCP 選項 >> DHCP Option
[S]ReportLog >> test.Test_NavData_ZHT > 'OBJECT' Menu: AWS >> AWS
[S]ReportLog >> test.Test_NavData_ZHT > 'OBJECT' Menu: 動作物件 >> Action Objects
[S]ReportLog >> test.Test_NavData_ZHT > 'OBJECT' Menu: 應用程式規則執行 >> App Rule Actions
[S]ReportLog >> test.Test_NavData_ZHT > 'OBJECT' Menu: 內容篩選器執行 >> Content Filter Actions
[S]ReportLog >> test.Test_NavData_ZHT > ========================================================================
[S]ReportLog >> test.Test_NavData_ZHT > 'OBJECT' Menu: Match Objects >> Match Objects (TOP)
[S]ReportLog >> test.Test_NavData_ZHT > ========================================================================
[S]ReportLog >> test.Test_NavData_ZHT > ALL MENU: 19
[S]ReportLog >> test.Test_NavData_ZHT > Data updated for [ZHT]!
[S]ReportLog >> test.Test_NavData_ZHT > Top menu 'OBJECT' is done!
[S]ReportLog >> test.Test_NavData_ZHT > 'POLICY' Menu: 規則與原則 >> Rules and Policies
[S]ReportLog >> test.Test_NavData_ZHT > 'POLICY' Menu: 存取規則 >> Access Rules
[S]ReportLog >> test.Test_NavData_ZHT > 'POLICY' Menu: NAT 規則 >> NAT Rules
[S]ReportLog >> test.Test_NavData_ZHT > 'POLICY' Menu: 路由規則 >> Routing Rules
[S]ReportLog >> test.Test_NavData_ZHT > 'POLICY' Menu: 內容篩選規則 >> Content Filter Rules
[S]ReportLog >> test.Test_NavData_ZHT > 'POLICY' Menu: 應用程式規則 >> App Rules
[S]ReportLog >> test.Test_NavData_ZHT > 'POLICY' Menu: 端點規則 >> Endpoint Rules
[S]ReportLog >> test.Test_NavData_ZHT > 'POLICY' Menu: DPI-SSL >> DPI-SSL
[S]ReportLog >> test.Test_NavData_ZHT > 'POLICY' Menu: 用戶端 SSL >> Client SSL
[S]ReportLog >> test.Test_NavData_ZHT > 'POLICY' Menu: 伺服器 SSL >> Server SSL
[S]ReportLog >> test.Test_NavData_ZHT > 'POLICY' Menu: DPI-SSH >> DPI-SSH
[S]ReportLog >> test.Test_NavData_ZHT > 'POLICY' Menu: 設定 >> Settings
[S]ReportLog >> test.Test_NavData_ZHT > 'POLICY' Menu: 安全性服務 >> Security Services
[S]ReportLog >> test.Test_NavData_ZHT > 'POLICY' Menu: 摘要 >> Summary
[S]ReportLog >> test.Test_NavData_ZHT > 'POLICY' Menu: 閘道防病毒 >> Gateway Anti-Virus
[S]ReportLog >> test.Test_NavData_ZHT > 'POLICY' Menu: 防間諜軟體 >> Anti-Spyware
[S]ReportLog >> test.Test_NavData_ZHT > 'POLICY' Menu: 入侵防護 >> Intrusion Prevention
[S]ReportLog >> test.Test_NavData_ZHT > 'POLICY' Menu: Geo-IP 篩選條件 >> Geo-IP Filter
[S]ReportLog >> test.Test_NavData_ZHT > 'POLICY' Menu: Botnet 篩選器 >> Botnet Filter
[S]ReportLog >> test.Test_NavData_ZHT > 'POLICY' Menu: 應用程式控制 >> App Control
[S]ReportLog >> test.Test_NavData_ZHT > 'POLICY' Menu: 內容篩選 >> Content Filter
[S]ReportLog >> test.Test_NavData_ZHT > 'POLICY' Menu: 反垃圾郵件 >> Anti-Spam
[S]ReportLog >> test.Test_NavData_ZHT > 'POLICY' Menu: 狀態 >> Status
[S]ReportLog >> test.Test_NavData_ZHT > 'POLICY' Menu: 設定 >> Settings
[S]ReportLog >> test.Test_NavData_ZHT > 'POLICY' Menu: 擷取 ATP >> Capture ATP
[S]ReportLog >> test.Test_NavData_ZHT > 'POLICY' Menu: 設定 >> Settings
[S]ReportLog >> test.Test_NavData_ZHT > 'POLICY' Menu: 掃描歷程記錄 >> Scanning History
[S]ReportLog >> test.Test_NavData_ZHT > 'POLICY' Menu: 端點安全性 >> Endpoint Security
[S]ReportLog >> test.Test_NavData_ZHT > ========================================================================
[S]ReportLog >> test.Test_NavData_ZHT > 'POLICY' Menu: No duplicated data to the TOP
[S]ReportLog >> test.Test_NavData_ZHT > ========================================================================
[S]ReportLog >> test.Test_NavData_ZHT > ALL MENU: 28
[S]ReportLog >> test.Test_NavData_ZHT > Data updated for [ZHT]!
[S]ReportLog >> test.Test_NavData_ZHT > Top menu 'POLICY' is done!
[S]ReportLog >> test.Test_NavData_ZHT > Info created for [ZHT]!
[S]ReportLog >> test.Test_NavData_ZHT > Info updated for [ZHT]!]]>
  </system-out>
  <testcase classname="test.Test_NavData_ZHT" name="test_Step01_Login_ZHT" time="31.052"/>
  <system-out>
    <![CDATA[[S]ReportLog >> test.Test_NavData_ZHT > Login to main page...
[S]ReportLog >> test.Test_NavData_ZHT > Element Not Found! >> preempt]]>
  </system-out>
</testsuite> <!-- test.Test_NavData_ZHT -->
