<?xml version="1.0" encoding="UTF-8"?>
<!-- Generated by org.testng.reporters.JUnitReportReporter -->
<testsuite hostname="g3771j3-khuang" failures="0" tests="1" name="test.Test_vsDATA_ZE" time="0.067" errors="0" timestamp="2022-09-21T13:58:52 CST" skipped="0">
  <testcase classname="test.Test_vsDATA_ZE" name="test_dataCompare" time="0.067"/>
  <system-out>
    <![CDATA[[S]ReportLog >> Box_ZHT > Got data!
[S]ReportLog >> box_ENG > Got data!
[S]ReportLog >> test_dataCompare > Ready to start...
[S]ReportLog >> test_dataCompare > --------------------------------------------------------------------
[S]ReportLog >> test_dataCompare > [ZHT] info: Device Name -----> NSa 5700
[S]ReportLog >> test_dataCompare > [ZHT] info: Serial Number ---> 2CB8EDA2B70F
[S]ReportLog >> test_dataCompare > [ZHT] info: Firmware Version > SonicOS 7.0.1-5080-D3249-zht5159
[S]ReportLog >> test_dataCompare > --------------------------------------------------------------------
[S]ReportLog >> test_dataCompare > [ENG] info: Device Name -----> NSa 4700
[S]ReportLog >> test_dataCompare > [ENG] info: Serial Number ---> 2CB8EDA29E6E
[S]ReportLog >> test_dataCompare > [ENG] info: Firmware Version > SonicOS 7.0.1-5091-R3471
[S]ReportLog >> test_dataCompare > --------------------------------------------------------------------
[S]ReportLog >> missing_page > [ENG] version missing: HOME > Dashboard > Capture ATP
[S]ReportLog >> missing_page > [ENG] version missing: POLICY > Anti-Spam > Relay Domains
[S]ReportLog >> missing_page > [ENG] version missing: POLICY > Anti-Spam > Junk Box Messages
[S]ReportLog >> missing_page > [ENG] version missing: POLICY > Anti-Spam > Junk Box Settings
[S]ReportLog >> missing_page > [ENG] version missing: POLICY > Anti-Spam > Junk Box Summary
[S]ReportLog >> missing_page > [ENG] version missing: POLICY > Anti-Spam > User View Setup
[S]ReportLog >> missing_page > [ENG] version missing: POLICY > Anti-Spam > Address Books
[S]ReportLog >> missing_page > [ENG] version missing: POLICY > Anti-Spam > Manage Users
[S]ReportLog >> missing_page > [ENG] version missing: POLICY > Anti-Spam > LDAP Configuration
[S]ReportLog >> missing_page > [ENG] version missing: POLICY > Anti-Spam > Advanced
[S]ReportLog >> missing_page > [ENG] version missing: POLICY > Anti-Spam > Downloads
[S]ReportLog >> missing_page > [ENG] version missing: POLICY > Capture ATP > Scanning History]]>
  </system-out>
</testsuite> <!-- test.Test_vsDATA_ZE -->
