<?xml version="1.0" encoding="UTF-8"?>
<!-- Generated by org.testng.reporters.JUnitReportReporter -->
<testsuite hostname="g3771j3-khuang" failures="0" tests="1" name="test.Test_vsDATA_JE" time="0.034" errors="0" timestamp="2022-10-20T17:32:38 CST" skipped="0">
  <testcase classname="test.Test_vsDATA_JE" name="test_dataCompare" time="0.034"/>
  <system-out>
    <![CDATA[[S]ReportLog >> box_JPN > Got data!
[S]ReportLog >> box_ENG > Got data!
[S]ReportLog >> test_dataCompare > Ready to start...
[S]ReportLog >> test_dataCompare > --------------------------------------------------------------------
[S]ReportLog >> test_dataCompare > [JPN] info: Device Name -----> TZ 270W
[S]ReportLog >> test_dataCompare > [JPN] info: Serial Number ---> 2CB8EDA98900
[S]ReportLog >> test_dataCompare > [JPN] info: Firmware Version > SonicOS 7.0.1-5093-R3521-j3543
[S]ReportLog >> test_dataCompare > --------------------------------------------------------------------
[S]ReportLog >> test_dataCompare > [ENG] info: Device Name -----> NSa 4700
[S]ReportLog >> test_dataCompare > [ENG] info: Serial Number ---> 2CB8EDA29E6E
[S]ReportLog >> test_dataCompare > [ENG] info: Firmware Version > SonicOS 7.0.1-5094-R3547
[S]ReportLog >> test_dataCompare > --------------------------------------------------------------------
[S]ReportLog >> missing_page > [ENG] version missing: HOME > Dashboard > Capture ATP
[S]ReportLog >> missing_page > [JPN] version missing: DEVICE > Users > Partitions
[S]ReportLog >> missing_page > [ENG] version missing: DEVICE > Internal Wireless
[S]ReportLog >> missing_page > [ENG] version missing: DEVICE > Internal Wireless > Status
[S]ReportLog >> missing_page > [ENG] version missing: DEVICE > Internal Wireless > Settings
[S]ReportLog >> missing_page > [ENG] version missing: DEVICE > Internal Wireless > Security
[S]ReportLog >> missing_page > [ENG] version missing: DEVICE > Internal Wireless > Advanced
[S]ReportLog >> missing_page > [ENG] version missing: DEVICE > Internal Wireless > MAC Filter List
[S]ReportLog >> missing_page > [ENG] version missing: DEVICE > Internal Wireless > IDS
[S]ReportLog >> missing_page > [ENG] version missing: DEVICE > Internal Wireless > Virtual Access Point
[S]ReportLog >> missing_page > [JPN] version missing: NETWORK > Switching
[S]ReportLog >> missing_page > [JPN] version missing: NETWORK > Switching > VLAN Trunking
[S]ReportLog >> missing_page > [JPN] version missing: NETWORK > Switching > L2 Discovery
[S]ReportLog >> missing_page > [JPN] version missing: NETWORK > Switching > Link Aggregation
[S]ReportLog >> missing_page > [JPN] version missing: NETWORK > Switching > Port Mirroring
[S]ReportLog >> missing_page > [ENG] version missing: POLICY > Capture ATP > Scanning History]]>
  </system-out>
</testsuite> <!-- test.Test_vsDATA_JE -->
