<?xml version="1.0" encoding="UTF-8"?>
<!-- Generated by org.testng.reporters.JUnitReportReporter -->
<testsuite hostname="g3771j3-khuang" failures="0" tests="2" name="test.Test_NavData_JPN" time="42.910" errors="0" timestamp="2022-09-01T17:49:27 CST" skipped="0">
  <testcase classname="test.Test_NavData_JPN" name="test_Step01_Login_JPN" time="15.996"/>
  <system-out>
    <![CDATA[[S]ReportLog >> test.Test_NavData_JPN > Login to main page...]]>
  </system-out>
  <testcase classname="test.Test_NavData_JPN" name="test_Step02_MenuTop_JPN" time="26.914"/>
  <system-out>
    <![CDATA[[S]ReportLog >> test.Test_NavData_JPN > Switch to 'Non-Config' mode...
[S]ReportLog >> test.Test_NavData_JPN > Data created for [JPN]!
[S]ReportLog >> test.Test_NavData_JPN > 'HOME' Menu: (NEW) ダッシュボード
[S]ReportLog >> test.Test_NavData_JPN > 'HOME' Menu: システム
[S]ReportLog >> test.Test_NavData_JPN > 'HOME' Menu: アクセス ポイント
[S]ReportLog >> test.Test_NavData_JPN > 'HOME' Menu: キャプチャ ATP
[S]ReportLog >> test.Test_NavData_JPN > 'HOME' Menu: (NEW) トポロジ
[S]ReportLog >> test.Test_NavData_JPN > 'HOME' Menu: 法的情報
[S]ReportLog >> test.Test_NavData_JPN > 'HOME' Menu: (NEW) API
[S]ReportLog >> test.Test_NavData_JPN > ========================================================================
[S]ReportLog >> test.Test_NavData_JPN > ========================================================================
[S]ReportLog >> test.Test_NavData_JPN > ALL MENU: 7
[S]ReportLog >> test.Test_NavData_JPN > Data updated for [JPN]!
[S]ReportLog >> test.Test_NavData_JPN > Top menu 'HOME' is done!
[S]ReportLog >> test.Test_NavData_JPN > 'MONITOR' Menu: リアルタイム グラフ
[S]ReportLog >> test.Test_NavData_JPN > 'MONITOR' Menu: システム監視
[S]ReportLog >> test.Test_NavData_JPN > 'MONITOR' Menu: プロトコル監視
[S]ReportLog >> test.Test_NavData_JPN > 'MONITOR' Menu: ユーザ監視
[S]ReportLog >> test.Test_NavData_JPN > 'MONITOR' Menu: 帯域幅管理監視
[S]ReportLog >> test.Test_NavData_JPN > 'MONITOR' Menu: AppFlow
[S]ReportLog >> test.Test_NavData_JPN > 'MONITOR' Menu: AppFlow 報告
[S]ReportLog >> test.Test_NavData_JPN > 'MONITOR' Menu: AppFlow 監視
[S]ReportLog >> test.Test_NavData_JPN > 'MONITOR' Menu: CTA レポート
[S]ReportLog >> test.Test_NavData_JPN > 'MONITOR' Menu: SDWAN
[S]ReportLog >> test.Test_NavData_JPN > 'MONITOR' Menu: SDWAN 監視
[S]ReportLog >> test.Test_NavData_JPN > 'MONITOR' Menu: SD-WAN 接続
[S]ReportLog >> test.Test_NavData_JPN > 'MONITOR' Menu: ログ
[S]ReportLog >> test.Test_NavData_JPN > 'MONITOR' Menu: システム ログ
[S]ReportLog >> test.Test_NavData_JPN > 'MONITOR' Menu: 監査ログ
[S]ReportLog >> test.Test_NavData_JPN > 'MONITOR' Menu: ツールと監視
[S]ReportLog >> test.Test_NavData_JPN > 'MONITOR' Menu: パケット監視
[S]ReportLog >> test.Test_NavData_JPN > 'MONITOR' Menu: 接続
[S]ReportLog >> test.Test_NavData_JPN > 'MONITOR' Menu: コア 0 プロセス
[S]ReportLog >> test.Test_NavData_JPN > 'MONITOR' Menu: パケット再生
[S]ReportLog >> test.Test_NavData_JPN > ========================================================================
[S]ReportLog >> test.Test_NavData_JPN > ========================================================================
[S]ReportLog >> test.Test_NavData_JPN > ALL MENU: 20
[S]ReportLog >> test.Test_NavData_JPN > Data updated for [JPN]!
[S]ReportLog >> test.Test_NavData_JPN > Top menu 'MONITOR' is done!
[S]ReportLog >> test.Test_NavData_JPN > 'DEVICE' Menu: 設定
[S]ReportLog >> test.Test_NavData_JPN > 'DEVICE' Menu: ライセンス
[S]ReportLog >> test.Test_NavData_JPN > 'DEVICE' Menu: 管理
[S]ReportLog >> test.Test_NavData_JPN > 'DEVICE' Menu: 時間
[S]ReportLog >> test.Test_NavData_JPN > 'DEVICE' Menu: 証明書
[S]ReportLog >> test.Test_NavData_JPN > 'DEVICE' Menu: SNMP
[S]ReportLog >> test.Test_NavData_JPN > 'DEVICE' Menu: ファームウェアと設定
[S]ReportLog >> test.Test_NavData_JPN > 'DEVICE' Menu: 記憶装置
[S]ReportLog >> test.Test_NavData_JPN > 'DEVICE' Menu: 再起動
[S]ReportLog >> test.Test_NavData_JPN > 'DEVICE' Menu: 高可用性
[S]ReportLog >> test.Test_NavData_JPN > 'DEVICE' Menu: 状況
[S]ReportLog >> test.Test_NavData_JPN > 'DEVICE' Menu: 設定
[S]ReportLog >> test.Test_NavData_JPN > 'DEVICE' Menu: 詳細
[S]ReportLog >> test.Test_NavData_JPN > 'DEVICE' Menu: 監視
[S]ReportLog >> test.Test_NavData_JPN > 'DEVICE' Menu: ユーザ
[S]ReportLog >> test.Test_NavData_JPN > 'DEVICE' Menu: 状況
[S]ReportLog >> test.Test_NavData_JPN > 'DEVICE' Menu: 設定
[S]ReportLog >> test.Test_NavData_JPN > 'DEVICE' Menu: ローカル ユーザとグループ
[S]ReportLog >> test.Test_NavData_JPN > 'DEVICE' Menu: ゲスト サービス
[S]ReportLog >> test.Test_NavData_JPN > 'DEVICE' Menu: ゲスト アカウント
[S]ReportLog >> test.Test_NavData_JPN > 'DEVICE' Menu: ゲスト状況
[S]ReportLog >> test.Test_NavData_JPN > 'DEVICE' Menu: AppFlow
[S]ReportLog >> test.Test_NavData_JPN > 'DEVICE' Menu: フロー報告
[S]ReportLog >> test.Test_NavData_JPN > 'DEVICE' Menu: AppFlow エージェント
[S]ReportLog >> test.Test_NavData_JPN > 'DEVICE' Menu: ログ
[S]ReportLog >> test.Test_NavData_JPN > 'DEVICE' Menu: 設定
[S]ReportLog >> test.Test_NavData_JPN > 'DEVICE' Menu: Syslog
[S]ReportLog >> test.Test_NavData_JPN > 'DEVICE' Menu: 自動化
[S]ReportLog >> test.Test_NavData_JPN > 'DEVICE' Menu: 名前解決
[S]ReportLog >> test.Test_NavData_JPN > 'DEVICE' Menu: レポート
[S]ReportLog >> test.Test_NavData_JPN > 'DEVICE' Menu: AWS
[S]ReportLog >> test.Test_NavData_JPN > 'DEVICE' Menu: 診断
[S]ReportLog >> test.Test_NavData_JPN > 'DEVICE' Menu: テクニカル サポート レポート
[S]ReportLog >> test.Test_NavData_JPN > 'DEVICE' Menu: ネットワーク設定の確認
[S]ReportLog >> test.Test_NavData_JPN > 'DEVICE' Menu: DNS 名の調査
[S]ReportLog >> test.Test_NavData_JPN > 'DEVICE' Menu: ネットワーク パス
[S]ReportLog >> test.Test_NavData_JPN > 'DEVICE' Menu: Ping
[S]ReportLog >> test.Test_NavData_JPN > 'DEVICE' Menu: ルート追跡
[S]ReportLog >> test.Test_NavData_JPN > 'DEVICE' Menu: リアルタイム ブラックリスト
[S]ReportLog >> test.Test_NavData_JPN > 'DEVICE' Menu: 逆引き名前調査
[S]ReportLog >> test.Test_NavData_JPN > 'DEVICE' Menu: 上位接続
[S]ReportLog >> test.Test_NavData_JPN > 'DEVICE' Menu: 地域とボットネット
[S]ReportLog >> test.Test_NavData_JPN > 'DEVICE' Menu: MX とバナー
[S]ReportLog >> test.Test_NavData_JPN > 'DEVICE' Menu: グリッド確認
[S]ReportLog >> test.Test_NavData_JPN > 'DEVICE' Menu: URL 格付け要求
[S]ReportLog >> test.Test_NavData_JPN > 'DEVICE' Menu: PMTU 検出
[S]ReportLog >> test.Test_NavData_JPN > 'DEVICE' Menu: スイッチ診断
[S]ReportLog >> test.Test_NavData_JPN > 'DEVICE' Menu: スイッチ ネットワーク
[S]ReportLog >> test.Test_NavData_JPN > 'DEVICE' Menu: 概要
[S]ReportLog >> test.Test_NavData_JPN > 'DEVICE' Menu: スイッチ
[S]ReportLog >> test.Test_NavData_JPN > 'DEVICE' Menu: アクセス ポイント
[S]ReportLog >> test.Test_NavData_JPN > 'DEVICE' Menu: 設定
[S]ReportLog >> test.Test_NavData_JPN > 'DEVICE' Menu: ファームウェア管理
[S]ReportLog >> test.Test_NavData_JPN > 'DEVICE' Menu: フロア プランの表示
[S]ReportLog >> test.Test_NavData_JPN > 'DEVICE' Menu: ステーション状況
[S]ReportLog >> test.Test_NavData_JPN > 'DEVICE' Menu: IDS
[S]ReportLog >> test.Test_NavData_JPN > 'DEVICE' Menu: 高度な IDP
[S]ReportLog >> test.Test_NavData_JPN > 'DEVICE' Menu: パケット キャプチャ
[S]ReportLog >> test.Test_NavData_JPN > 'DEVICE' Menu: 仮想アクセス ポイント
[S]ReportLog >> test.Test_NavData_JPN > 'DEVICE' Menu: RF 監視
[S]ReportLog >> test.Test_NavData_JPN > 'DEVICE' Menu: RF 解析
[S]ReportLog >> test.Test_NavData_JPN > 'DEVICE' Menu: RF スペクトラム
[S]ReportLog >> test.Test_NavData_JPN > 'DEVICE' Menu: FairNet
[S]ReportLog >> test.Test_NavData_JPN > 'DEVICE' Menu: Wi-Fi マルチメディア
[S]ReportLog >> test.Test_NavData_JPN > 'DEVICE' Menu: 3G/4G/LTE WWAN
[S]ReportLog >> test.Test_NavData_JPN > 'DEVICE' Menu: Bluetooth LE
[S]ReportLog >> test.Test_NavData_JPN > 'DEVICE' Menu: 無線管理
[S]ReportLog >> test.Test_NavData_JPN > 'DEVICE' Menu: WWAN
[S]ReportLog >> test.Test_NavData_JPN > ========================================================================
[S]ReportLog >> test.Test_NavData_JPN > ========================================================================
[S]ReportLog >> test.Test_NavData_JPN > ALL MENU: 68
[S]ReportLog >> test.Test_NavData_JPN > Data updated for [JPN]!
[S]ReportLog >> test.Test_NavData_JPN > Top menu 'DEVICE' is done!
[S]ReportLog >> test.Test_NavData_JPN > 'NETWORK' Menu: システム
[S]ReportLog >> test.Test_NavData_JPN > 'NETWORK' Menu: インターフェース
[S]ReportLog >> test.Test_NavData_JPN > 'NETWORK' Menu: フェイルオーバーと負荷分散
[S]ReportLog >> test.Test_NavData_JPN > 'NETWORK' Menu: 近隣者検出
[S]ReportLog >> test.Test_NavData_JPN > 'NETWORK' Menu: ARP
[S]ReportLog >> test.Test_NavData_JPN > 'NETWORK' Menu: MAC IP アンチスプーフ
[S]ReportLog >> test.Test_NavData_JPN > 'NETWORK' Menu: ウェブ プロキシ
[S]ReportLog >> test.Test_NavData_JPN > 'NETWORK' Menu: PortShield グループ
[S]ReportLog >> test.Test_NavData_JPN > 'NETWORK' Menu: PoE 設定
[S]ReportLog >> test.Test_NavData_JPN > 'NETWORK' Menu: VLAN 変換
[S]ReportLog >> test.Test_NavData_JPN > 'NETWORK' Menu: IP ヘルパー
[S]ReportLog >> test.Test_NavData_JPN > 'NETWORK' Menu: 動的ルーティング
[S]ReportLog >> test.Test_NavData_JPN > 'NETWORK' Menu: DHCP サーバ
[S]ReportLog >> test.Test_NavData_JPN > 'NETWORK' Menu: マルチキャスト
[S]ReportLog >> test.Test_NavData_JPN > 'NETWORK' Menu: ネットワーク監視
[S]ReportLog >> test.Test_NavData_JPN > 'NETWORK' Menu: AWS 設定
[S]ReportLog >> test.Test_NavData_JPN > 'NETWORK' Menu: ファイアウォール
[S]ReportLog >> test.Test_NavData_JPN > 'NETWORK' Menu: 詳細
[S]ReportLog >> test.Test_NavData_JPN > 'NETWORK' Menu: フラッド防御
[S]ReportLog >> test.Test_NavData_JPN > 'NETWORK' Menu: SSL 制御
[S]ReportLog >> test.Test_NavData_JPN > 'NETWORK' Menu: 暗号化制御
[S]ReportLog >> test.Test_NavData_JPN > 'NETWORK' Menu: RBL フィルタ
[S]ReportLog >> test.Test_NavData_JPN > 'NETWORK' Menu: VoIP
[S]ReportLog >> test.Test_NavData_JPN > 'NETWORK' Menu: 設定
[S]ReportLog >> test.Test_NavData_JPN > 'NETWORK' Menu: 通話状況
[S]ReportLog >> test.Test_NavData_JPN > 'NETWORK' Menu: DNS
[S]ReportLog >> test.Test_NavData_JPN > 'NETWORK' Menu: 設定
[S]ReportLog >> test.Test_NavData_JPN > 'NETWORK' Menu: 動的 DNS
[S]ReportLog >> test.Test_NavData_JPN > 'NETWORK' Menu: DNS プロキシ
[S]ReportLog >> test.Test_NavData_JPN > 'NETWORK' Menu: DNS セキュリティ
[S]ReportLog >> test.Test_NavData_JPN > 'NETWORK' Menu: SDWAN
[S]ReportLog >> test.Test_NavData_JPN > 'NETWORK' Menu: グループ
[S]ReportLog >> test.Test_NavData_JPN > 'NETWORK' Menu: SLA プローブ
[S]ReportLog >> test.Test_NavData_JPN > 'NETWORK' Menu: SLA クラス オブジェクト
[S]ReportLog >> test.Test_NavData_JPN > 'NETWORK' Menu: パス選択プロファイル
[S]ReportLog >> test.Test_NavData_JPN > 'NETWORK' Menu: ルール
[S]ReportLog >> test.Test_NavData_JPN > 'NETWORK' Menu: IPSec VPN
[S]ReportLog >> test.Test_NavData_JPN > 'NETWORK' Menu: ルールと設定
[S]ReportLog >> test.Test_NavData_JPN > 'NETWORK' Menu: 詳細
[S]ReportLog >> test.Test_NavData_JPN > 'NETWORK' Menu: VPN を越えた DHCP
[S]ReportLog >> test.Test_NavData_JPN > 'NETWORK' Menu: L2TP サーバ
[S]ReportLog >> test.Test_NavData_JPN > 'NETWORK' Menu: AWS VPN
[S]ReportLog >> test.Test_NavData_JPN > 'NETWORK' Menu: SSL VPN
[S]ReportLog >> test.Test_NavData_JPN > 'NETWORK' Menu: 状況
[S]ReportLog >> test.Test_NavData_JPN > 'NETWORK' Menu: サーバ設定
[S]ReportLog >> test.Test_NavData_JPN > 'NETWORK' Menu: クライアント設定
[S]ReportLog >> test.Test_NavData_JPN > 'NETWORK' Menu: ポータル設定
[S]ReportLog >> test.Test_NavData_JPN > 'NETWORK' Menu: 仮想オフィス
[S]ReportLog >> test.Test_NavData_JPN > ========================================================================
[S]ReportLog >> test.Test_NavData_JPN > ========================================================================
[S]ReportLog >> test.Test_NavData_JPN > ALL MENU: 48
[S]ReportLog >> test.Test_NavData_JPN > Data updated for [JPN]!
[S]ReportLog >> test.Test_NavData_JPN > Top menu 'NETWORK' is done!
[S]ReportLog >> test.Test_NavData_JPN > 'OBJECT' Menu: 一致オブジェクト
[S]ReportLog >> test.Test_NavData_JPN > 'OBJECT' Menu: ゾーン
[S]ReportLog >> test.Test_NavData_JPN > 'OBJECT' Menu: アドレス
[S]ReportLog >> test.Test_NavData_JPN > 'OBJECT' Menu: サービス
[S]ReportLog >> test.Test_NavData_JPN > 'OBJECT' Menu: URI リスト
[S]ReportLog >> test.Test_NavData_JPN > 'OBJECT' Menu: 一致オブジェクト
[S]ReportLog >> test.Test_NavData_JPN > 'OBJECT' Menu: スケジュール
[S]ReportLog >> test.Test_NavData_JPN > 'OBJECT' Menu: 動的グループ
[S]ReportLog >> test.Test_NavData_JPN > 'OBJECT' Menu: 電子メール アドレス
[S]ReportLog >> test.Test_NavData_JPN > 'OBJECT' Menu: プロファイル オブジェクト
[S]ReportLog >> test.Test_NavData_JPN > 'OBJECT' Menu: エンドポイント セキュリティ
[S]ReportLog >> test.Test_NavData_JPN > 'OBJECT' Menu: 帯域幅
[S]ReportLog >> test.Test_NavData_JPN > 'OBJECT' Menu: QoS 級割
[S]ReportLog >> test.Test_NavData_JPN > 'OBJECT' Menu: コンテンツ フィルタ
[S]ReportLog >> test.Test_NavData_JPN > 'OBJECT' Menu: DHCP オプション
[S]ReportLog >> test.Test_NavData_JPN > 'OBJECT' Menu: AWS
[S]ReportLog >> test.Test_NavData_JPN > 'OBJECT' Menu: 動作オブジェクト
[S]ReportLog >> test.Test_NavData_JPN > 'OBJECT' Menu: アプリケーション ルールの動作
[S]ReportLog >> test.Test_NavData_JPN > 'OBJECT' Menu: コンテンツ フィルタの動作
[S]ReportLog >> test.Test_NavData_JPN > ========================================================================
[S]ReportLog >> test.Test_NavData_JPN > ========================================================================
[S]ReportLog >> test.Test_NavData_JPN > ALL MENU: 19
[S]ReportLog >> test.Test_NavData_JPN > Data updated for [JPN]!
[S]ReportLog >> test.Test_NavData_JPN > Top menu 'OBJECT' is done!
[S]ReportLog >> test.Test_NavData_JPN > 'POLICY' Menu: ルールとポリシー
[S]ReportLog >> test.Test_NavData_JPN > 'POLICY' Menu: アクセス ルール
[S]ReportLog >> test.Test_NavData_JPN > 'POLICY' Menu: NAT ルール
[S]ReportLog >> test.Test_NavData_JPN > 'POLICY' Menu: ルーティング ルール
[S]ReportLog >> test.Test_NavData_JPN > 'POLICY' Menu: コンテンツ フィルタ ルール
[S]ReportLog >> test.Test_NavData_JPN > 'POLICY' Menu: アプリケーション ルール
[S]ReportLog >> test.Test_NavData_JPN > 'POLICY' Menu: エンドポイント ルール
[S]ReportLog >> test.Test_NavData_JPN > 'POLICY' Menu: DPI-SSL
[S]ReportLog >> test.Test_NavData_JPN > 'POLICY' Menu: クライアント SSL
[S]ReportLog >> test.Test_NavData_JPN > 'POLICY' Menu: サーバ SSL
[S]ReportLog >> test.Test_NavData_JPN > 'POLICY' Menu: DPI-SSH
[S]ReportLog >> test.Test_NavData_JPN > 'POLICY' Menu: 設定
[S]ReportLog >> test.Test_NavData_JPN > 'POLICY' Menu: セキュリティ サービス
[S]ReportLog >> test.Test_NavData_JPN > 'POLICY' Menu: サマリ
[S]ReportLog >> test.Test_NavData_JPN > 'POLICY' Menu: ゲートウェイ アンチウイルス
[S]ReportLog >> test.Test_NavData_JPN > 'POLICY' Menu: アンチスパイウェア
[S]ReportLog >> test.Test_NavData_JPN > 'POLICY' Menu: 侵入防御
[S]ReportLog >> test.Test_NavData_JPN > 'POLICY' Menu: 地域 IP フィルタ
[S]ReportLog >> test.Test_NavData_JPN > 'POLICY' Menu: ボットネット フィルタ
[S]ReportLog >> test.Test_NavData_JPN > 'POLICY' Menu: アプリケーション制御
[S]ReportLog >> test.Test_NavData_JPN > 'POLICY' Menu: コンテンツ フィルタ
[S]ReportLog >> test.Test_NavData_JPN > 'POLICY' Menu: アンチスパム
[S]ReportLog >> test.Test_NavData_JPN > 'POLICY' Menu: 状況
[S]ReportLog >> test.Test_NavData_JPN > 'POLICY' Menu: 設定
[S]ReportLog >> test.Test_NavData_JPN > 'POLICY' Menu: リレー ドメイン
[S]ReportLog >> test.Test_NavData_JPN > 'POLICY' Menu: ジャンク ボックス メッセージ
[S]ReportLog >> test.Test_NavData_JPN > 'POLICY' Menu: ジャンク ボックス設定
[S]ReportLog >> test.Test_NavData_JPN > 'POLICY' Menu: ジャンク ボックス サマリ
[S]ReportLog >> test.Test_NavData_JPN > 'POLICY' Menu: ユーザ表示セットアップ
[S]ReportLog >> test.Test_NavData_JPN > 'POLICY' Menu: アドレス帳
[S]ReportLog >> test.Test_NavData_JPN > 'POLICY' Menu: ユーザ管理
[S]ReportLog >> test.Test_NavData_JPN > 'POLICY' Menu: LDAP 構成
[S]ReportLog >> test.Test_NavData_JPN > 'POLICY' Menu: 詳細
[S]ReportLog >> test.Test_NavData_JPN > 'POLICY' Menu: ダウンロード
[S]ReportLog >> test.Test_NavData_JPN > 'POLICY' Menu: キャプチャ ATP
[S]ReportLog >> test.Test_NavData_JPN > 'POLICY' Menu: 設定
[S]ReportLog >> test.Test_NavData_JPN > 'POLICY' Menu: スキャン履歴
[S]ReportLog >> test.Test_NavData_JPN > 'POLICY' Menu: エンドポイント セキュリティ
[S]ReportLog >> test.Test_NavData_JPN > ========================================================================
[S]ReportLog >> test.Test_NavData_JPN > ========================================================================
[S]ReportLog >> test.Test_NavData_JPN > ALL MENU: 38
[S]ReportLog >> test.Test_NavData_JPN > Data updated for [JPN]!
[S]ReportLog >> test.Test_NavData_JPN > Top menu 'POLICY' is done!
[S]ReportLog >> test.Test_NavData_JPN > Info created for [JPN]!
[S]ReportLog >> test.Test_NavData_JPN > Info updated for [JPN]!
[S]ReportLog >> test.Test_NavData_JPN > ********** Found new data: 3 **********]]>
  </system-out>
</testsuite> <!-- test.Test_NavData_JPN -->
