<?xml version="1.0" encoding="UTF-8"?>
<!-- Generated by org.testng.reporters.JUnitReportReporter -->
<testsuite hostname="g3771j3-khuang" failures="0" tests="2" name="test.Test_NavData_ENG" time="50.793" errors="0" timestamp="2022-07-25T13:11:07 CST" skipped="0">
  <testcase classname="test.Test_NavData_ENG" name="test_Step01_Login_ENG" time="2.820"/>
  <system-out>
    <![CDATA[[S]ReportLog >> test_Step01_Login_ENG > Login to main page...
[S]ReportLog >> test_Step01_Login_ENG > Preempt the box...]]>
  </system-out>
  <testcase classname="test.Test_NavData_ENG" name="test_Step02_MenuTop_ENG" time="47.973"/>
  <system-out>
    <![CDATA[[S]ReportLog >> test_Step02_MenuTop_ENG > Got info for [ENG]!
[S]ReportLog >> test.Test_NavData_ENG > 'HOME' has sub closed menu (2). Please wait...
[S]ReportLog >> test.Test_NavData_ENG > Legal Information
[S]ReportLog >> test.Test_NavData_ENG > API
[S]ReportLog >> test.Test_NavData_ENG > *************************************************
[S]ReportLog >> test.Test_NavData_ENG > >>>>>>>>>>>>>>>>>>>
[S]ReportLog >> test.Test_NavData_ENG > API is clicked!
[S]ReportLog >> test.Test_NavData_ENG > 'HOME' sub-menu API total: 0
[S]ReportLog >> test.Test_NavData_ENG > Menu Index: 6
[S]ReportLog >> test.Test_NavData_ENG > Add sub closed menu: API
[S]ReportLog >> test.Test_NavData_ENG > >>>>>>>>>>>>>>>>>>>
[S]ReportLog >> test.Test_NavData_ENG > Legal Information is clicked!
[S]ReportLog >> test.Test_NavData_ENG > 'HOME' sub-menu Legal Information total: 0
[S]ReportLog >> test.Test_NavData_ENG > Menu Index: 5
[S]ReportLog >> test.Test_NavData_ENG > Add sub closed menu: Legal Information
[S]ReportLog >> test.Test_NavData_ENG > +++++++++++++++++++++++++++++++++++++++++++++++++
[S]ReportLog >> test.Test_NavData_ENG > Add top opened menu: Dashboard
[S]ReportLog >> test.Test_NavData_ENG > Add top opened menu: System
[S]ReportLog >> test.Test_NavData_ENG > Add top opened menu: Access Points
[S]ReportLog >> test.Test_NavData_ENG > Add top opened menu: Capture ATP
[S]ReportLog >> test.Test_NavData_ENG > Add top opened menu: Topology
[S]ReportLog >> test.Test_NavData_ENG > @@@@@@@@@@@@@@@@@@@@@@@@@@@@@@@@@@@@@@@@@@@@@@@@@
[S]ReportLog >> test.Test_NavData_ENG > MENU: API
[S]ReportLog >> test.Test_NavData_ENG > MENU: Legal Information
[S]ReportLog >> test.Test_NavData_ENG > MENU: Dashboard
[S]ReportLog >> test.Test_NavData_ENG > MENU: System
[S]ReportLog >> test.Test_NavData_ENG > MENU: Access Points
[S]ReportLog >> test.Test_NavData_ENG > MENU: Capture ATP
[S]ReportLog >> test.Test_NavData_ENG > MENU: Topology
[S]ReportLog >> test.Test_NavData_ENG > ALL MENU: 7
[S]ReportLog >> test_Step02_MenuTop_ENG > Data created!
[S]ReportLog >> test_Step02_MenuTop_ENG > Data updated!
[S]ReportLog >> test_Step02_MenuTop_ENG > Top menu 'HOME' is done!
[S]ReportLog >> test.Test_NavData_ENG > 'MONITOR' has sub closed menu (4). Please wait...
[S]ReportLog >> test.Test_NavData_ENG > AppFlow
[S]ReportLog >> test.Test_NavData_ENG > SDWAN
[S]ReportLog >> test.Test_NavData_ENG > Logs
[S]ReportLog >> test.Test_NavData_ENG > Tools & Monitors
[S]ReportLog >> test.Test_NavData_ENG > *************************************************
[S]ReportLog >> test.Test_NavData_ENG > >>>>>>>>>>>>>>>>>>>
[S]ReportLog >> test.Test_NavData_ENG > Tools & Monitors is clicked!
[S]ReportLog >> test.Test_NavData_ENG > 'MONITOR' sub-menu Tools & Monitors total: 4
[S]ReportLog >> test.Test_NavData_ENG > Menu Index: 8
[S]ReportLog >> test.Test_NavData_ENG > Add sub closed menu: Tools & Monitors
[S]ReportLog >> test.Test_NavData_ENG > Menu Index: 9
[S]ReportLog >> test.Test_NavData_ENG > Add sub closed menu: Packet Monitor
[S]ReportLog >> test.Test_NavData_ENG > Menu Index: 10
[S]ReportLog >> test.Test_NavData_ENG > Add sub closed menu: Connections
[S]ReportLog >> test.Test_NavData_ENG > Menu Index: 11
[S]ReportLog >> test.Test_NavData_ENG > Add sub closed menu: Core 0 Processes
[S]ReportLog >> test.Test_NavData_ENG > Menu Index: 12
[S]ReportLog >> test.Test_NavData_ENG > Add sub closed menu: Packet Replay
[S]ReportLog >> test.Test_NavData_ENG > >>>>>>>>>>>>>>>>>>>
[S]ReportLog >> test.Test_NavData_ENG > Logs is clicked!
[S]ReportLog >> test.Test_NavData_ENG > 'MONITOR' sub-menu Logs total: 2
[S]ReportLog >> test.Test_NavData_ENG > Menu Index: 7
[S]ReportLog >> test.Test_NavData_ENG > Add sub closed menu: Logs
[S]ReportLog >> test.Test_NavData_ENG > Menu Index: 8
[S]ReportLog >> test.Test_NavData_ENG > Add sub closed menu: System Logs
[S]ReportLog >> test.Test_NavData_ENG > Menu Index: 9
[S]ReportLog >> test.Test_NavData_ENG > Add sub closed menu: Auditing Logs
[S]ReportLog >> test.Test_NavData_ENG > >>>>>>>>>>>>>>>>>>>
[S]ReportLog >> test.Test_NavData_ENG > SDWAN is clicked!
[S]ReportLog >> test.Test_NavData_ENG > 'MONITOR' sub-menu SDWAN total: 2
[S]ReportLog >> test.Test_NavData_ENG > Menu Index: 6
[S]ReportLog >> test.Test_NavData_ENG > Add sub closed menu: SDWAN
[S]ReportLog >> test.Test_NavData_ENG > Menu Index: 7
[S]ReportLog >> test.Test_NavData_ENG > Add sub closed menu: SDWAN Monitor
[S]ReportLog >> test.Test_NavData_ENG > Menu Index: 8
[S]ReportLog >> test.Test_NavData_ENG > Add sub closed menu: SD-WAN Connections
[S]ReportLog >> test.Test_NavData_ENG > >>>>>>>>>>>>>>>>>>>
[S]ReportLog >> test.Test_NavData_ENG > AppFlow is clicked!
[S]ReportLog >> test.Test_NavData_ENG > 'MONITOR' sub-menu AppFlow total: 3
[S]ReportLog >> test.Test_NavData_ENG > Menu Index: 5
[S]ReportLog >> test.Test_NavData_ENG > Add sub closed menu: AppFlow
[S]ReportLog >> test.Test_NavData_ENG > Menu Index: 6
[S]ReportLog >> test.Test_NavData_ENG > Add sub closed menu: AppFlow Report
[S]ReportLog >> test.Test_NavData_ENG > Menu Index: 7
[S]ReportLog >> test.Test_NavData_ENG > Add sub closed menu: AppFlow Monitor
[S]ReportLog >> test.Test_NavData_ENG > Menu Index: 8
[S]ReportLog >> test.Test_NavData_ENG > Add sub closed menu: CTA Report
[S]ReportLog >> test.Test_NavData_ENG > +++++++++++++++++++++++++++++++++++++++++++++++++
[S]ReportLog >> test.Test_NavData_ENG > Add top opened menu: Real-Time Charts
[S]ReportLog >> test.Test_NavData_ENG > Add top opened menu: System Monitor
[S]ReportLog >> test.Test_NavData_ENG > Add top opened menu: Protocol Monitor
[S]ReportLog >> test.Test_NavData_ENG > Add top opened menu: User Monitor
[S]ReportLog >> test.Test_NavData_ENG > Add top opened menu: BWM Monitor
[S]ReportLog >> test.Test_NavData_ENG > @@@@@@@@@@@@@@@@@@@@@@@@@@@@@@@@@@@@@@@@@@@@@@@@@
[S]ReportLog >> test.Test_NavData_ENG > MENU: Tools & Monitors
[S]ReportLog >> test.Test_NavData_ENG > MENU: Packet Monitor
[S]ReportLog >> test.Test_NavData_ENG > MENU: Connections
[S]ReportLog >> test.Test_NavData_ENG > MENU: Core 0 Processes
[S]ReportLog >> test.Test_NavData_ENG > MENU: Packet Replay
[S]ReportLog >> test.Test_NavData_ENG > MENU: Logs
[S]ReportLog >> test.Test_NavData_ENG > MENU: System Logs
[S]ReportLog >> test.Test_NavData_ENG > MENU: Auditing Logs
[S]ReportLog >> test.Test_NavData_ENG > MENU: SDWAN
[S]ReportLog >> test.Test_NavData_ENG > MENU: SDWAN Monitor
[S]ReportLog >> test.Test_NavData_ENG > MENU: SD-WAN Connections
[S]ReportLog >> test.Test_NavData_ENG > MENU: AppFlow
[S]ReportLog >> test.Test_NavData_ENG > MENU: AppFlow Report
[S]ReportLog >> test.Test_NavData_ENG > MENU: AppFlow Monitor
[S]ReportLog >> test.Test_NavData_ENG > MENU: CTA Report
[S]ReportLog >> test.Test_NavData_ENG > MENU: Real-Time Charts
[S]ReportLog >> test.Test_NavData_ENG > MENU: System Monitor
[S]ReportLog >> test.Test_NavData_ENG > MENU: Protocol Monitor
[S]ReportLog >> test.Test_NavData_ENG > MENU: User Monitor
[S]ReportLog >> test.Test_NavData_ENG > MENU: BWM Monitor
[S]ReportLog >> test.Test_NavData_ENG > ALL MENU: 20
[S]ReportLog >> test_Step02_MenuTop_ENG > Data updated!
[S]ReportLog >> test_Step02_MenuTop_ENG > Top menu 'MONITOR' is done!
[S]ReportLog >> test.Test_NavData_ENG > 'DEVICE' has sub closed menu (8). Please wait...
[S]ReportLog >> test.Test_NavData_ENG > High Availability
[S]ReportLog >> test.Test_NavData_ENG > Users
[S]ReportLog >> test.Test_NavData_ENG > AppFlow
[S]ReportLog >> test.Test_NavData_ENG > Log
[S]ReportLog >> test.Test_NavData_ENG > Diagnostics
[S]ReportLog >> test.Test_NavData_ENG > Switch Network
[S]ReportLog >> test.Test_NavData_ENG > Access Points
[S]ReportLog >> test.Test_NavData_ENG > WWAN
[S]ReportLog >> test.Test_NavData_ENG > *************************************************
[S]ReportLog >> test.Test_NavData_ENG > >>>>>>>>>>>>>>>>>>>
[S]ReportLog >> test.Test_NavData_ENG > WWAN is clicked!
[S]ReportLog >> test.Test_NavData_ENG > 'DEVICE' sub-menu WWAN total: 0
[S]ReportLog >> test.Test_NavData_ENG > Menu Index: 16
[S]ReportLog >> test.Test_NavData_ENG > Add sub closed menu: WWAN
[S]ReportLog >> test.Test_NavData_ENG > >>>>>>>>>>>>>>>>>>>
[S]ReportLog >> test.Test_NavData_ENG > Access Points is clicked!
[S]ReportLog >> test.Test_NavData_ENG > 'DEVICE' sub-menu Access Points total: 16
[S]ReportLog >> test.Test_NavData_ENG > Menu Index: 15
[S]ReportLog >> test.Test_NavData_ENG > Add sub closed menu: Access Points
[S]ReportLog >> test.Test_NavData_ENG > Menu Index: 16
[S]ReportLog >> test.Test_NavData_ENG > Add sub closed menu: Settings
[S]ReportLog >> test.Test_NavData_ENG > Menu Index: 17
[S]ReportLog >> test.Test_NavData_ENG > Add sub closed menu: Firmware Management
[S]ReportLog >> test.Test_NavData_ENG > Menu Index: 18
[S]ReportLog >> test.Test_NavData_ENG > Add sub closed menu: Floor Plan View
[S]ReportLog >> test.Test_NavData_ENG > Menu Index: 19
[S]ReportLog >> test.Test_NavData_ENG > Add sub closed menu: Station Status
[S]ReportLog >> test.Test_NavData_ENG > Menu Index: 20
[S]ReportLog >> test.Test_NavData_ENG > Add sub closed menu: IDS
[S]ReportLog >> test.Test_NavData_ENG > Menu Index: 21
[S]ReportLog >> test.Test_NavData_ENG > Add sub closed menu: Advanced IDP
[S]ReportLog >> test.Test_NavData_ENG > Menu Index: 22
[S]ReportLog >> test.Test_NavData_ENG > Add sub closed menu: Packet Capture
[S]ReportLog >> test.Test_NavData_ENG > Menu Index: 23
[S]ReportLog >> test.Test_NavData_ENG > Add sub closed menu: Virtual Access Point
[S]ReportLog >> test.Test_NavData_ENG > Menu Index: 24
[S]ReportLog >> test.Test_NavData_ENG > Add sub closed menu: RF Monitoring
[S]ReportLog >> test.Test_NavData_ENG > Menu Index: 25
[S]ReportLog >> test.Test_NavData_ENG > Add sub closed menu: RF Analysis
[S]ReportLog >> test.Test_NavData_ENG > Menu Index: 26
[S]ReportLog >> test.Test_NavData_ENG > Add sub closed menu: RF Spectrum
[S]ReportLog >> test.Test_NavData_ENG > Menu Index: 27
[S]ReportLog >> test.Test_NavData_ENG > Add sub closed menu: FairNet
[S]ReportLog >> test.Test_NavData_ENG > Menu Index: 28
[S]ReportLog >> test.Test_NavData_ENG > Add sub closed menu: Wi-Fi Multimedia
[S]ReportLog >> test.Test_NavData_ENG > Menu Index: 29
[S]ReportLog >> test.Test_NavData_ENG > Add sub closed menu: 3G/4G/LTE WWAN
[S]ReportLog >> test.Test_NavData_ENG > Menu Index: 30
[S]ReportLog >> test.Test_NavData_ENG > Add sub closed menu: Bluetooth LE
[S]ReportLog >> test.Test_NavData_ENG > Menu Index: 31
[S]ReportLog >> test.Test_NavData_ENG > Add sub closed menu: Radio Management
[S]ReportLog >> test.Test_NavData_ENG > >>>>>>>>>>>>>>>>>>>
[S]ReportLog >> test.Test_NavData_ENG > Switch Network is clicked!
[S]ReportLog >> test.Test_NavData_ENG > 'DEVICE' sub-menu Switch Network total: 2
[S]ReportLog >> test.Test_NavData_ENG > Menu Index: 14
[S]ReportLog >> test.Test_NavData_ENG > Add sub closed menu: Switch Network
[S]ReportLog >> test.Test_NavData_ENG > Menu Index: 15
[S]ReportLog >> test.Test_NavData_ENG > Add sub closed menu: Overview
[S]ReportLog >> test.Test_NavData_ENG > Menu Index: 16
[S]ReportLog >> test.Test_NavData_ENG > Add sub closed menu: Switches
[S]ReportLog >> test.Test_NavData_ENG > >>>>>>>>>>>>>>>>>>>
[S]ReportLog >> test.Test_NavData_ENG > Diagnostics is clicked!
[S]ReportLog >> test.Test_NavData_ENG > 'DEVICE' sub-menu Diagnostics total: 15
[S]ReportLog >> test.Test_NavData_ENG > Menu Index: 13
[S]ReportLog >> test.Test_NavData_ENG > Add sub closed menu: Diagnostics
[S]ReportLog >> test.Test_NavData_ENG > Menu Index: 14
[S]ReportLog >> test.Test_NavData_ENG > Add sub closed menu: Tech Support Report
[S]ReportLog >> test.Test_NavData_ENG > Menu Index: 15
[S]ReportLog >> test.Test_NavData_ENG > Add sub closed menu: Check Network Settings
[S]ReportLog >> test.Test_NavData_ENG > Menu Index: 16
[S]ReportLog >> test.Test_NavData_ENG > Add sub closed menu: DNS Name Lookup
[S]ReportLog >> test.Test_NavData_ENG > Menu Index: 17
[S]ReportLog >> test.Test_NavData_ENG > Add sub closed menu: Network Path
[S]ReportLog >> test.Test_NavData_ENG > Menu Index: 18
[S]ReportLog >> test.Test_NavData_ENG > Add sub closed menu: Ping
[S]ReportLog >> test.Test_NavData_ENG > Menu Index: 19
[S]ReportLog >> test.Test_NavData_ENG > Add sub closed menu: Trace Route
[S]ReportLog >> test.Test_NavData_ENG > Menu Index: 20
[S]ReportLog >> test.Test_NavData_ENG > Add sub closed menu: Real-Time Blacklist
[S]ReportLog >> test.Test_NavData_ENG > Menu Index: 21
[S]ReportLog >> test.Test_NavData_ENG > Add sub closed menu: Reverse Name Lookup
[S]ReportLog >> test.Test_NavData_ENG > Menu Index: 22
[S]ReportLog >> test.Test_NavData_ENG > Add sub closed menu: Connection TopX
[S]ReportLog >> test.Test_NavData_ENG > Menu Index: 23
[S]ReportLog >> test.Test_NavData_ENG > Add sub closed menu: Geo and Botnet
[S]ReportLog >> test.Test_NavData_ENG > Menu Index: 24
[S]ReportLog >> test.Test_NavData_ENG > Add sub closed menu: MX and Banner
[S]ReportLog >> test.Test_NavData_ENG > Menu Index: 25
[S]ReportLog >> test.Test_NavData_ENG > Add sub closed menu: GRID Check
[S]ReportLog >> test.Test_NavData_ENG > Menu Index: 26
[S]ReportLog >> test.Test_NavData_ENG > Add sub closed menu: URL Rating Request
[S]ReportLog >> test.Test_NavData_ENG > Menu Index: 27
[S]ReportLog >> test.Test_NavData_ENG > Add sub closed menu: PMTU Discovery
[S]ReportLog >> test.Test_NavData_ENG > Menu Index: 28
[S]ReportLog >> test.Test_NavData_ENG > Add sub closed menu: Switch Diagnostics
[S]ReportLog >> test.Test_NavData_ENG > >>>>>>>>>>>>>>>>>>>
[S]ReportLog >> test.Test_NavData_ENG > Log is clicked!
[S]ReportLog >> test.Test_NavData_ENG > 'DEVICE' sub-menu Log total: 6
[S]ReportLog >> test.Test_NavData_ENG > Menu Index: 12
[S]ReportLog >> test.Test_NavData_ENG > Add sub closed menu: Log
[S]ReportLog >> test.Test_NavData_ENG > Menu Index: 13
[S]ReportLog >> test.Test_NavData_ENG > Add sub closed menu: Settings
[S]ReportLog >> test.Test_NavData_ENG > Menu Index: 14
[S]ReportLog >> test.Test_NavData_ENG > Add sub closed menu: Syslog
[S]ReportLog >> test.Test_NavData_ENG > Menu Index: 15
[S]ReportLog >> test.Test_NavData_ENG > Add sub closed menu: Automation
[S]ReportLog >> test.Test_NavData_ENG > Menu Index: 16
[S]ReportLog >> test.Test_NavData_ENG > Add sub closed menu: Name Resolution
[S]ReportLog >> test.Test_NavData_ENG > Menu Index: 17
[S]ReportLog >> test.Test_NavData_ENG > Add sub closed menu: Reports
[S]ReportLog >> test.Test_NavData_ENG > Menu Index: 18
[S]ReportLog >> test.Test_NavData_ENG > Add sub closed menu: AWS
[S]ReportLog >> test.Test_NavData_ENG > >>>>>>>>>>>>>>>>>>>
[S]ReportLog >> test.Test_NavData_ENG > AppFlow is clicked!
[S]ReportLog >> test.Test_NavData_ENG > 'DEVICE' sub-menu AppFlow total: 2
[S]ReportLog >> test.Test_NavData_ENG > Menu Index: 11
[S]ReportLog >> test.Test_NavData_ENG > Add sub closed menu: AppFlow
[S]ReportLog >> test.Test_NavData_ENG > Menu Index: 12
[S]ReportLog >> test.Test_NavData_ENG > Add sub closed menu: Flow Reporting
[S]ReportLog >> test.Test_NavData_ENG > Menu Index: 13
[S]ReportLog >> test.Test_NavData_ENG > Add sub closed menu: AppFlow Agent
[S]ReportLog >> test.Test_NavData_ENG > >>>>>>>>>>>>>>>>>>>
[S]ReportLog >> test.Test_NavData_ENG > Users is clicked!
[S]ReportLog >> test.Test_NavData_ENG > 'DEVICE' sub-menu Users total: 6
[S]ReportLog >> test.Test_NavData_ENG > Menu Index: 10
[S]ReportLog >> test.Test_NavData_ENG > Add sub closed menu: Users
[S]ReportLog >> test.Test_NavData_ENG > Menu Index: 11
[S]ReportLog >> test.Test_NavData_ENG > Add sub closed menu: Status
[S]ReportLog >> test.Test_NavData_ENG > Menu Index: 12
[S]ReportLog >> test.Test_NavData_ENG > Add sub closed menu: Settings
[S]ReportLog >> test.Test_NavData_ENG > Menu Index: 13
[S]ReportLog >> test.Test_NavData_ENG > Add sub closed menu: Local Users & Groups
[S]ReportLog >> test.Test_NavData_ENG > Menu Index: 14
[S]ReportLog >> test.Test_NavData_ENG > Add sub closed menu: Guest Services
[S]ReportLog >> test.Test_NavData_ENG > Menu Index: 15
[S]ReportLog >> test.Test_NavData_ENG > Add sub closed menu: Guest Accounts
[S]ReportLog >> test.Test_NavData_ENG > Menu Index: 16
[S]ReportLog >> test.Test_NavData_ENG > Add sub closed menu: Guest Status
[S]ReportLog >> test.Test_NavData_ENG > >>>>>>>>>>>>>>>>>>>
[S]ReportLog >> test.Test_NavData_ENG > High Availability is clicked!
[S]ReportLog >> test.Test_NavData_ENG > 'DEVICE' sub-menu High Availability total: 4
[S]ReportLog >> test.Test_NavData_ENG > Menu Index: 9
[S]ReportLog >> test.Test_NavData_ENG > Add sub closed menu: High Availability
[S]ReportLog >> test.Test_NavData_ENG > Menu Index: 10
[S]ReportLog >> test.Test_NavData_ENG > Add sub closed menu: Status
[S]ReportLog >> test.Test_NavData_ENG > Menu Index: 11
[S]ReportLog >> test.Test_NavData_ENG > Add sub closed menu: Settings
[S]ReportLog >> test.Test_NavData_ENG > Menu Index: 12
[S]ReportLog >> test.Test_NavData_ENG > Add sub closed menu: Advanced
[S]ReportLog >> test.Test_NavData_ENG > Menu Index: 13
[S]ReportLog >> test.Test_NavData_ENG > Add sub closed menu: Monitoring
[S]ReportLog >> test.Test_NavData_ENG > +++++++++++++++++++++++++++++++++++++++++++++++++
[S]ReportLog >> test.Test_NavData_ENG > Add top opened menu: Settings
[S]ReportLog >> test.Test_NavData_ENG > Add top opened menu: Licenses
[S]ReportLog >> test.Test_NavData_ENG > Add top opened menu: Administration
[S]ReportLog >> test.Test_NavData_ENG > Add top opened menu: Time
[S]ReportLog >> test.Test_NavData_ENG > Add top opened menu: Certificates
[S]ReportLog >> test.Test_NavData_ENG > Add top opened menu: SNMP
[S]ReportLog >> test.Test_NavData_ENG > Add top opened menu: Firmware and Settings
[S]ReportLog >> test.Test_NavData_ENG > Add top opened menu: Storage
[S]ReportLog >> test.Test_NavData_ENG > Add top opened menu: Restart
[S]ReportLog >> test.Test_NavData_ENG > @@@@@@@@@@@@@@@@@@@@@@@@@@@@@@@@@@@@@@@@@@@@@@@@@
[S]ReportLog >> test.Test_NavData_ENG > MENU: WWAN
[S]ReportLog >> test.Test_NavData_ENG > MENU: Access Points
[S]ReportLog >> test.Test_NavData_ENG > MENU: Settings
[S]ReportLog >> test.Test_NavData_ENG > MENU: Firmware Management
[S]ReportLog >> test.Test_NavData_ENG > MENU: Floor Plan View
[S]ReportLog >> test.Test_NavData_ENG > MENU: Station Status
[S]ReportLog >> test.Test_NavData_ENG > MENU: IDS
[S]ReportLog >> test.Test_NavData_ENG > MENU: Advanced IDP
[S]ReportLog >> test.Test_NavData_ENG > MENU: Packet Capture
[S]ReportLog >> test.Test_NavData_ENG > MENU: Virtual Access Point
[S]ReportLog >> test.Test_NavData_ENG > MENU: RF Monitoring
[S]ReportLog >> test.Test_NavData_ENG > MENU: RF Analysis
[S]ReportLog >> test.Test_NavData_ENG > MENU: RF Spectrum
[S]ReportLog >> test.Test_NavData_ENG > MENU: FairNet
[S]ReportLog >> test.Test_NavData_ENG > MENU: Wi-Fi Multimedia
[S]ReportLog >> test.Test_NavData_ENG > MENU: 3G/4G/LTE WWAN
[S]ReportLog >> test.Test_NavData_ENG > MENU: Bluetooth LE
[S]ReportLog >> test.Test_NavData_ENG > MENU: Radio Management
[S]ReportLog >> test.Test_NavData_ENG > MENU: Switch Network
[S]ReportLog >> test.Test_NavData_ENG > MENU: Overview
[S]ReportLog >> test.Test_NavData_ENG > MENU: Switches
[S]ReportLog >> test.Test_NavData_ENG > MENU: Diagnostics
[S]ReportLog >> test.Test_NavData_ENG > MENU: Tech Support Report
[S]ReportLog >> test.Test_NavData_ENG > MENU: Check Network Settings
[S]ReportLog >> test.Test_NavData_ENG > MENU: DNS Name Lookup
[S]ReportLog >> test.Test_NavData_ENG > MENU: Network Path
[S]ReportLog >> test.Test_NavData_ENG > MENU: Ping
[S]ReportLog >> test.Test_NavData_ENG > MENU: Trace Route
[S]ReportLog >> test.Test_NavData_ENG > MENU: Real-Time Blacklist
[S]ReportLog >> test.Test_NavData_ENG > MENU: Reverse Name Lookup
[S]ReportLog >> test.Test_NavData_ENG > MENU: Connection TopX
[S]ReportLog >> test.Test_NavData_ENG > MENU: Geo and Botnet
[S]ReportLog >> test.Test_NavData_ENG > MENU: MX and Banner
[S]ReportLog >> test.Test_NavData_ENG > MENU: GRID Check
[S]ReportLog >> test.Test_NavData_ENG > MENU: URL Rating Request
[S]ReportLog >> test.Test_NavData_ENG > MENU: PMTU Discovery
[S]ReportLog >> test.Test_NavData_ENG > MENU: Switch Diagnostics
[S]ReportLog >> test.Test_NavData_ENG > MENU: Log
[S]ReportLog >> test.Test_NavData_ENG > MENU: Settings
[S]ReportLog >> test.Test_NavData_ENG > MENU: Syslog
[S]ReportLog >> test.Test_NavData_ENG > MENU: Automation
[S]ReportLog >> test.Test_NavData_ENG > MENU: Name Resolution
[S]ReportLog >> test.Test_NavData_ENG > MENU: Reports
[S]ReportLog >> test.Test_NavData_ENG > MENU: AWS
[S]ReportLog >> test.Test_NavData_ENG > MENU: AppFlow
[S]ReportLog >> test.Test_NavData_ENG > MENU: Flow Reporting
[S]ReportLog >> test.Test_NavData_ENG > MENU: AppFlow Agent
[S]ReportLog >> test.Test_NavData_ENG > MENU: Users
[S]ReportLog >> test.Test_NavData_ENG > MENU: Status
[S]ReportLog >> test.Test_NavData_ENG > MENU: Settings
[S]ReportLog >> test.Test_NavData_ENG > MENU: Local Users & Groups
[S]ReportLog >> test.Test_NavData_ENG > MENU: Guest Services
[S]ReportLog >> test.Test_NavData_ENG > MENU: Guest Accounts
[S]ReportLog >> test.Test_NavData_ENG > MENU: Guest Status
[S]ReportLog >> test.Test_NavData_ENG > MENU: High Availability
[S]ReportLog >> test.Test_NavData_ENG > MENU: Status
[S]ReportLog >> test.Test_NavData_ENG > MENU: Settings
[S]ReportLog >> test.Test_NavData_ENG > MENU: Advanced
[S]ReportLog >> test.Test_NavData_ENG > MENU: Monitoring
[S]ReportLog >> test.Test_NavData_ENG > MENU: Settings (TOP)
[S]ReportLog >> test.Test_NavData_ENG > MENU: Licenses
[S]ReportLog >> test.Test_NavData_ENG > MENU: Administration
[S]ReportLog >> test.Test_NavData_ENG > MENU: Time
[S]ReportLog >> test.Test_NavData_ENG > MENU: Certificates
[S]ReportLog >> test.Test_NavData_ENG > MENU: SNMP
[S]ReportLog >> test.Test_NavData_ENG > MENU: Firmware and Settings
[S]ReportLog >> test.Test_NavData_ENG > MENU: Storage
[S]ReportLog >> test.Test_NavData_ENG > MENU: Restart
[S]ReportLog >> test.Test_NavData_ENG > ALL MENU: 68
[S]ReportLog >> test_Step02_MenuTop_ENG > Data updated!
[S]ReportLog >> test_Step02_MenuTop_ENG > Top menu 'DEVICE' is done!
[S]ReportLog >> test.Test_NavData_ENG > 'NETWORK' has sub closed menu (6). Please wait...
[S]ReportLog >> test.Test_NavData_ENG > Firewall
[S]ReportLog >> test.Test_NavData_ENG > VoIP
[S]ReportLog >> test.Test_NavData_ENG > DNS
[S]ReportLog >> test.Test_NavData_ENG > SDWAN
[S]ReportLog >> test.Test_NavData_ENG > IPSec VPN
[S]ReportLog >> test.Test_NavData_ENG > SSL VPN
[S]ReportLog >> test.Test_NavData_ENG > *************************************************
[S]ReportLog >> test.Test_NavData_ENG > >>>>>>>>>>>>>>>>>>>
[S]ReportLog >> test.Test_NavData_ENG > SSL VPN is clicked!
[S]ReportLog >> test.Test_NavData_ENG > 'NETWORK' sub-menu SSL VPN total: 5
[S]ReportLog >> test.Test_NavData_ENG > Menu Index: 21
[S]ReportLog >> test.Test_NavData_ENG > Add sub closed menu: SSL VPN
[S]ReportLog >> test.Test_NavData_ENG > Menu Index: 22
[S]ReportLog >> test.Test_NavData_ENG > Add sub closed menu: Status
[S]ReportLog >> test.Test_NavData_ENG > Menu Index: 23
[S]ReportLog >> test.Test_NavData_ENG > Add sub closed menu: Server Settings
[S]ReportLog >> test.Test_NavData_ENG > Menu Index: 24
[S]ReportLog >> test.Test_NavData_ENG > Add sub closed menu: Client Settings
[S]ReportLog >> test.Test_NavData_ENG > Menu Index: 25
[S]ReportLog >> test.Test_NavData_ENG > Add sub closed menu: Portal Settings
[S]ReportLog >> test.Test_NavData_ENG > Menu Index: 26
[S]ReportLog >> test.Test_NavData_ENG > Add sub closed menu: Virtual Office
[S]ReportLog >> test.Test_NavData_ENG > >>>>>>>>>>>>>>>>>>>
[S]ReportLog >> test.Test_NavData_ENG > IPSec VPN is clicked!
[S]ReportLog >> test.Test_NavData_ENG > 'NETWORK' sub-menu IPSec VPN total: 5
[S]ReportLog >> test.Test_NavData_ENG > Menu Index: 20
[S]ReportLog >> test.Test_NavData_ENG > Add sub closed menu: IPSec VPN
[S]ReportLog >> test.Test_NavData_ENG > Menu Index: 21
[S]ReportLog >> test.Test_NavData_ENG > Add sub closed menu: Rules and Settings
[S]ReportLog >> test.Test_NavData_ENG > Menu Index: 22
[S]ReportLog >> test.Test_NavData_ENG > Add sub closed menu: Advanced
[S]ReportLog >> test.Test_NavData_ENG > Menu Index: 23
[S]ReportLog >> test.Test_NavData_ENG > Add sub closed menu: DHCP over VPN
[S]ReportLog >> test.Test_NavData_ENG > Menu Index: 24
[S]ReportLog >> test.Test_NavData_ENG > Add sub closed menu: L2TP Server
[S]ReportLog >> test.Test_NavData_ENG > Menu Index: 25
[S]ReportLog >> test.Test_NavData_ENG > Add sub closed menu: AWS VPN
[S]ReportLog >> test.Test_NavData_ENG > >>>>>>>>>>>>>>>>>>>
[S]ReportLog >> test.Test_NavData_ENG > SDWAN is clicked!
[S]ReportLog >> test.Test_NavData_ENG > 'NETWORK' sub-menu SDWAN total: 5
[S]ReportLog >> test.Test_NavData_ENG > Menu Index: 19
[S]ReportLog >> test.Test_NavData_ENG > Add sub closed menu: SDWAN
[S]ReportLog >> test.Test_NavData_ENG > Menu Index: 20
[S]ReportLog >> test.Test_NavData_ENG > Add sub closed menu: Groups
[S]ReportLog >> test.Test_NavData_ENG > Menu Index: 21
[S]ReportLog >> test.Test_NavData_ENG > Add sub closed menu: SLA Probes
[S]ReportLog >> test.Test_NavData_ENG > Menu Index: 22
[S]ReportLog >> test.Test_NavData_ENG > Add sub closed menu: SLA Class Objects
[S]ReportLog >> test.Test_NavData_ENG > Menu Index: 23
[S]ReportLog >> test.Test_NavData_ENG > Add sub closed menu: Path Selection Profiles
[S]ReportLog >> test.Test_NavData_ENG > Menu Index: 24
[S]ReportLog >> test.Test_NavData_ENG > Add sub closed menu: Rules
[S]ReportLog >> test.Test_NavData_ENG > >>>>>>>>>>>>>>>>>>>
[S]ReportLog >> test.Test_NavData_ENG > DNS is clicked!
[S]ReportLog >> test.Test_NavData_ENG > 'NETWORK' sub-menu DNS total: 4
[S]ReportLog >> test.Test_NavData_ENG > Menu Index: 18
[S]ReportLog >> test.Test_NavData_ENG > Add sub closed menu: DNS
[S]ReportLog >> test.Test_NavData_ENG > Menu Index: 19
[S]ReportLog >> test.Test_NavData_ENG > Add sub closed menu: Settings
[S]ReportLog >> test.Test_NavData_ENG > Menu Index: 20
[S]ReportLog >> test.Test_NavData_ENG > Add sub closed menu: Dynamic DNS
[S]ReportLog >> test.Test_NavData_ENG > Menu Index: 21
[S]ReportLog >> test.Test_NavData_ENG > Add sub closed menu: DNS Proxy
[S]ReportLog >> test.Test_NavData_ENG > Menu Index: 22
[S]ReportLog >> test.Test_NavData_ENG > Add sub closed menu: DNS Security
[S]ReportLog >> test.Test_NavData_ENG > >>>>>>>>>>>>>>>>>>>
[S]ReportLog >> test.Test_NavData_ENG > VoIP is clicked!
[S]ReportLog >> test.Test_NavData_ENG > 'NETWORK' sub-menu VoIP total: 2
[S]ReportLog >> test.Test_NavData_ENG > Menu Index: 17
[S]ReportLog >> test.Test_NavData_ENG > Add sub closed menu: VoIP
[S]ReportLog >> test.Test_NavData_ENG > Menu Index: 18
[S]ReportLog >> test.Test_NavData_ENG > Add sub closed menu: Settings
[S]ReportLog >> test.Test_NavData_ENG > Menu Index: 19
[S]ReportLog >> test.Test_NavData_ENG > Add sub closed menu: Call Status
[S]ReportLog >> test.Test_NavData_ENG > >>>>>>>>>>>>>>>>>>>
[S]ReportLog >> test.Test_NavData_ENG > Firewall is clicked!
[S]ReportLog >> test.Test_NavData_ENG > 'NETWORK' sub-menu Firewall total: 5
[S]ReportLog >> test.Test_NavData_ENG > Menu Index: 16
[S]ReportLog >> test.Test_NavData_ENG > Add sub closed menu: Firewall
[S]ReportLog >> test.Test_NavData_ENG > Menu Index: 17
[S]ReportLog >> test.Test_NavData_ENG > Add sub closed menu: Advanced
[S]ReportLog >> test.Test_NavData_ENG > Menu Index: 18
[S]ReportLog >> test.Test_NavData_ENG > Add sub closed menu: Flood Protection
[S]ReportLog >> test.Test_NavData_ENG > Menu Index: 19
[S]ReportLog >> test.Test_NavData_ENG > Add sub closed menu: SSL Control
[S]ReportLog >> test.Test_NavData_ENG > Menu Index: 20
[S]ReportLog >> test.Test_NavData_ENG > Add sub closed menu: Cipher Control
[S]ReportLog >> test.Test_NavData_ENG > Menu Index: 21
[S]ReportLog >> test.Test_NavData_ENG > Add sub closed menu: RBL Filter
[S]ReportLog >> test.Test_NavData_ENG > +++++++++++++++++++++++++++++++++++++++++++++++++
[S]ReportLog >> test.Test_NavData_ENG > Add top opened menu: System
[S]ReportLog >> test.Test_NavData_ENG > Add top opened menu: Interfaces
[S]ReportLog >> test.Test_NavData_ENG > Add top opened menu: Failover & LB
[S]ReportLog >> test.Test_NavData_ENG > Add top opened menu: Neighbor Discovery
[S]ReportLog >> test.Test_NavData_ENG > Add top opened menu: ARP
[S]ReportLog >> test.Test_NavData_ENG > Add top opened menu: MAC IP Anti-Spoof
[S]ReportLog >> test.Test_NavData_ENG > Add top opened menu: Web Proxy
[S]ReportLog >> test.Test_NavData_ENG > Add top opened menu: PortShield Groups
[S]ReportLog >> test.Test_NavData_ENG > Add top opened menu: PoE Settings
[S]ReportLog >> test.Test_NavData_ENG > Add top opened menu: VLAN Translation
[S]ReportLog >> test.Test_NavData_ENG > Add top opened menu: IP Helper
[S]ReportLog >> test.Test_NavData_ENG > Add top opened menu: Dynamic Routing
[S]ReportLog >> test.Test_NavData_ENG > Add top opened menu: DHCP Server
[S]ReportLog >> test.Test_NavData_ENG > Add top opened menu: Multicast
[S]ReportLog >> test.Test_NavData_ENG > Add top opened menu: Network Monitor
[S]ReportLog >> test.Test_NavData_ENG > Add top opened menu: AWS Configuration
[S]ReportLog >> test.Test_NavData_ENG > @@@@@@@@@@@@@@@@@@@@@@@@@@@@@@@@@@@@@@@@@@@@@@@@@
[S]ReportLog >> test.Test_NavData_ENG > MENU: SSL VPN
[S]ReportLog >> test.Test_NavData_ENG > MENU: Status
[S]ReportLog >> test.Test_NavData_ENG > MENU: Server Settings
[S]ReportLog >> test.Test_NavData_ENG > MENU: Client Settings
[S]ReportLog >> test.Test_NavData_ENG > MENU: Portal Settings
[S]ReportLog >> test.Test_NavData_ENG > MENU: Virtual Office
[S]ReportLog >> test.Test_NavData_ENG > MENU: IPSec VPN
[S]ReportLog >> test.Test_NavData_ENG > MENU: Rules and Settings
[S]ReportLog >> test.Test_NavData_ENG > MENU: Advanced
[S]ReportLog >> test.Test_NavData_ENG > MENU: DHCP over VPN
[S]ReportLog >> test.Test_NavData_ENG > MENU: L2TP Server
[S]ReportLog >> test.Test_NavData_ENG > MENU: AWS VPN
[S]ReportLog >> test.Test_NavData_ENG > MENU: SDWAN
[S]ReportLog >> test.Test_NavData_ENG > MENU: Groups
[S]ReportLog >> test.Test_NavData_ENG > MENU: SLA Probes
[S]ReportLog >> test.Test_NavData_ENG > MENU: SLA Class Objects
[S]ReportLog >> test.Test_NavData_ENG > MENU: Path Selection Profiles
[S]ReportLog >> test.Test_NavData_ENG > MENU: Rules
[S]ReportLog >> test.Test_NavData_ENG > MENU: DNS
[S]ReportLog >> test.Test_NavData_ENG > MENU: Settings
[S]ReportLog >> test.Test_NavData_ENG > MENU: Dynamic DNS
[S]ReportLog >> test.Test_NavData_ENG > MENU: DNS Proxy
[S]ReportLog >> test.Test_NavData_ENG > MENU: DNS Security
[S]ReportLog >> test.Test_NavData_ENG > MENU: VoIP
[S]ReportLog >> test.Test_NavData_ENG > MENU: Settings
[S]ReportLog >> test.Test_NavData_ENG > MENU: Call Status
[S]ReportLog >> test.Test_NavData_ENG > MENU: Firewall
[S]ReportLog >> test.Test_NavData_ENG > MENU: Advanced
[S]ReportLog >> test.Test_NavData_ENG > MENU: Flood Protection
[S]ReportLog >> test.Test_NavData_ENG > MENU: SSL Control
[S]ReportLog >> test.Test_NavData_ENG > MENU: Cipher Control
[S]ReportLog >> test.Test_NavData_ENG > MENU: RBL Filter
[S]ReportLog >> test.Test_NavData_ENG > MENU: System
[S]ReportLog >> test.Test_NavData_ENG > MENU: Interfaces
[S]ReportLog >> test.Test_NavData_ENG > MENU: Failover & LB
[S]ReportLog >> test.Test_NavData_ENG > MENU: Neighbor Discovery
[S]ReportLog >> test.Test_NavData_ENG > MENU: ARP
[S]ReportLog >> test.Test_NavData_ENG > MENU: MAC IP Anti-Spoof
[S]ReportLog >> test.Test_NavData_ENG > MENU: Web Proxy
[S]ReportLog >> test.Test_NavData_ENG > MENU: PortShield Groups
[S]ReportLog >> test.Test_NavData_ENG > MENU: PoE Settings
[S]ReportLog >> test.Test_NavData_ENG > MENU: VLAN Translation
[S]ReportLog >> test.Test_NavData_ENG > MENU: IP Helper
[S]ReportLog >> test.Test_NavData_ENG > MENU: Dynamic Routing
[S]ReportLog >> test.Test_NavData_ENG > MENU: DHCP Server
[S]ReportLog >> test.Test_NavData_ENG > MENU: Multicast
[S]ReportLog >> test.Test_NavData_ENG > MENU: Network Monitor
[S]ReportLog >> test.Test_NavData_ENG > MENU: AWS Configuration
[S]ReportLog >> test.Test_NavData_ENG > ALL MENU: 48
[S]ReportLog >> test_Step02_MenuTop_ENG > Data updated!
[S]ReportLog >> test_Step02_MenuTop_ENG > Top menu 'NETWORK' is done!
[S]ReportLog >> test.Test_NavData_ENG > 'OBJECT' has sub closed menu (2). Please wait...
[S]ReportLog >> test.Test_NavData_ENG > Profile Objects
[S]ReportLog >> test.Test_NavData_ENG > Action Objects
[S]ReportLog >> test.Test_NavData_ENG > *************************************************
[S]ReportLog >> test.Test_NavData_ENG > >>>>>>>>>>>>>>>>>>>
[S]ReportLog >> test.Test_NavData_ENG > Action Objects is clicked!
[S]ReportLog >> test.Test_NavData_ENG > 'OBJECT' sub-menu Action Objects total: 2
[S]ReportLog >> test.Test_NavData_ENG > Menu Index: 10
[S]ReportLog >> test.Test_NavData_ENG > Add sub closed menu: Action Objects
[S]ReportLog >> test.Test_NavData_ENG > Menu Index: 11
[S]ReportLog >> test.Test_NavData_ENG > Add sub closed menu: App Rule Actions
[S]ReportLog >> test.Test_NavData_ENG > Menu Index: 12
[S]ReportLog >> test.Test_NavData_ENG > Add sub closed menu: Content Filter Actions
[S]ReportLog >> test.Test_NavData_ENG > >>>>>>>>>>>>>>>>>>>
[S]ReportLog >> test.Test_NavData_ENG > Profile Objects is clicked!
[S]ReportLog >> test.Test_NavData_ENG > 'OBJECT' sub-menu Profile Objects total: 6
[S]ReportLog >> test.Test_NavData_ENG > Menu Index: 9
[S]ReportLog >> test.Test_NavData_ENG > Add sub closed menu: Profile Objects
[S]ReportLog >> test.Test_NavData_ENG > Menu Index: 10
[S]ReportLog >> test.Test_NavData_ENG > Add sub closed menu: Endpoint Security
[S]ReportLog >> test.Test_NavData_ENG > Menu Index: 11
[S]ReportLog >> test.Test_NavData_ENG > Add sub closed menu: Bandwidth
[S]ReportLog >> test.Test_NavData_ENG > Menu Index: 12
[S]ReportLog >> test.Test_NavData_ENG > Add sub closed menu: QoS Marking
[S]ReportLog >> test.Test_NavData_ENG > Menu Index: 13
[S]ReportLog >> test.Test_NavData_ENG > Add sub closed menu: Content Filter
[S]ReportLog >> test.Test_NavData_ENG > Menu Index: 14
[S]ReportLog >> test.Test_NavData_ENG > Add sub closed menu: DHCP Option
[S]ReportLog >> test.Test_NavData_ENG > Menu Index: 15
[S]ReportLog >> test.Test_NavData_ENG > Add sub closed menu: AWS
[S]ReportLog >> test.Test_NavData_ENG > +++++++++++++++++++++++++++++++++++++++++++++++++
[S]ReportLog >> test.Test_NavData_ENG > Add top opened menu: Match Objects
[S]ReportLog >> test.Test_NavData_ENG > Add top opened menu: Zones
[S]ReportLog >> test.Test_NavData_ENG > Add top opened menu: Addresses
[S]ReportLog >> test.Test_NavData_ENG > Add top opened menu: Services
[S]ReportLog >> test.Test_NavData_ENG > Add top opened menu: URI Lists
[S]ReportLog >> test.Test_NavData_ENG > Add top opened menu: Match Objects
[S]ReportLog >> test.Test_NavData_ENG > Add top opened menu: Schedules
[S]ReportLog >> test.Test_NavData_ENG > Add top opened menu: Dynamic Group
[S]ReportLog >> test.Test_NavData_ENG > Add top opened menu: Email Addresses
[S]ReportLog >> test.Test_NavData_ENG > @@@@@@@@@@@@@@@@@@@@@@@@@@@@@@@@@@@@@@@@@@@@@@@@@
[S]ReportLog >> test.Test_NavData_ENG > MENU: Action Objects
[S]ReportLog >> test.Test_NavData_ENG > MENU: App Rule Actions
[S]ReportLog >> test.Test_NavData_ENG > MENU: Content Filter Actions
[S]ReportLog >> test.Test_NavData_ENG > MENU: Profile Objects
[S]ReportLog >> test.Test_NavData_ENG > MENU: Endpoint Security
[S]ReportLog >> test.Test_NavData_ENG > MENU: Bandwidth
[S]ReportLog >> test.Test_NavData_ENG > MENU: QoS Marking
[S]ReportLog >> test.Test_NavData_ENG > MENU: Content Filter
[S]ReportLog >> test.Test_NavData_ENG > MENU: DHCP Option
[S]ReportLog >> test.Test_NavData_ENG > MENU: AWS
[S]ReportLog >> test.Test_NavData_ENG > MENU: Match Objects
[S]ReportLog >> test.Test_NavData_ENG > MENU: Zones
[S]ReportLog >> test.Test_NavData_ENG > MENU: Addresses
[S]ReportLog >> test.Test_NavData_ENG > MENU: Services
[S]ReportLog >> test.Test_NavData_ENG > MENU: URI Lists
[S]ReportLog >> test.Test_NavData_ENG > MENU: Match Objects
[S]ReportLog >> test.Test_NavData_ENG > MENU: Schedules
[S]ReportLog >> test.Test_NavData_ENG > MENU: Dynamic Group
[S]ReportLog >> test.Test_NavData_ENG > MENU: Email Addresses
[S]ReportLog >> test.Test_NavData_ENG > ALL MENU: 19
[S]ReportLog >> test_Step02_MenuTop_ENG > Data updated!
[S]ReportLog >> test_Step02_MenuTop_ENG > Top menu 'OBJECT' is done!
[S]ReportLog >> test.Test_NavData_ENG > 'POLICY' has sub closed menu (6). Please wait...
[S]ReportLog >> test.Test_NavData_ENG > DPI-SSL
[S]ReportLog >> test.Test_NavData_ENG > DPI-SSH
[S]ReportLog >> test.Test_NavData_ENG > Security Services
[S]ReportLog >> test.Test_NavData_ENG > Anti-Spam
[S]ReportLog >> test.Test_NavData_ENG > Capture ATP
[S]ReportLog >> test.Test_NavData_ENG > Endpoint Security
[S]ReportLog >> test.Test_NavData_ENG > *************************************************
[S]ReportLog >> test.Test_NavData_ENG > >>>>>>>>>>>>>>>>>>>
[S]ReportLog >> test.Test_NavData_ENG > Endpoint Security is clicked!
[S]ReportLog >> test.Test_NavData_ENG > 'POLICY' sub-menu Endpoint Security total: 0
[S]ReportLog >> test.Test_NavData_ENG > Menu Index: 12
[S]ReportLog >> test.Test_NavData_ENG > Add sub closed menu: Endpoint Security
[S]ReportLog >> test.Test_NavData_ENG > >>>>>>>>>>>>>>>>>>>
[S]ReportLog >> test.Test_NavData_ENG > Capture ATP is clicked!
[S]ReportLog >> test.Test_NavData_ENG > 'POLICY' sub-menu Capture ATP total: 2
[S]ReportLog >> test.Test_NavData_ENG > Menu Index: 11
[S]ReportLog >> test.Test_NavData_ENG > Add sub closed menu: Capture ATP
[S]ReportLog >> test.Test_NavData_ENG > Menu Index: 12
[S]ReportLog >> test.Test_NavData_ENG > Add sub closed menu: Settings
[S]ReportLog >> test.Test_NavData_ENG > Menu Index: 13
[S]ReportLog >> test.Test_NavData_ENG > Add sub closed menu: Scanning History
[S]ReportLog >> test.Test_NavData_ENG > >>>>>>>>>>>>>>>>>>>
[S]ReportLog >> test.Test_NavData_ENG > Anti-Spam is clicked!
[S]ReportLog >> test.Test_NavData_ENG > 'POLICY' sub-menu Anti-Spam total: 2
[S]ReportLog >> test.Test_NavData_ENG > Menu Index: 10
[S]ReportLog >> test.Test_NavData_ENG > Add sub closed menu: Anti-Spam
[S]ReportLog >> test.Test_NavData_ENG > Menu Index: 11
[S]ReportLog >> test.Test_NavData_ENG > Add sub closed menu: Status
[S]ReportLog >> test.Test_NavData_ENG > Menu Index: 12
[S]ReportLog >> test.Test_NavData_ENG > Add sub closed menu: Settings
[S]ReportLog >> test.Test_NavData_ENG > >>>>>>>>>>>>>>>>>>>
[S]ReportLog >> test.Test_NavData_ENG > Security Services is clicked!
[S]ReportLog >> test.Test_NavData_ENG > 'POLICY' sub-menu Security Services total: 8
[S]ReportLog >> test.Test_NavData_ENG > Menu Index: 9
[S]ReportLog >> test.Test_NavData_ENG > Add sub closed menu: Security Services
[S]ReportLog >> test.Test_NavData_ENG > Menu Index: 10
[S]ReportLog >> test.Test_NavData_ENG > Add sub closed menu: Summary
[S]ReportLog >> test.Test_NavData_ENG > Menu Index: 11
[S]ReportLog >> test.Test_NavData_ENG > Add sub closed menu: Gateway Anti-Virus
[S]ReportLog >> test.Test_NavData_ENG > Menu Index: 12
[S]ReportLog >> test.Test_NavData_ENG > Add sub closed menu: Anti-Spyware
[S]ReportLog >> test.Test_NavData_ENG > Menu Index: 13
[S]ReportLog >> test.Test_NavData_ENG > Add sub closed menu: Intrusion Prevention
[S]ReportLog >> test.Test_NavData_ENG > Menu Index: 14
[S]ReportLog >> test.Test_NavData_ENG > Add sub closed menu: Geo-IP Filter
[S]ReportLog >> test.Test_NavData_ENG > Menu Index: 15
[S]ReportLog >> test.Test_NavData_ENG > Add sub closed menu: Botnet Filter
[S]ReportLog >> test.Test_NavData_ENG > Menu Index: 16
[S]ReportLog >> test.Test_NavData_ENG > Add sub closed menu: App Control
[S]ReportLog >> test.Test_NavData_ENG > Menu Index: 17
[S]ReportLog >> test.Test_NavData_ENG > Add sub closed menu: Content Filter
[S]ReportLog >> test.Test_NavData_ENG > >>>>>>>>>>>>>>>>>>>
[S]ReportLog >> test.Test_NavData_ENG > DPI-SSH is clicked!
[S]ReportLog >> test.Test_NavData_ENG > 'POLICY' sub-menu DPI-SSH total: 1
[S]ReportLog >> test.Test_NavData_ENG > Menu Index: 8
[S]ReportLog >> test.Test_NavData_ENG > Add sub closed menu: DPI-SSH
[S]ReportLog >> test.Test_NavData_ENG > Menu Index: 9
[S]ReportLog >> test.Test_NavData_ENG > Add sub closed menu: Settings
[S]ReportLog >> test.Test_NavData_ENG > >>>>>>>>>>>>>>>>>>>
[S]ReportLog >> test.Test_NavData_ENG > DPI-SSL is clicked!
[S]ReportLog >> test.Test_NavData_ENG > 'POLICY' sub-menu DPI-SSL total: 2
[S]ReportLog >> test.Test_NavData_ENG > Menu Index: 7
[S]ReportLog >> test.Test_NavData_ENG > Add sub closed menu: DPI-SSL
[S]ReportLog >> test.Test_NavData_ENG > Menu Index: 8
[S]ReportLog >> test.Test_NavData_ENG > Add sub closed menu: Client SSL
[S]ReportLog >> test.Test_NavData_ENG > Menu Index: 9
[S]ReportLog >> test.Test_NavData_ENG > Add sub closed menu: Server SSL
[S]ReportLog >> test.Test_NavData_ENG > +++++++++++++++++++++++++++++++++++++++++++++++++
[S]ReportLog >> test.Test_NavData_ENG > Add top opened menu: Rules and Policies
[S]ReportLog >> test.Test_NavData_ENG > Add top opened menu: Access Rules
[S]ReportLog >> test.Test_NavData_ENG > Add top opened menu: NAT Rules
[S]ReportLog >> test.Test_NavData_ENG > Add top opened menu: Routing Rules
[S]ReportLog >> test.Test_NavData_ENG > Add top opened menu: Content Filter Rules
[S]ReportLog >> test.Test_NavData_ENG > Add top opened menu: App Rules
[S]ReportLog >> test.Test_NavData_ENG > Add top opened menu: Endpoint Rules
[S]ReportLog >> test.Test_NavData_ENG > @@@@@@@@@@@@@@@@@@@@@@@@@@@@@@@@@@@@@@@@@@@@@@@@@
[S]ReportLog >> test.Test_NavData_ENG > MENU: Endpoint Security
[S]ReportLog >> test.Test_NavData_ENG > MENU: Capture ATP
[S]ReportLog >> test.Test_NavData_ENG > MENU: Settings
[S]ReportLog >> test.Test_NavData_ENG > MENU: Scanning History
[S]ReportLog >> test.Test_NavData_ENG > MENU: Anti-Spam
[S]ReportLog >> test.Test_NavData_ENG > MENU: Status
[S]ReportLog >> test.Test_NavData_ENG > MENU: Settings
[S]ReportLog >> test.Test_NavData_ENG > MENU: Security Services
[S]ReportLog >> test.Test_NavData_ENG > MENU: Summary
[S]ReportLog >> test.Test_NavData_ENG > MENU: Gateway Anti-Virus
[S]ReportLog >> test.Test_NavData_ENG > MENU: Anti-Spyware
[S]ReportLog >> test.Test_NavData_ENG > MENU: Intrusion Prevention
[S]ReportLog >> test.Test_NavData_ENG > MENU: Geo-IP Filter
[S]ReportLog >> test.Test_NavData_ENG > MENU: Botnet Filter
[S]ReportLog >> test.Test_NavData_ENG > MENU: App Control
[S]ReportLog >> test.Test_NavData_ENG > MENU: Content Filter
[S]ReportLog >> test.Test_NavData_ENG > MENU: DPI-SSH
[S]ReportLog >> test.Test_NavData_ENG > MENU: Settings
[S]ReportLog >> test.Test_NavData_ENG > MENU: DPI-SSL
[S]ReportLog >> test.Test_NavData_ENG > MENU: Client SSL
[S]ReportLog >> test.Test_NavData_ENG > MENU: Server SSL
[S]ReportLog >> test.Test_NavData_ENG > MENU: Rules and Policies
[S]ReportLog >> test.Test_NavData_ENG > MENU: Access Rules
[S]ReportLog >> test.Test_NavData_ENG > MENU: NAT Rules
[S]ReportLog >> test.Test_NavData_ENG > MENU: Routing Rules
[S]ReportLog >> test.Test_NavData_ENG > MENU: Content Filter Rules
[S]ReportLog >> test.Test_NavData_ENG > MENU: App Rules
[S]ReportLog >> test.Test_NavData_ENG > MENU: Endpoint Rules
[S]ReportLog >> test.Test_NavData_ENG > ALL MENU: 28
[S]ReportLog >> test_Step02_MenuTop_ENG > Data updated!
[S]ReportLog >> test_Step02_MenuTop_ENG > Top menu 'POLICY' is done!]]>
  </system-out>
</testsuite> <!-- test.Test_NavData_ENG -->
