<?xml version="1.0" encoding="UTF-8"?>
<!-- Generated by org.testng.reporters.JUnitReportReporter -->
<testsuite hostname="g3771j3-khuang" failures="0" tests="1" name="test.Test_vsDATA_JE" time="0.086" errors="0" timestamp="2023-01-10T16:37:24 CST" skipped="0">
  <testcase classname="test.Test_vsDATA_JE" name="test_dataCompare" time="0.086"/>
  <system-out>
    <![CDATA[[S]ReportLog >> box_JPN > Got data!
[S]ReportLog >> box_ENG > Got data!
[S]ReportLog >> test_dataCompare > Ready to start...
[S]ReportLog >> test_dataCompare > --------------------------------------------------------------------
[S]ReportLog >> test_dataCompare > [JPN] info: Device Name -----> NSA 2700
[S]ReportLog >> test_dataCompare > [JPN] info: Serial Number ---> 2CB8EDBA2F98
[S]ReportLog >> test_dataCompare > [JPN] info: Firmware Version > SonicOS 7.0.1-5104-R3844-j3888
[S]ReportLog >> test_dataCompare > --------------------------------------------------------------------
[S]ReportLog >> test_dataCompare > [ENG] info: Device Name -----> TZ 570P
[S]ReportLog >> test_dataCompare > [ENG] info: Serial Number ---> 2CB8ED694D58
[S]ReportLog >> test_dataCompare > [ENG] info: Firmware Version > SonicOS 7.0.1-5104-P3848
[S]ReportLog >> test_dataCompare > --------------------------------------------------------------------
[S]ReportLog >> missing_page > [ENG] version missing: DEVICE > Users > Partitions
[S]ReportLog >> missing_page > [JPN] version missing: NETWORK > System > PoE Settings
[S]ReportLog >> missing_page > [ENG] version missing: NETWORK > Switching
[S]ReportLog >> missing_page > [ENG] version missing: NETWORK > Switching > VLAN Trunking
[S]ReportLog >> missing_page > [ENG] version missing: NETWORK > Switching > L2 Discovery
[S]ReportLog >> missing_page > [ENG] version missing: NETWORK > Switching > Link Aggregation
[S]ReportLog >> missing_page > [ENG] version missing: NETWORK > Switching > Port Mirroring]]>
  </system-out>
</testsuite> <!-- test.Test_vsDATA_JE -->
